Warning: you requested the nanomsg event logger, but bmv2 was compiled without -DBMELOG, and the event logger cannot be activated
Calling target program-options parser
[10:15:36.488] [bmv2] [D] [thread 4937] Set default default entry for table 'MyIngress.direct_forward_with_tunnel': NoAction - 
[10:15:36.488] [bmv2] [D] [thread 4937] Set default default entry for table 'MyIngress.decap_forward_with_tunnel': NoAction - 
[10:15:36.488] [bmv2] [D] [thread 4937] Set default default entry for table 'MyIngress.direct_multicast': NoAction - 
[10:15:36.488] [bmv2] [D] [thread 4937] Set default default entry for table 'MyIngress.decap_multicast': NoAction - 
[10:15:36.488] [bmv2] [D] [thread 4937] Set default default entry for table 'MyIngress.direct_forward_without_tunnel': NoAction - 
[10:15:36.488] [bmv2] [D] [thread 4937] Set default default entry for table 'tbl_act': act - 
[10:15:36.488] [bmv2] [D] [thread 4937] Set default default entry for table 'tbl_act_0': act_0 - 
[10:15:36.488] [bmv2] [D] [thread 4937] Set default default entry for table 'tbl_your_pipeline221': your_pipeline221 - 
[10:15:36.488] [bmv2] [D] [thread 4937] Set default default entry for table 'MyIngress.ecmp_group': NoAction - 
[10:15:36.488] [bmv2] [D] [thread 4937] Set default default entry for table 'tbl_act_1': act_1 - 
[10:15:36.488] [bmv2] [D] [thread 4937] Set default default entry for table 'tbl_act_2': act_2 - 
[10:15:36.488] [bmv2] [D] [thread 4937] Set default default entry for table 'tbl_your_pipeline221_0': your_pipeline221_0 - 
[10:15:36.488] [bmv2] [D] [thread 4937] Set default default entry for table 'MyIngress.ecmp_forward': NoAction - 
[10:15:36.488] [bmv2] [D] [thread 4937] Set default default entry for table 'MyIngress.encap_forward_with_tunnel': NoAction - 
[10:15:36.488] [bmv2] [D] [thread 4937] Set default default entry for table 'tbl_act_3': act_3 - 
[10:15:36.488] [bmv2] [D] [thread 4937] Set default default entry for table 'tbl_act_4': act_4 - 
[10:15:36.488] [bmv2] [D] [thread 4937] Set default default entry for table 'MyIngress.encap_multicast': NoAction - 
[10:15:36.488] [bmv2] [D] [thread 4937] Set default default entry for table 'MyIngress.table_ipv4': MyIngress.decrease_ipv4_ttl - 
[10:15:36.505] [bmv2] [D] [thread 4937] Set default default entry for table 'MyEgress.encap_multicast_egress_decap': MyEgress.encap_multicast_egress_decap_act - 
Adding interface s1-eth1 as port 1
[10:15:36.511] [bmv2] [D] [thread 4937] Adding interface s1-eth1 as port 1
Adding interface s1-eth2 as port 2
[10:15:36.602] [bmv2] [D] [thread 4937] Adding interface s1-eth2 as port 2
Adding interface s1-eth3 as port 3
[10:15:36.677] [bmv2] [D] [thread 4937] Adding interface s1-eth3 as port 3
Adding interface s1-eth4 as port 4
[10:15:36.769] [bmv2] [D] [thread 4937] Adding interface s1-eth4 as port 4
Adding interface s1-cpu-eth0 as port 5
[10:15:36.837] [bmv2] [D] [thread 4937] Adding interface s1-cpu-eth0 as port 5
[10:15:36.908] [bmv2] [I] [thread 4937] Starting Thrift server on port 9090
[10:15:36.913] [bmv2] [I] [thread 4937] Thrift server was started
[10:15:39.536] [bmv2] [D] [thread 4943] [0.0] [cxt 0] Processing packet received on port 1
[10:15:39.536] [bmv2] [D] [thread 4943] [0.0] [cxt 0] Parser 'parser': start
[10:15:39.536] [bmv2] [D] [thread 4943] [0.0] [cxt 0] Parser 'parser' entering state 'start'
[10:15:39.536] [bmv2] [D] [thread 4943] [0.0] [cxt 0] Extracting header 'ethernet_1'
[10:15:39.536] [bmv2] [D] [thread 4943] [0.0] [cxt 0] Parser state 'start': key is 86dd
[10:15:39.536] [bmv2] [T] [thread 4943] [0.0] [cxt 0] Bytes parsed: 14
[10:15:39.536] [bmv2] [D] [thread 4943] [0.0] [cxt 0] Parser 'parser': end
[10:15:39.536] [bmv2] [D] [thread 4943] [0.0] [cxt 0] Pipeline 'ingress': start
[10:15:39.536] [bmv2] [T] [thread 4943] [0.0] [cxt 0] p4src/your_pipeline.p4(211) Condition "hdr.tunnel.isValid()" (node_2) is false
[10:15:39.536] [bmv2] [T] [thread 4943] [0.0] [cxt 0] Applying table 'MyIngress.direct_forward_without_tunnel'
[10:15:39.536] [bmv2] [D] [thread 4943] [0.0] [cxt 0] Looking up key:
* standard_metadata.ingress_port: 0001
* hdr.ethernet_1.dstAddr        : 333300000002

[10:15:39.537] [bmv2] [D] [thread 4943] [0.0] [cxt 0] Table 'MyIngress.direct_forward_without_tunnel': miss
[10:15:39.537] [bmv2] [D] [thread 4943] [0.0] [cxt 0] Action entry is NoAction - 
[10:15:39.537] [bmv2] [T] [thread 4943] [0.0] [cxt 0] Action NoAction
[10:15:39.537] [bmv2] [T] [thread 4943] [0.0] [cxt 0] Applying table 'tbl_act_0'
[10:15:39.537] [bmv2] [D] [thread 4943] [0.0] [cxt 0] Looking up key:

[10:15:39.537] [bmv2] [D] [thread 4943] [0.0] [cxt 0] Table 'tbl_act_0': miss
[10:15:39.537] [bmv2] [D] [thread 4943] [0.0] [cxt 0] Action entry is act_0 - 
[10:15:39.537] [bmv2] [T] [thread 4943] [0.0] [cxt 0] Action act_0
[10:15:39.537] [bmv2] [T] [thread 4943] [0.0] [cxt 0] Primitive (no source info)
[10:15:39.537] [bmv2] [T] [thread 4943] [0.0] [cxt 0] Condition "node_11" (node_11) is false
[10:15:39.537] [bmv2] [T] [thread 4943] [0.0] [cxt 0] p4src/your_pipeline.p4(221) Condition "hdr.tcp.isValid()" (node_12) is true
[10:15:39.537] [bmv2] [T] [thread 4943] [0.0] [cxt 0] Applying table 'tbl_your_pipeline221'
[10:15:39.537] [bmv2] [D] [thread 4943] [0.0] [cxt 0] Looking up key:

[10:15:39.537] [bmv2] [D] [thread 4943] [0.0] [cxt 0] Table 'tbl_your_pipeline221': miss
[10:15:39.537] [bmv2] [D] [thread 4943] [0.0] [cxt 0] Action entry is your_pipeline221 - 
[10:15:39.537] [bmv2] [T] [thread 4943] [0.0] [cxt 0] Action your_pipeline221
[10:15:39.537] [bmv2] [T] [thread 4943] [0.0] [cxt 0] p4src/your_pipeline.p4(221) Primitive hdr.tcp.isValid() && ecmp_group.apply().hit
[10:15:39.537] [bmv2] [T] [thread 4943] [0.0] [cxt 0] Condition "node_18" (node_18) is false
[10:15:39.537] [bmv2] [T] [thread 4943] [0.0] [cxt 0] Applying table 'MyIngress.encap_forward_with_tunnel'
[10:15:39.537] [bmv2] [D] [thread 4943] [0.0] [cxt 0] Looking up key:
* standard_metadata.ingress_port: 0001
* hdr.ethernet_1.dstAddr        : 333300000002

[10:15:39.537] [bmv2] [D] [thread 4943] [0.0] [cxt 0] Table 'MyIngress.encap_forward_with_tunnel': miss
[10:15:39.537] [bmv2] [D] [thread 4943] [0.0] [cxt 0] Action entry is NoAction - 
[10:15:39.537] [bmv2] [T] [thread 4943] [0.0] [cxt 0] Action NoAction
[10:15:39.537] [bmv2] [T] [thread 4943] [0.0] [cxt 0] Applying table 'tbl_act_4'
[10:15:39.537] [bmv2] [D] [thread 4943] [0.0] [cxt 0] Looking up key:

[10:15:39.537] [bmv2] [D] [thread 4943] [0.0] [cxt 0] Table 'tbl_act_4': miss
[10:15:39.537] [bmv2] [D] [thread 4943] [0.0] [cxt 0] Action entry is act_4 - 
[10:15:39.537] [bmv2] [T] [thread 4943] [0.0] [cxt 0] Action act_4
[10:15:39.537] [bmv2] [T] [thread 4943] [0.0] [cxt 0] Primitive (no source info)
[10:15:39.537] [bmv2] [T] [thread 4943] [0.0] [cxt 0] Condition "node_23" (node_23) is false
[10:15:39.537] [bmv2] [T] [thread 4943] [0.0] [cxt 0] Applying table 'MyIngress.encap_multicast'
[10:15:39.537] [bmv2] [D] [thread 4943] [0.0] [cxt 0] Looking up key:
* standard_metadata.ingress_port: 0001

[10:15:39.537] [bmv2] [D] [thread 4943] [0.0] [cxt 0] Table 'MyIngress.encap_multicast': miss
[10:15:39.537] [bmv2] [D] [thread 4943] [0.0] [cxt 0] Action entry is NoAction - 
[10:15:39.537] [bmv2] [T] [thread 4943] [0.0] [cxt 0] Action NoAction
[10:15:39.537] [bmv2] [T] [thread 4943] [0.0] [cxt 0] p4src/your_pipeline.p4(225) Condition "hdr.ipv4.isValid()" (node_25) is false
[10:15:39.537] [bmv2] [D] [thread 4943] [0.0] [cxt 0] Pipeline 'ingress': end
[10:15:39.537] [bmv2] [D] [thread 4943] [0.0] [cxt 0] Egress port is 0
[10:15:39.537] [bmv2] [D] [thread 4944] [0.0] [cxt 0] Pipeline 'egress': start
[10:15:39.537] [bmv2] [T] [thread 4944] [0.0] [cxt 0] p4src/your_pipeline.p4(257) Condition "hdr.tunnel.isValid()" (node_29) is false
[10:15:39.538] [bmv2] [D] [thread 4944] [0.0] [cxt 0] Pipeline 'egress': end
[10:15:39.538] [bmv2] [D] [thread 4944] [0.0] [cxt 0] Deparser 'deparser': start
[10:15:39.538] [bmv2] [T] [thread 4944] [0.0] [cxt 0] Skipping checksum 'cksum' update because condition not met
[10:15:39.538] [bmv2] [D] [thread 4944] [0.0] [cxt 0] Deparsing header 'ethernet_1'
[10:15:39.538] [bmv2] [D] [thread 4944] [0.0] [cxt 0] Deparser 'deparser': end
[10:15:39.538] [bmv2] [D] [thread 4948] [0.0] [cxt 0] Transmitting packet of size 70 out of port 0
[10:15:39.556] [bmv2] [D] [thread 4943] [1.0] [cxt 0] Processing packet received on port 2
[10:15:39.556] [bmv2] [D] [thread 4943] [1.0] [cxt 0] Parser 'parser': start
[10:15:39.556] [bmv2] [D] [thread 4943] [1.0] [cxt 0] Parser 'parser' entering state 'start'
[10:15:39.556] [bmv2] [D] [thread 4943] [1.0] [cxt 0] Extracting header 'ethernet_1'
[10:15:39.556] [bmv2] [D] [thread 4943] [1.0] [cxt 0] Parser state 'start': key is 86dd
[10:15:39.556] [bmv2] [T] [thread 4943] [1.0] [cxt 0] Bytes parsed: 14
[10:15:39.556] [bmv2] [D] [thread 4943] [1.0] [cxt 0] Parser 'parser': end
[10:15:39.556] [bmv2] [D] [thread 4943] [1.0] [cxt 0] Pipeline 'ingress': start
[10:15:39.556] [bmv2] [T] [thread 4943] [1.0] [cxt 0] p4src/your_pipeline.p4(211) Condition "hdr.tunnel.isValid()" (node_2) is false
[10:15:39.556] [bmv2] [T] [thread 4943] [1.0] [cxt 0] Applying table 'MyIngress.direct_forward_without_tunnel'
[10:15:39.556] [bmv2] [D] [thread 4943] [1.0] [cxt 0] Looking up key:
* standard_metadata.ingress_port: 0002
* hdr.ethernet_1.dstAddr        : 333300000002

[10:15:39.556] [bmv2] [D] [thread 4943] [1.0] [cxt 0] Table 'MyIngress.direct_forward_without_tunnel': miss
[10:15:39.556] [bmv2] [D] [thread 4943] [1.0] [cxt 0] Action entry is NoAction - 
[10:15:39.556] [bmv2] [T] [thread 4943] [1.0] [cxt 0] Action NoAction
[10:15:39.556] [bmv2] [T] [thread 4943] [1.0] [cxt 0] Applying table 'tbl_act_0'
[10:15:39.556] [bmv2] [D] [thread 4943] [1.0] [cxt 0] Looking up key:

[10:15:39.556] [bmv2] [D] [thread 4943] [1.0] [cxt 0] Table 'tbl_act_0': miss
[10:15:39.556] [bmv2] [D] [thread 4943] [1.0] [cxt 0] Action entry is act_0 - 
[10:15:39.556] [bmv2] [T] [thread 4943] [1.0] [cxt 0] Action act_0
[10:15:39.556] [bmv2] [T] [thread 4943] [1.0] [cxt 0] Primitive (no source info)
[10:15:39.556] [bmv2] [T] [thread 4943] [1.0] [cxt 0] Condition "node_11" (node_11) is false
[10:15:39.556] [bmv2] [T] [thread 4943] [1.0] [cxt 0] p4src/your_pipeline.p4(221) Condition "hdr.tcp.isValid()" (node_12) is true
[10:15:39.556] [bmv2] [T] [thread 4943] [1.0] [cxt 0] Applying table 'tbl_your_pipeline221'
[10:15:39.556] [bmv2] [D] [thread 4943] [1.0] [cxt 0] Looking up key:

[10:15:39.556] [bmv2] [D] [thread 4943] [1.0] [cxt 0] Table 'tbl_your_pipeline221': miss
[10:15:39.556] [bmv2] [D] [thread 4943] [1.0] [cxt 0] Action entry is your_pipeline221 - 
[10:15:39.556] [bmv2] [T] [thread 4943] [1.0] [cxt 0] Action your_pipeline221
[10:15:39.556] [bmv2] [T] [thread 4943] [1.0] [cxt 0] p4src/your_pipeline.p4(221) Primitive hdr.tcp.isValid() && ecmp_group.apply().hit
[10:15:39.556] [bmv2] [T] [thread 4943] [1.0] [cxt 0] Condition "node_18" (node_18) is false
[10:15:39.556] [bmv2] [T] [thread 4943] [1.0] [cxt 0] Applying table 'MyIngress.encap_forward_with_tunnel'
[10:15:39.556] [bmv2] [D] [thread 4943] [1.0] [cxt 0] Looking up key:
* standard_metadata.ingress_port: 0002
* hdr.ethernet_1.dstAddr        : 333300000002

[10:15:39.556] [bmv2] [D] [thread 4943] [1.0] [cxt 0] Table 'MyIngress.encap_forward_with_tunnel': miss
[10:15:39.556] [bmv2] [D] [thread 4943] [1.0] [cxt 0] Action entry is NoAction - 
[10:15:39.556] [bmv2] [T] [thread 4943] [1.0] [cxt 0] Action NoAction
[10:15:39.556] [bmv2] [T] [thread 4943] [1.0] [cxt 0] Applying table 'tbl_act_4'
[10:15:39.556] [bmv2] [D] [thread 4943] [1.0] [cxt 0] Looking up key:

[10:15:39.556] [bmv2] [D] [thread 4943] [1.0] [cxt 0] Table 'tbl_act_4': miss
[10:15:39.556] [bmv2] [D] [thread 4943] [1.0] [cxt 0] Action entry is act_4 - 
[10:15:39.556] [bmv2] [T] [thread 4943] [1.0] [cxt 0] Action act_4
[10:15:39.556] [bmv2] [T] [thread 4943] [1.0] [cxt 0] Primitive (no source info)
[10:15:39.557] [bmv2] [T] [thread 4943] [1.0] [cxt 0] Condition "node_23" (node_23) is false
[10:15:39.557] [bmv2] [T] [thread 4943] [1.0] [cxt 0] Applying table 'MyIngress.encap_multicast'
[10:15:39.557] [bmv2] [D] [thread 4943] [1.0] [cxt 0] Looking up key:
* standard_metadata.ingress_port: 0002

[10:15:39.557] [bmv2] [D] [thread 4943] [1.0] [cxt 0] Table 'MyIngress.encap_multicast': miss
[10:15:39.557] [bmv2] [D] [thread 4943] [1.0] [cxt 0] Action entry is NoAction - 
[10:15:39.557] [bmv2] [T] [thread 4943] [1.0] [cxt 0] Action NoAction
[10:15:39.557] [bmv2] [T] [thread 4943] [1.0] [cxt 0] p4src/your_pipeline.p4(225) Condition "hdr.ipv4.isValid()" (node_25) is false
[10:15:39.557] [bmv2] [D] [thread 4943] [1.0] [cxt 0] Pipeline 'ingress': end
[10:15:39.557] [bmv2] [D] [thread 4943] [1.0] [cxt 0] Egress port is 0
[10:15:39.557] [bmv2] [D] [thread 4944] [1.0] [cxt 0] Pipeline 'egress': start
[10:15:39.557] [bmv2] [T] [thread 4944] [1.0] [cxt 0] p4src/your_pipeline.p4(257) Condition "hdr.tunnel.isValid()" (node_29) is false
[10:15:39.557] [bmv2] [D] [thread 4944] [1.0] [cxt 0] Pipeline 'egress': end
[10:15:39.557] [bmv2] [D] [thread 4944] [1.0] [cxt 0] Deparser 'deparser': start
[10:15:39.557] [bmv2] [T] [thread 4944] [1.0] [cxt 0] Skipping checksum 'cksum' update because condition not met
[10:15:39.557] [bmv2] [D] [thread 4944] [1.0] [cxt 0] Deparsing header 'ethernet_1'
[10:15:39.557] [bmv2] [D] [thread 4944] [1.0] [cxt 0] Deparser 'deparser': end
[10:15:39.557] [bmv2] [D] [thread 4948] [1.0] [cxt 0] Transmitting packet of size 70 out of port 0
[10:15:39.704] [bmv2] [D] [thread 4943] [2.0] [cxt 0] Processing packet received on port 3
[10:15:39.704] [bmv2] [D] [thread 4943] [2.0] [cxt 0] Parser 'parser': start
[10:15:39.704] [bmv2] [D] [thread 4943] [2.0] [cxt 0] Parser 'parser' entering state 'start'
[10:15:39.704] [bmv2] [D] [thread 4943] [2.0] [cxt 0] Extracting header 'ethernet_1'
[10:15:39.704] [bmv2] [D] [thread 4943] [2.0] [cxt 0] Parser state 'start': key is 86dd
[10:15:39.704] [bmv2] [T] [thread 4943] [2.0] [cxt 0] Bytes parsed: 14
[10:15:39.704] [bmv2] [D] [thread 4943] [2.0] [cxt 0] Parser 'parser': end
[10:15:39.704] [bmv2] [D] [thread 4943] [2.0] [cxt 0] Pipeline 'ingress': start
[10:15:39.705] [bmv2] [T] [thread 4943] [2.0] [cxt 0] p4src/your_pipeline.p4(211) Condition "hdr.tunnel.isValid()" (node_2) is false
[10:15:39.705] [bmv2] [T] [thread 4943] [2.0] [cxt 0] Applying table 'MyIngress.direct_forward_without_tunnel'
[10:15:39.705] [bmv2] [D] [thread 4943] [2.0] [cxt 0] Looking up key:
* standard_metadata.ingress_port: 0003
* hdr.ethernet_1.dstAddr        : 333300000002

[10:15:39.705] [bmv2] [D] [thread 4943] [2.0] [cxt 0] Table 'MyIngress.direct_forward_without_tunnel': miss
[10:15:39.705] [bmv2] [D] [thread 4943] [2.0] [cxt 0] Action entry is NoAction - 
[10:15:39.705] [bmv2] [T] [thread 4943] [2.0] [cxt 0] Action NoAction
[10:15:39.705] [bmv2] [T] [thread 4943] [2.0] [cxt 0] Applying table 'tbl_act_0'
[10:15:39.705] [bmv2] [D] [thread 4943] [2.0] [cxt 0] Looking up key:

[10:15:39.705] [bmv2] [D] [thread 4943] [2.0] [cxt 0] Table 'tbl_act_0': miss
[10:15:39.705] [bmv2] [D] [thread 4943] [2.0] [cxt 0] Action entry is act_0 - 
[10:15:39.705] [bmv2] [T] [thread 4943] [2.0] [cxt 0] Action act_0
[10:15:39.705] [bmv2] [T] [thread 4943] [2.0] [cxt 0] Primitive (no source info)
[10:15:39.705] [bmv2] [T] [thread 4943] [2.0] [cxt 0] Condition "node_11" (node_11) is false
[10:15:39.705] [bmv2] [T] [thread 4943] [2.0] [cxt 0] p4src/your_pipeline.p4(221) Condition "hdr.tcp.isValid()" (node_12) is true
[10:15:39.705] [bmv2] [T] [thread 4943] [2.0] [cxt 0] Applying table 'tbl_your_pipeline221'
[10:15:39.705] [bmv2] [D] [thread 4943] [2.0] [cxt 0] Looking up key:

[10:15:39.705] [bmv2] [D] [thread 4943] [2.0] [cxt 0] Table 'tbl_your_pipeline221': miss
[10:15:39.705] [bmv2] [D] [thread 4943] [2.0] [cxt 0] Action entry is your_pipeline221 - 
[10:15:39.705] [bmv2] [T] [thread 4943] [2.0] [cxt 0] Action your_pipeline221
[10:15:39.705] [bmv2] [T] [thread 4943] [2.0] [cxt 0] p4src/your_pipeline.p4(221) Primitive hdr.tcp.isValid() && ecmp_group.apply().hit
[10:15:39.705] [bmv2] [T] [thread 4943] [2.0] [cxt 0] Condition "node_18" (node_18) is false
[10:15:39.705] [bmv2] [T] [thread 4943] [2.0] [cxt 0] Applying table 'MyIngress.encap_forward_with_tunnel'
[10:15:39.705] [bmv2] [D] [thread 4943] [2.0] [cxt 0] Looking up key:
* standard_metadata.ingress_port: 0003
* hdr.ethernet_1.dstAddr        : 333300000002

[10:15:39.705] [bmv2] [D] [thread 4943] [2.0] [cxt 0] Table 'MyIngress.encap_forward_with_tunnel': miss
[10:15:39.705] [bmv2] [D] [thread 4943] [2.0] [cxt 0] Action entry is NoAction - 
[10:15:39.705] [bmv2] [T] [thread 4943] [2.0] [cxt 0] Action NoAction
[10:15:39.705] [bmv2] [T] [thread 4943] [2.0] [cxt 0] Applying table 'tbl_act_4'
[10:15:39.705] [bmv2] [D] [thread 4943] [2.0] [cxt 0] Looking up key:

[10:15:39.705] [bmv2] [D] [thread 4943] [2.0] [cxt 0] Table 'tbl_act_4': miss
[10:15:39.705] [bmv2] [D] [thread 4943] [2.0] [cxt 0] Action entry is act_4 - 
[10:15:39.705] [bmv2] [T] [thread 4943] [2.0] [cxt 0] Action act_4
[10:15:39.705] [bmv2] [T] [thread 4943] [2.0] [cxt 0] Primitive (no source info)
[10:15:39.705] [bmv2] [T] [thread 4943] [2.0] [cxt 0] Condition "node_23" (node_23) is false
[10:15:39.705] [bmv2] [T] [thread 4943] [2.0] [cxt 0] Applying table 'MyIngress.encap_multicast'
[10:15:39.705] [bmv2] [D] [thread 4943] [2.0] [cxt 0] Looking up key:
* standard_metadata.ingress_port: 0003

[10:15:39.705] [bmv2] [D] [thread 4943] [2.0] [cxt 0] Table 'MyIngress.encap_multicast': miss
[10:15:39.705] [bmv2] [D] [thread 4943] [2.0] [cxt 0] Action entry is NoAction - 
[10:15:39.705] [bmv2] [T] [thread 4943] [2.0] [cxt 0] Action NoAction
[10:15:39.705] [bmv2] [T] [thread 4943] [2.0] [cxt 0] p4src/your_pipeline.p4(225) Condition "hdr.ipv4.isValid()" (node_25) is false
[10:15:39.705] [bmv2] [D] [thread 4943] [2.0] [cxt 0] Pipeline 'ingress': end
[10:15:39.705] [bmv2] [D] [thread 4943] [2.0] [cxt 0] Egress port is 0
[10:15:39.705] [bmv2] [D] [thread 4944] [2.0] [cxt 0] Pipeline 'egress': start
[10:15:39.705] [bmv2] [T] [thread 4944] [2.0] [cxt 0] p4src/your_pipeline.p4(257) Condition "hdr.tunnel.isValid()" (node_29) is false
[10:15:39.705] [bmv2] [D] [thread 4944] [2.0] [cxt 0] Pipeline 'egress': end
[10:15:39.705] [bmv2] [D] [thread 4944] [2.0] [cxt 0] Deparser 'deparser': start
[10:15:39.705] [bmv2] [T] [thread 4944] [2.0] [cxt 0] Skipping checksum 'cksum' update because condition not met
[10:15:39.705] [bmv2] [D] [thread 4944] [2.0] [cxt 0] Deparsing header 'ethernet_1'
[10:15:39.705] [bmv2] [D] [thread 4944] [2.0] [cxt 0] Deparser 'deparser': end
[10:15:39.705] [bmv2] [D] [thread 4948] [2.0] [cxt 0] Transmitting packet of size 70 out of port 0
[10:15:39.770] [bmv2] [D] [thread 4943] [3.0] [cxt 0] Processing packet received on port 5
[10:15:39.770] [bmv2] [D] [thread 4943] [3.0] [cxt 0] Parser 'parser': start
[10:15:39.770] [bmv2] [D] [thread 4943] [3.0] [cxt 0] Parser 'parser' entering state 'start'
[10:15:39.770] [bmv2] [D] [thread 4943] [3.0] [cxt 0] Extracting header 'ethernet_1'
[10:15:39.770] [bmv2] [D] [thread 4943] [3.0] [cxt 0] Parser state 'start': key is 86dd
[10:15:39.770] [bmv2] [T] [thread 4943] [3.0] [cxt 0] Bytes parsed: 14
[10:15:39.770] [bmv2] [D] [thread 4943] [3.0] [cxt 0] Parser 'parser': end
[10:15:39.770] [bmv2] [D] [thread 4943] [3.0] [cxt 0] Pipeline 'ingress': start
[10:15:39.770] [bmv2] [T] [thread 4943] [3.0] [cxt 0] p4src/your_pipeline.p4(211) Condition "hdr.tunnel.isValid()" (node_2) is false
[10:15:39.770] [bmv2] [T] [thread 4943] [3.0] [cxt 0] Applying table 'MyIngress.direct_forward_without_tunnel'
[10:15:39.770] [bmv2] [D] [thread 4943] [3.0] [cxt 0] Looking up key:
* standard_metadata.ingress_port: 0005
* hdr.ethernet_1.dstAddr        : 333300000002

[10:15:39.770] [bmv2] [D] [thread 4943] [3.0] [cxt 0] Table 'MyIngress.direct_forward_without_tunnel': miss
[10:15:39.770] [bmv2] [D] [thread 4943] [3.0] [cxt 0] Action entry is NoAction - 
[10:15:39.770] [bmv2] [T] [thread 4943] [3.0] [cxt 0] Action NoAction
[10:15:39.770] [bmv2] [T] [thread 4943] [3.0] [cxt 0] Applying table 'tbl_act_0'
[10:15:39.770] [bmv2] [D] [thread 4943] [3.0] [cxt 0] Looking up key:

[10:15:39.771] [bmv2] [D] [thread 4943] [3.0] [cxt 0] Table 'tbl_act_0': miss
[10:15:39.771] [bmv2] [D] [thread 4943] [3.0] [cxt 0] Action entry is act_0 - 
[10:15:39.771] [bmv2] [T] [thread 4943] [3.0] [cxt 0] Action act_0
[10:15:39.771] [bmv2] [T] [thread 4943] [3.0] [cxt 0] Primitive (no source info)
[10:15:39.771] [bmv2] [T] [thread 4943] [3.0] [cxt 0] Condition "node_11" (node_11) is false
[10:15:39.771] [bmv2] [T] [thread 4943] [3.0] [cxt 0] p4src/your_pipeline.p4(221) Condition "hdr.tcp.isValid()" (node_12) is true
[10:15:39.771] [bmv2] [T] [thread 4943] [3.0] [cxt 0] Applying table 'tbl_your_pipeline221'
[10:15:39.771] [bmv2] [D] [thread 4943] [3.0] [cxt 0] Looking up key:

[10:15:39.771] [bmv2] [D] [thread 4943] [3.0] [cxt 0] Table 'tbl_your_pipeline221': miss
[10:15:39.771] [bmv2] [D] [thread 4943] [3.0] [cxt 0] Action entry is your_pipeline221 - 
[10:15:39.771] [bmv2] [T] [thread 4943] [3.0] [cxt 0] Action your_pipeline221
[10:15:39.771] [bmv2] [T] [thread 4943] [3.0] [cxt 0] p4src/your_pipeline.p4(221) Primitive hdr.tcp.isValid() && ecmp_group.apply().hit
[10:15:39.771] [bmv2] [T] [thread 4943] [3.0] [cxt 0] Condition "node_18" (node_18) is false
[10:15:39.771] [bmv2] [T] [thread 4943] [3.0] [cxt 0] Applying table 'MyIngress.encap_forward_with_tunnel'
[10:15:39.771] [bmv2] [D] [thread 4943] [3.0] [cxt 0] Looking up key:
* standard_metadata.ingress_port: 0005
* hdr.ethernet_1.dstAddr        : 333300000002

[10:15:39.771] [bmv2] [D] [thread 4943] [3.0] [cxt 0] Table 'MyIngress.encap_forward_with_tunnel': miss
[10:15:39.771] [bmv2] [D] [thread 4943] [3.0] [cxt 0] Action entry is NoAction - 
[10:15:39.771] [bmv2] [T] [thread 4943] [3.0] [cxt 0] Action NoAction
[10:15:39.771] [bmv2] [T] [thread 4943] [3.0] [cxt 0] Applying table 'tbl_act_4'
[10:15:39.771] [bmv2] [D] [thread 4943] [3.0] [cxt 0] Looking up key:

[10:15:39.771] [bmv2] [D] [thread 4943] [3.0] [cxt 0] Table 'tbl_act_4': miss
[10:15:39.771] [bmv2] [D] [thread 4943] [3.0] [cxt 0] Action entry is act_4 - 
[10:15:39.771] [bmv2] [T] [thread 4943] [3.0] [cxt 0] Action act_4
[10:15:39.771] [bmv2] [T] [thread 4943] [3.0] [cxt 0] Primitive (no source info)
[10:15:39.771] [bmv2] [T] [thread 4943] [3.0] [cxt 0] Condition "node_23" (node_23) is false
[10:15:39.771] [bmv2] [T] [thread 4943] [3.0] [cxt 0] Applying table 'MyIngress.encap_multicast'
[10:15:39.771] [bmv2] [D] [thread 4943] [3.0] [cxt 0] Looking up key:
* standard_metadata.ingress_port: 0005

[10:15:39.771] [bmv2] [D] [thread 4943] [3.0] [cxt 0] Table 'MyIngress.encap_multicast': miss
[10:15:39.771] [bmv2] [D] [thread 4943] [3.0] [cxt 0] Action entry is NoAction - 
[10:15:39.771] [bmv2] [T] [thread 4943] [3.0] [cxt 0] Action NoAction
[10:15:39.771] [bmv2] [T] [thread 4943] [3.0] [cxt 0] p4src/your_pipeline.p4(225) Condition "hdr.ipv4.isValid()" (node_25) is false
[10:15:39.771] [bmv2] [D] [thread 4943] [3.0] [cxt 0] Pipeline 'ingress': end
[10:15:39.771] [bmv2] [D] [thread 4943] [3.0] [cxt 0] Egress port is 0
[10:15:39.771] [bmv2] [D] [thread 4944] [3.0] [cxt 0] Pipeline 'egress': start
[10:15:39.771] [bmv2] [T] [thread 4944] [3.0] [cxt 0] p4src/your_pipeline.p4(257) Condition "hdr.tunnel.isValid()" (node_29) is false
[10:15:39.771] [bmv2] [D] [thread 4944] [3.0] [cxt 0] Pipeline 'egress': end
[10:15:39.771] [bmv2] [D] [thread 4944] [3.0] [cxt 0] Deparser 'deparser': start
[10:15:39.771] [bmv2] [T] [thread 4944] [3.0] [cxt 0] Skipping checksum 'cksum' update because condition not met
[10:15:39.771] [bmv2] [D] [thread 4944] [3.0] [cxt 0] Deparsing header 'ethernet_1'
[10:15:39.771] [bmv2] [D] [thread 4944] [3.0] [cxt 0] Deparser 'deparser': end
[10:15:39.771] [bmv2] [D] [thread 4948] [3.0] [cxt 0] Transmitting packet of size 70 out of port 0
[10:15:39.912] [bmv2] [D] [thread 4943] [4.0] [cxt 0] Processing packet received on port 3
[10:15:39.912] [bmv2] [D] [thread 4943] [4.0] [cxt 0] Parser 'parser': start
[10:15:39.912] [bmv2] [D] [thread 4943] [4.0] [cxt 0] Parser 'parser' entering state 'start'
[10:15:39.912] [bmv2] [D] [thread 4943] [4.0] [cxt 0] Extracting header 'ethernet_1'
[10:15:39.912] [bmv2] [D] [thread 4943] [4.0] [cxt 0] Parser state 'start': key is 86dd
[10:15:39.912] [bmv2] [T] [thread 4943] [4.0] [cxt 0] Bytes parsed: 14
[10:15:39.912] [bmv2] [D] [thread 4943] [4.0] [cxt 0] Parser 'parser': end
[10:15:39.912] [bmv2] [D] [thread 4943] [4.0] [cxt 0] Pipeline 'ingress': start
[10:15:39.912] [bmv2] [T] [thread 4943] [4.0] [cxt 0] p4src/your_pipeline.p4(211) Condition "hdr.tunnel.isValid()" (node_2) is false
[10:15:39.912] [bmv2] [T] [thread 4943] [4.0] [cxt 0] Applying table 'MyIngress.direct_forward_without_tunnel'
[10:15:39.912] [bmv2] [D] [thread 4943] [4.0] [cxt 0] Looking up key:
* standard_metadata.ingress_port: 0003
* hdr.ethernet_1.dstAddr        : 333300000002

[10:15:39.912] [bmv2] [D] [thread 4943] [4.0] [cxt 0] Table 'MyIngress.direct_forward_without_tunnel': miss
[10:15:39.912] [bmv2] [D] [thread 4943] [4.0] [cxt 0] Action entry is NoAction - 
[10:15:39.912] [bmv2] [T] [thread 4943] [4.0] [cxt 0] Action NoAction
[10:15:39.912] [bmv2] [T] [thread 4943] [4.0] [cxt 0] Applying table 'tbl_act_0'
[10:15:39.912] [bmv2] [D] [thread 4943] [4.0] [cxt 0] Looking up key:

[10:15:39.912] [bmv2] [D] [thread 4943] [4.0] [cxt 0] Table 'tbl_act_0': miss
[10:15:39.912] [bmv2] [D] [thread 4943] [4.0] [cxt 0] Action entry is act_0 - 
[10:15:39.912] [bmv2] [T] [thread 4943] [4.0] [cxt 0] Action act_0
[10:15:39.912] [bmv2] [T] [thread 4943] [4.0] [cxt 0] Primitive (no source info)
[10:15:39.912] [bmv2] [T] [thread 4943] [4.0] [cxt 0] Condition "node_11" (node_11) is false
[10:15:39.912] [bmv2] [T] [thread 4943] [4.0] [cxt 0] p4src/your_pipeline.p4(221) Condition "hdr.tcp.isValid()" (node_12) is true
[10:15:39.912] [bmv2] [T] [thread 4943] [4.0] [cxt 0] Applying table 'tbl_your_pipeline221'
[10:15:39.912] [bmv2] [D] [thread 4943] [4.0] [cxt 0] Looking up key:

[10:15:39.912] [bmv2] [D] [thread 4943] [4.0] [cxt 0] Table 'tbl_your_pipeline221': miss
[10:15:39.912] [bmv2] [D] [thread 4943] [4.0] [cxt 0] Action entry is your_pipeline221 - 
[10:15:39.912] [bmv2] [T] [thread 4943] [4.0] [cxt 0] Action your_pipeline221
[10:15:39.912] [bmv2] [T] [thread 4943] [4.0] [cxt 0] p4src/your_pipeline.p4(221) Primitive hdr.tcp.isValid() && ecmp_group.apply().hit
[10:15:39.912] [bmv2] [T] [thread 4943] [4.0] [cxt 0] Condition "node_18" (node_18) is false
[10:15:39.912] [bmv2] [T] [thread 4943] [4.0] [cxt 0] Applying table 'MyIngress.encap_forward_with_tunnel'
[10:15:39.912] [bmv2] [D] [thread 4943] [4.0] [cxt 0] Looking up key:
* standard_metadata.ingress_port: 0003
* hdr.ethernet_1.dstAddr        : 333300000002

[10:15:39.912] [bmv2] [D] [thread 4943] [4.0] [cxt 0] Table 'MyIngress.encap_forward_with_tunnel': miss
[10:15:39.912] [bmv2] [D] [thread 4943] [4.0] [cxt 0] Action entry is NoAction - 
[10:15:39.912] [bmv2] [T] [thread 4943] [4.0] [cxt 0] Action NoAction
[10:15:39.912] [bmv2] [T] [thread 4943] [4.0] [cxt 0] Applying table 'tbl_act_4'
[10:15:39.912] [bmv2] [D] [thread 4943] [4.0] [cxt 0] Looking up key:

[10:15:39.912] [bmv2] [D] [thread 4943] [4.0] [cxt 0] Table 'tbl_act_4': miss
[10:15:39.912] [bmv2] [D] [thread 4943] [4.0] [cxt 0] Action entry is act_4 - 
[10:15:39.912] [bmv2] [T] [thread 4943] [4.0] [cxt 0] Action act_4
[10:15:39.912] [bmv2] [T] [thread 4943] [4.0] [cxt 0] Primitive (no source info)
[10:15:39.912] [bmv2] [T] [thread 4943] [4.0] [cxt 0] Condition "node_23" (node_23) is false
[10:15:39.912] [bmv2] [T] [thread 4943] [4.0] [cxt 0] Applying table 'MyIngress.encap_multicast'
[10:15:39.912] [bmv2] [D] [thread 4943] [4.0] [cxt 0] Looking up key:
* standard_metadata.ingress_port: 0003

[10:15:39.912] [bmv2] [D] [thread 4943] [4.0] [cxt 0] Table 'MyIngress.encap_multicast': miss
[10:15:39.912] [bmv2] [D] [thread 4943] [4.0] [cxt 0] Action entry is NoAction - 
[10:15:39.912] [bmv2] [T] [thread 4943] [4.0] [cxt 0] Action NoAction
[10:15:39.912] [bmv2] [T] [thread 4943] [4.0] [cxt 0] p4src/your_pipeline.p4(225) Condition "hdr.ipv4.isValid()" (node_25) is false
[10:15:39.912] [bmv2] [D] [thread 4943] [4.0] [cxt 0] Pipeline 'ingress': end
[10:15:39.912] [bmv2] [D] [thread 4943] [4.0] [cxt 0] Egress port is 0
[10:15:39.913] [bmv2] [D] [thread 4944] [4.0] [cxt 0] Pipeline 'egress': start
[10:15:39.913] [bmv2] [T] [thread 4944] [4.0] [cxt 0] p4src/your_pipeline.p4(257) Condition "hdr.tunnel.isValid()" (node_29) is false
[10:15:39.913] [bmv2] [D] [thread 4944] [4.0] [cxt 0] Pipeline 'egress': end
[10:15:39.913] [bmv2] [D] [thread 4944] [4.0] [cxt 0] Deparser 'deparser': start
[10:15:39.913] [bmv2] [T] [thread 4944] [4.0] [cxt 0] Skipping checksum 'cksum' update because condition not met
[10:15:39.913] [bmv2] [D] [thread 4944] [4.0] [cxt 0] Deparsing header 'ethernet_1'
[10:15:39.913] [bmv2] [D] [thread 4944] [4.0] [cxt 0] Deparser 'deparser': end
[10:15:39.913] [bmv2] [D] [thread 4948] [4.0] [cxt 0] Transmitting packet of size 70 out of port 0
[10:15:40.045] [bmv2] [D] [thread 4943] [5.0] [cxt 0] Processing packet received on port 4
[10:15:40.045] [bmv2] [D] [thread 4943] [5.0] [cxt 0] Parser 'parser': start
[10:15:40.045] [bmv2] [D] [thread 4943] [5.0] [cxt 0] Parser 'parser' entering state 'start'
[10:15:40.045] [bmv2] [D] [thread 4943] [5.0] [cxt 0] Extracting header 'ethernet_1'
[10:15:40.045] [bmv2] [D] [thread 4943] [5.0] [cxt 0] Parser state 'start': key is 86dd
[10:15:40.045] [bmv2] [T] [thread 4943] [5.0] [cxt 0] Bytes parsed: 14
[10:15:40.045] [bmv2] [D] [thread 4943] [5.0] [cxt 0] Parser 'parser': end
[10:15:40.045] [bmv2] [D] [thread 4943] [5.0] [cxt 0] Pipeline 'ingress': start
[10:15:40.045] [bmv2] [T] [thread 4943] [5.0] [cxt 0] p4src/your_pipeline.p4(211) Condition "hdr.tunnel.isValid()" (node_2) is false
[10:15:40.045] [bmv2] [T] [thread 4943] [5.0] [cxt 0] Applying table 'MyIngress.direct_forward_without_tunnel'
[10:15:40.045] [bmv2] [D] [thread 4943] [5.0] [cxt 0] Looking up key:
* standard_metadata.ingress_port: 0004
* hdr.ethernet_1.dstAddr        : 333300000002

[10:15:40.045] [bmv2] [D] [thread 4943] [5.0] [cxt 0] Table 'MyIngress.direct_forward_without_tunnel': miss
[10:15:40.045] [bmv2] [D] [thread 4943] [5.0] [cxt 0] Action entry is NoAction - 
[10:15:40.045] [bmv2] [T] [thread 4943] [5.0] [cxt 0] Action NoAction
[10:15:40.045] [bmv2] [T] [thread 4943] [5.0] [cxt 0] Applying table 'tbl_act_0'
[10:15:40.045] [bmv2] [D] [thread 4943] [5.0] [cxt 0] Looking up key:

[10:15:40.045] [bmv2] [D] [thread 4943] [5.0] [cxt 0] Table 'tbl_act_0': miss
[10:15:40.045] [bmv2] [D] [thread 4943] [5.0] [cxt 0] Action entry is act_0 - 
[10:15:40.045] [bmv2] [T] [thread 4943] [5.0] [cxt 0] Action act_0
[10:15:40.045] [bmv2] [T] [thread 4943] [5.0] [cxt 0] Primitive (no source info)
[10:15:40.045] [bmv2] [T] [thread 4943] [5.0] [cxt 0] Condition "node_11" (node_11) is false
[10:15:40.045] [bmv2] [T] [thread 4943] [5.0] [cxt 0] p4src/your_pipeline.p4(221) Condition "hdr.tcp.isValid()" (node_12) is true
[10:15:40.045] [bmv2] [T] [thread 4943] [5.0] [cxt 0] Applying table 'tbl_your_pipeline221'
[10:15:40.045] [bmv2] [D] [thread 4943] [5.0] [cxt 0] Looking up key:

[10:15:40.045] [bmv2] [D] [thread 4943] [5.0] [cxt 0] Table 'tbl_your_pipeline221': miss
[10:15:40.045] [bmv2] [D] [thread 4943] [5.0] [cxt 0] Action entry is your_pipeline221 - 
[10:15:40.045] [bmv2] [T] [thread 4943] [5.0] [cxt 0] Action your_pipeline221
[10:15:40.045] [bmv2] [T] [thread 4943] [5.0] [cxt 0] p4src/your_pipeline.p4(221) Primitive hdr.tcp.isValid() && ecmp_group.apply().hit
[10:15:40.045] [bmv2] [T] [thread 4943] [5.0] [cxt 0] Condition "node_18" (node_18) is false
[10:15:40.045] [bmv2] [T] [thread 4943] [5.0] [cxt 0] Applying table 'MyIngress.encap_forward_with_tunnel'
[10:15:40.045] [bmv2] [D] [thread 4943] [5.0] [cxt 0] Looking up key:
* standard_metadata.ingress_port: 0004
* hdr.ethernet_1.dstAddr        : 333300000002

[10:15:40.045] [bmv2] [D] [thread 4943] [5.0] [cxt 0] Table 'MyIngress.encap_forward_with_tunnel': miss
[10:15:40.045] [bmv2] [D] [thread 4943] [5.0] [cxt 0] Action entry is NoAction - 
[10:15:40.045] [bmv2] [T] [thread 4943] [5.0] [cxt 0] Action NoAction
[10:15:40.045] [bmv2] [T] [thread 4943] [5.0] [cxt 0] Applying table 'tbl_act_4'
[10:15:40.045] [bmv2] [D] [thread 4943] [5.0] [cxt 0] Looking up key:

[10:15:40.045] [bmv2] [D] [thread 4943] [5.0] [cxt 0] Table 'tbl_act_4': miss
[10:15:40.045] [bmv2] [D] [thread 4943] [5.0] [cxt 0] Action entry is act_4 - 
[10:15:40.045] [bmv2] [T] [thread 4943] [5.0] [cxt 0] Action act_4
[10:15:40.046] [bmv2] [T] [thread 4943] [5.0] [cxt 0] Primitive (no source info)
[10:15:40.046] [bmv2] [T] [thread 4943] [5.0] [cxt 0] Condition "node_23" (node_23) is false
[10:15:40.046] [bmv2] [T] [thread 4943] [5.0] [cxt 0] Applying table 'MyIngress.encap_multicast'
[10:15:40.046] [bmv2] [D] [thread 4943] [5.0] [cxt 0] Looking up key:
* standard_metadata.ingress_port: 0004

[10:15:40.046] [bmv2] [D] [thread 4943] [5.0] [cxt 0] Table 'MyIngress.encap_multicast': miss
[10:15:40.046] [bmv2] [D] [thread 4943] [5.0] [cxt 0] Action entry is NoAction - 
[10:15:40.046] [bmv2] [T] [thread 4943] [5.0] [cxt 0] Action NoAction
[10:15:40.046] [bmv2] [T] [thread 4943] [5.0] [cxt 0] p4src/your_pipeline.p4(225) Condition "hdr.ipv4.isValid()" (node_25) is false
[10:15:40.046] [bmv2] [D] [thread 4943] [5.0] [cxt 0] Pipeline 'ingress': end
[10:15:40.046] [bmv2] [D] [thread 4943] [5.0] [cxt 0] Egress port is 0
[10:15:40.046] [bmv2] [D] [thread 4944] [5.0] [cxt 0] Pipeline 'egress': start
[10:15:40.046] [bmv2] [T] [thread 4944] [5.0] [cxt 0] p4src/your_pipeline.p4(257) Condition "hdr.tunnel.isValid()" (node_29) is false
[10:15:40.046] [bmv2] [D] [thread 4944] [5.0] [cxt 0] Pipeline 'egress': end
[10:15:40.046] [bmv2] [D] [thread 4944] [5.0] [cxt 0] Deparser 'deparser': start
[10:15:40.046] [bmv2] [T] [thread 4944] [5.0] [cxt 0] Skipping checksum 'cksum' update because condition not met
[10:15:40.046] [bmv2] [D] [thread 4944] [5.0] [cxt 0] Deparsing header 'ethernet_1'
[10:15:40.046] [bmv2] [D] [thread 4944] [5.0] [cxt 0] Deparser 'deparser': end
[10:15:40.046] [bmv2] [D] [thread 4948] [5.0] [cxt 0] Transmitting packet of size 70 out of port 0
[10:15:40.210] [bmv2] [D] [thread 4943] [6.0] [cxt 0] Processing packet received on port 4
[10:15:40.210] [bmv2] [D] [thread 4943] [6.0] [cxt 0] Parser 'parser': start
[10:15:40.210] [bmv2] [D] [thread 4943] [6.0] [cxt 0] Parser 'parser' entering state 'start'
[10:15:40.210] [bmv2] [D] [thread 4943] [6.0] [cxt 0] Extracting header 'ethernet_1'
[10:15:40.210] [bmv2] [D] [thread 4943] [6.0] [cxt 0] Parser state 'start': key is 86dd
[10:15:40.210] [bmv2] [T] [thread 4943] [6.0] [cxt 0] Bytes parsed: 14
[10:15:40.210] [bmv2] [D] [thread 4943] [6.0] [cxt 0] Parser 'parser': end
[10:15:40.210] [bmv2] [D] [thread 4943] [6.0] [cxt 0] Pipeline 'ingress': start
[10:15:40.210] [bmv2] [T] [thread 4943] [6.0] [cxt 0] p4src/your_pipeline.p4(211) Condition "hdr.tunnel.isValid()" (node_2) is false
[10:15:40.210] [bmv2] [T] [thread 4943] [6.0] [cxt 0] Applying table 'MyIngress.direct_forward_without_tunnel'
[10:15:40.210] [bmv2] [D] [thread 4943] [6.0] [cxt 0] Looking up key:
* standard_metadata.ingress_port: 0004
* hdr.ethernet_1.dstAddr        : 333300000002

[10:15:40.210] [bmv2] [D] [thread 4943] [6.0] [cxt 0] Table 'MyIngress.direct_forward_without_tunnel': miss
[10:15:40.210] [bmv2] [D] [thread 4943] [6.0] [cxt 0] Action entry is NoAction - 
[10:15:40.210] [bmv2] [T] [thread 4943] [6.0] [cxt 0] Action NoAction
[10:15:40.210] [bmv2] [T] [thread 4943] [6.0] [cxt 0] Applying table 'tbl_act_0'
[10:15:40.210] [bmv2] [D] [thread 4943] [6.0] [cxt 0] Looking up key:

[10:15:40.210] [bmv2] [D] [thread 4943] [6.0] [cxt 0] Table 'tbl_act_0': miss
[10:15:40.210] [bmv2] [D] [thread 4943] [6.0] [cxt 0] Action entry is act_0 - 
[10:15:40.210] [bmv2] [T] [thread 4943] [6.0] [cxt 0] Action act_0
[10:15:40.210] [bmv2] [T] [thread 4943] [6.0] [cxt 0] Primitive (no source info)
[10:15:40.210] [bmv2] [T] [thread 4943] [6.0] [cxt 0] Condition "node_11" (node_11) is false
[10:15:40.210] [bmv2] [T] [thread 4943] [6.0] [cxt 0] p4src/your_pipeline.p4(221) Condition "hdr.tcp.isValid()" (node_12) is true
[10:15:40.210] [bmv2] [T] [thread 4943] [6.0] [cxt 0] Applying table 'tbl_your_pipeline221'
[10:15:40.210] [bmv2] [D] [thread 4943] [6.0] [cxt 0] Looking up key:

[10:15:40.210] [bmv2] [D] [thread 4943] [6.0] [cxt 0] Table 'tbl_your_pipeline221': miss
[10:15:40.210] [bmv2] [D] [thread 4943] [6.0] [cxt 0] Action entry is your_pipeline221 - 
[10:15:40.210] [bmv2] [T] [thread 4943] [6.0] [cxt 0] Action your_pipeline221
[10:15:40.210] [bmv2] [T] [thread 4943] [6.0] [cxt 0] p4src/your_pipeline.p4(221) Primitive hdr.tcp.isValid() && ecmp_group.apply().hit
[10:15:40.210] [bmv2] [T] [thread 4943] [6.0] [cxt 0] Condition "node_18" (node_18) is false
[10:15:40.210] [bmv2] [T] [thread 4943] [6.0] [cxt 0] Applying table 'MyIngress.encap_forward_with_tunnel'
[10:15:40.210] [bmv2] [D] [thread 4943] [6.0] [cxt 0] Looking up key:
* standard_metadata.ingress_port: 0004
* hdr.ethernet_1.dstAddr        : 333300000002

[10:15:40.210] [bmv2] [D] [thread 4943] [6.0] [cxt 0] Table 'MyIngress.encap_forward_with_tunnel': miss
[10:15:40.210] [bmv2] [D] [thread 4943] [6.0] [cxt 0] Action entry is NoAction - 
[10:15:40.210] [bmv2] [T] [thread 4943] [6.0] [cxt 0] Action NoAction
[10:15:40.210] [bmv2] [T] [thread 4943] [6.0] [cxt 0] Applying table 'tbl_act_4'
[10:15:40.210] [bmv2] [D] [thread 4943] [6.0] [cxt 0] Looking up key:

[10:15:40.210] [bmv2] [D] [thread 4943] [6.0] [cxt 0] Table 'tbl_act_4': miss
[10:15:40.210] [bmv2] [D] [thread 4943] [6.0] [cxt 0] Action entry is act_4 - 
[10:15:40.210] [bmv2] [T] [thread 4943] [6.0] [cxt 0] Action act_4
[10:15:40.210] [bmv2] [T] [thread 4943] [6.0] [cxt 0] Primitive (no source info)
[10:15:40.210] [bmv2] [T] [thread 4943] [6.0] [cxt 0] Condition "node_23" (node_23) is false
[10:15:40.210] [bmv2] [T] [thread 4943] [6.0] [cxt 0] Applying table 'MyIngress.encap_multicast'
[10:15:40.210] [bmv2] [D] [thread 4943] [6.0] [cxt 0] Looking up key:
* standard_metadata.ingress_port: 0004

[10:15:40.210] [bmv2] [D] [thread 4943] [6.0] [cxt 0] Table 'MyIngress.encap_multicast': miss
[10:15:40.210] [bmv2] [D] [thread 4943] [6.0] [cxt 0] Action entry is NoAction - 
[10:15:40.211] [bmv2] [T] [thread 4943] [6.0] [cxt 0] Action NoAction
[10:15:40.211] [bmv2] [T] [thread 4943] [6.0] [cxt 0] p4src/your_pipeline.p4(225) Condition "hdr.ipv4.isValid()" (node_25) is false
[10:15:40.211] [bmv2] [D] [thread 4943] [6.0] [cxt 0] Pipeline 'ingress': end
[10:15:40.211] [bmv2] [D] [thread 4943] [6.0] [cxt 0] Egress port is 0
[10:15:40.211] [bmv2] [D] [thread 4944] [6.0] [cxt 0] Pipeline 'egress': start
[10:15:40.211] [bmv2] [T] [thread 4944] [6.0] [cxt 0] p4src/your_pipeline.p4(257) Condition "hdr.tunnel.isValid()" (node_29) is false
[10:15:40.211] [bmv2] [D] [thread 4944] [6.0] [cxt 0] Pipeline 'egress': end
[10:15:40.211] [bmv2] [D] [thread 4944] [6.0] [cxt 0] Deparser 'deparser': start
[10:15:40.211] [bmv2] [T] [thread 4944] [6.0] [cxt 0] Skipping checksum 'cksum' update because condition not met
[10:15:40.211] [bmv2] [D] [thread 4944] [6.0] [cxt 0] Deparsing header 'ethernet_1'
[10:15:40.211] [bmv2] [D] [thread 4944] [6.0] [cxt 0] Deparser 'deparser': end
[10:15:40.211] [bmv2] [D] [thread 4948] [6.0] [cxt 0] Transmitting packet of size 70 out of port 0
[10:15:40.465] [bmv2] [D] [thread 4943] [7.0] [cxt 0] Processing packet received on port 5
[10:15:40.465] [bmv2] [D] [thread 4943] [7.0] [cxt 0] Parser 'parser': start
[10:15:40.465] [bmv2] [D] [thread 4943] [7.0] [cxt 0] Parser 'parser' entering state 'start'
[10:15:40.465] [bmv2] [D] [thread 4943] [7.0] [cxt 0] Extracting header 'ethernet_1'
[10:15:40.466] [bmv2] [D] [thread 4943] [7.0] [cxt 0] Parser state 'start': key is 86dd
[10:15:40.466] [bmv2] [T] [thread 4943] [7.0] [cxt 0] Bytes parsed: 14
[10:15:40.466] [bmv2] [D] [thread 4943] [7.0] [cxt 0] Parser 'parser': end
[10:15:40.466] [bmv2] [D] [thread 4943] [7.0] [cxt 0] Pipeline 'ingress': start
[10:15:40.466] [bmv2] [T] [thread 4943] [7.0] [cxt 0] p4src/your_pipeline.p4(211) Condition "hdr.tunnel.isValid()" (node_2) is false
[10:15:40.466] [bmv2] [T] [thread 4943] [7.0] [cxt 0] Applying table 'MyIngress.direct_forward_without_tunnel'
[10:15:40.466] [bmv2] [D] [thread 4943] [7.0] [cxt 0] Looking up key:
* standard_metadata.ingress_port: 0005
* hdr.ethernet_1.dstAddr        : 333300000002

[10:15:40.466] [bmv2] [D] [thread 4943] [7.0] [cxt 0] Table 'MyIngress.direct_forward_without_tunnel': miss
[10:15:40.466] [bmv2] [D] [thread 4943] [7.0] [cxt 0] Action entry is NoAction - 
[10:15:40.466] [bmv2] [T] [thread 4943] [7.0] [cxt 0] Action NoAction
[10:15:40.466] [bmv2] [T] [thread 4943] [7.0] [cxt 0] Applying table 'tbl_act_0'
[10:15:40.466] [bmv2] [D] [thread 4943] [7.0] [cxt 0] Looking up key:

[10:15:40.466] [bmv2] [D] [thread 4943] [7.0] [cxt 0] Table 'tbl_act_0': miss
[10:15:40.466] [bmv2] [D] [thread 4943] [7.0] [cxt 0] Action entry is act_0 - 
[10:15:40.466] [bmv2] [T] [thread 4943] [7.0] [cxt 0] Action act_0
[10:15:40.466] [bmv2] [T] [thread 4943] [7.0] [cxt 0] Primitive (no source info)
[10:15:40.466] [bmv2] [T] [thread 4943] [7.0] [cxt 0] Condition "node_11" (node_11) is false
[10:15:40.466] [bmv2] [T] [thread 4943] [7.0] [cxt 0] p4src/your_pipeline.p4(221) Condition "hdr.tcp.isValid()" (node_12) is true
[10:15:40.466] [bmv2] [T] [thread 4943] [7.0] [cxt 0] Applying table 'tbl_your_pipeline221'
[10:15:40.466] [bmv2] [D] [thread 4943] [7.0] [cxt 0] Looking up key:

[10:15:40.466] [bmv2] [D] [thread 4943] [7.0] [cxt 0] Table 'tbl_your_pipeline221': miss
[10:15:40.466] [bmv2] [D] [thread 4943] [7.0] [cxt 0] Action entry is your_pipeline221 - 
[10:15:40.466] [bmv2] [T] [thread 4943] [7.0] [cxt 0] Action your_pipeline221
[10:15:40.466] [bmv2] [T] [thread 4943] [7.0] [cxt 0] p4src/your_pipeline.p4(221) Primitive hdr.tcp.isValid() && ecmp_group.apply().hit
[10:15:40.466] [bmv2] [T] [thread 4943] [7.0] [cxt 0] Condition "node_18" (node_18) is false
[10:15:40.466] [bmv2] [T] [thread 4943] [7.0] [cxt 0] Applying table 'MyIngress.encap_forward_with_tunnel'
[10:15:40.466] [bmv2] [D] [thread 4943] [7.0] [cxt 0] Looking up key:
* standard_metadata.ingress_port: 0005
* hdr.ethernet_1.dstAddr        : 333300000002

[10:15:40.466] [bmv2] [D] [thread 4943] [7.0] [cxt 0] Table 'MyIngress.encap_forward_with_tunnel': miss
[10:15:40.466] [bmv2] [D] [thread 4943] [7.0] [cxt 0] Action entry is NoAction - 
[10:15:40.466] [bmv2] [T] [thread 4943] [7.0] [cxt 0] Action NoAction
[10:15:40.466] [bmv2] [T] [thread 4943] [7.0] [cxt 0] Applying table 'tbl_act_4'
[10:15:40.466] [bmv2] [D] [thread 4943] [7.0] [cxt 0] Looking up key:

[10:15:40.466] [bmv2] [D] [thread 4943] [7.0] [cxt 0] Table 'tbl_act_4': miss
[10:15:40.466] [bmv2] [D] [thread 4943] [7.0] [cxt 0] Action entry is act_4 - 
[10:15:40.466] [bmv2] [T] [thread 4943] [7.0] [cxt 0] Action act_4
[10:15:40.466] [bmv2] [T] [thread 4943] [7.0] [cxt 0] Primitive (no source info)
[10:15:40.466] [bmv2] [T] [thread 4943] [7.0] [cxt 0] Condition "node_23" (node_23) is false
[10:15:40.466] [bmv2] [T] [thread 4943] [7.0] [cxt 0] Applying table 'MyIngress.encap_multicast'
[10:15:40.466] [bmv2] [D] [thread 4943] [7.0] [cxt 0] Looking up key:
* standard_metadata.ingress_port: 0005

[10:15:40.466] [bmv2] [D] [thread 4943] [7.0] [cxt 0] Table 'MyIngress.encap_multicast': miss
[10:15:40.466] [bmv2] [D] [thread 4943] [7.0] [cxt 0] Action entry is NoAction - 
[10:15:40.466] [bmv2] [T] [thread 4943] [7.0] [cxt 0] Action NoAction
[10:15:40.466] [bmv2] [T] [thread 4943] [7.0] [cxt 0] p4src/your_pipeline.p4(225) Condition "hdr.ipv4.isValid()" (node_25) is false
[10:15:40.466] [bmv2] [D] [thread 4943] [7.0] [cxt 0] Pipeline 'ingress': end
[10:15:40.466] [bmv2] [D] [thread 4943] [7.0] [cxt 0] Egress port is 0
[10:15:40.466] [bmv2] [D] [thread 4944] [7.0] [cxt 0] Pipeline 'egress': start
[10:15:40.466] [bmv2] [T] [thread 4944] [7.0] [cxt 0] p4src/your_pipeline.p4(257) Condition "hdr.tunnel.isValid()" (node_29) is false
[10:15:40.466] [bmv2] [D] [thread 4944] [7.0] [cxt 0] Pipeline 'egress': end
[10:15:40.466] [bmv2] [D] [thread 4944] [7.0] [cxt 0] Deparser 'deparser': start
[10:15:40.466] [bmv2] [T] [thread 4944] [7.0] [cxt 0] Skipping checksum 'cksum' update because condition not met
[10:15:40.466] [bmv2] [D] [thread 4944] [7.0] [cxt 0] Deparsing header 'ethernet_1'
[10:15:40.466] [bmv2] [D] [thread 4944] [7.0] [cxt 0] Deparser 'deparser': end
[10:15:40.466] [bmv2] [D] [thread 4948] [7.0] [cxt 0] Transmitting packet of size 70 out of port 0
[10:15:43.065] [bmv2] [T] [thread 5152] bm_get_config
[10:15:43.069] [bmv2] [T] [thread 5152] bm_table_add_entry
[10:15:43.070] [bmv2] [D] [thread 5152] Entry 0 added to table 'MyIngress.encap_forward_with_tunnel'
[10:15:43.071] [bmv2] [D] [thread 5152] Dumping entry 0
Match key:
* standard_metadata.ingress_port: EXACT     0002
* hdr.ethernet_1.dstAddr        : EXACT     00000b000003
Action entry: MyIngress.encap_forward_with_tunnel_act - 3,1,1,

[10:15:43.072] [bmv2] [T] [thread 5152] bm_table_add_entry
[10:15:43.072] [bmv2] [D] [thread 5152] Entry 1 added to table 'MyIngress.encap_forward_with_tunnel'
[10:15:43.073] [bmv2] [D] [thread 5152] Dumping entry 1
Match key:
* standard_metadata.ingress_port: EXACT     0002
* hdr.ethernet_1.dstAddr        : EXACT     00000b000004
Action entry: MyIngress.encap_forward_with_tunnel_act - 4,2,1,

[10:15:43.074] [bmv2] [T] [thread 5152] bm_table_add_entry
[10:15:43.074] [bmv2] [D] [thread 5152] Entry 2 added to table 'MyIngress.encap_forward_with_tunnel'
[10:15:43.075] [bmv2] [D] [thread 5152] Dumping entry 2
Match key:
* standard_metadata.ingress_port: EXACT     0002
* hdr.ethernet_1.dstAddr        : EXACT     00000b000002
Action entry: MyIngress.encap_forward_with_tunnel_act - 4,4,1,

[10:15:43.076] [bmv2] [T] [thread 5152] bm_table_add_entry
[10:15:43.077] [bmv2] [D] [thread 5152] Entry 3 added to table 'MyIngress.encap_forward_with_tunnel'
[10:15:43.077] [bmv2] [D] [thread 5152] Dumping entry 3
Match key:
* standard_metadata.ingress_port: EXACT     0001
* hdr.ethernet_1.dstAddr        : EXACT     00000a000002
Action entry: MyIngress.encap_forward_with_tunnel_act - 3,3,2,

[10:15:43.078] [bmv2] [T] [thread 5152] bm_table_add_entry
[10:15:43.078] [bmv2] [D] [thread 5152] Entry 0 added to table 'MyIngress.decap_forward_with_tunnel'
[10:15:43.078] [bmv2] [D] [thread 5152] Dumping entry 0
Match key:
* hdr.ethernet_1.dstAddr: EXACT     00000a000001
* hdr.tunnel.pw_id      : EXACT     0001
Action entry: MyIngress.decap_forward_with_tunnel_act - 2,

[10:15:43.078] [bmv2] [T] [thread 5152] bm_table_add_entry
[10:15:43.078] [bmv2] [D] [thread 5152] Entry 1 added to table 'MyIngress.decap_forward_with_tunnel'
[10:15:43.078] [bmv2] [D] [thread 5152] Dumping entry 1
Match key:
* hdr.ethernet_1.dstAddr: EXACT     00000a000001
* hdr.tunnel.pw_id      : EXACT     0002
Action entry: MyIngress.decap_forward_with_tunnel_act - 1,

[10:15:43.080] [bmv2] [T] [thread 5152] bm_table_add_entry
[10:15:43.080] [bmv2] [D] [thread 5152] Entry 0 added to table 'MyIngress.ecmp_group'
[10:15:43.080] [bmv2] [D] [thread 5152] Dumping entry 0
Match key:
* standard_metadata.ingress_port: EXACT     0002
* hdr.ethernet_1.dstAddr        : EXACT     00000b000003
Action entry: MyIngress.ecmp_group_act - 1,2,

[10:15:43.084] [bmv2] [T] [thread 5152] bm_table_add_entry
[10:15:43.084] [bmv2] [D] [thread 5152] Entry 1 added to table 'MyIngress.ecmp_group'
[10:15:43.084] [bmv2] [D] [thread 5152] Dumping entry 1
Match key:
* standard_metadata.ingress_port: EXACT     0002
* hdr.ethernet_1.dstAddr        : EXACT     00000b000004
Action entry: MyIngress.ecmp_group_act - 2,2,

[10:15:43.085] [bmv2] [T] [thread 5152] bm_table_add_entry
[10:15:43.085] [bmv2] [D] [thread 5152] Entry 2 added to table 'MyIngress.ecmp_group'
[10:15:43.085] [bmv2] [D] [thread 5152] Dumping entry 2
Match key:
* standard_metadata.ingress_port: EXACT     0002
* hdr.ethernet_1.dstAddr        : EXACT     00000b000002
Action entry: MyIngress.ecmp_group_act - 3,2,

[10:15:43.085] [bmv2] [T] [thread 5152] bm_table_add_entry
[10:15:43.085] [bmv2] [D] [thread 5152] Entry 3 added to table 'MyIngress.ecmp_group'
[10:15:43.085] [bmv2] [D] [thread 5152] Dumping entry 3
Match key:
* standard_metadata.ingress_port: EXACT     0001
* hdr.ethernet_1.dstAddr        : EXACT     00000a000002
Action entry: MyIngress.ecmp_group_act - 4,2,

[10:15:43.086] [bmv2] [T] [thread 5152] bm_table_add_entry
[10:15:43.086] [bmv2] [D] [thread 5152] Entry 0 added to table 'MyIngress.ecmp_forward'
[10:15:43.086] [bmv2] [D] [thread 5152] Dumping entry 0
Match key:
* meta.ecmp_group_id  : EXACT     0001
* meta.ecmp_hash      : EXACT     0000
Action entry: MyIngress.encap_forward_with_tunnel_act - 3,1,1,

[10:15:43.087] [bmv2] [T] [thread 5152] bm_table_add_entry
[10:15:43.087] [bmv2] [D] [thread 5152] Entry 1 added to table 'MyIngress.ecmp_forward'
[10:15:43.087] [bmv2] [D] [thread 5152] Dumping entry 1
Match key:
* meta.ecmp_group_id  : EXACT     0001
* meta.ecmp_hash      : EXACT     0001
Action entry: MyIngress.encap_forward_with_tunnel_act - 4,2,1,

[10:15:43.087] [bmv2] [T] [thread 5152] bm_table_add_entry
[10:15:43.088] [bmv2] [D] [thread 5152] Entry 2 added to table 'MyIngress.ecmp_forward'
[10:15:43.088] [bmv2] [D] [thread 5152] Dumping entry 2
Match key:
* meta.ecmp_group_id  : EXACT     0002
* meta.ecmp_hash      : EXACT     0000
Action entry: MyIngress.encap_forward_with_tunnel_act - 3,1,1,

[10:15:43.088] [bmv2] [T] [thread 5152] bm_table_add_entry
[10:15:43.088] [bmv2] [D] [thread 5152] Entry 3 added to table 'MyIngress.ecmp_forward'
[10:15:43.088] [bmv2] [D] [thread 5152] Dumping entry 3
Match key:
* meta.ecmp_group_id  : EXACT     0002
* meta.ecmp_hash      : EXACT     0001
Action entry: MyIngress.encap_forward_with_tunnel_act - 4,2,1,

[10:15:43.089] [bmv2] [T] [thread 5152] bm_table_add_entry
[10:15:43.089] [bmv2] [D] [thread 5152] Entry 4 added to table 'MyIngress.ecmp_forward'
[10:15:43.089] [bmv2] [D] [thread 5152] Dumping entry 4
Match key:
* meta.ecmp_group_id  : EXACT     0003
* meta.ecmp_hash      : EXACT     0000
Action entry: MyIngress.encap_forward_with_tunnel_act - 3,3,1,

[10:15:43.090] [bmv2] [T] [thread 5152] bm_table_add_entry
[10:15:43.090] [bmv2] [D] [thread 5152] Entry 5 added to table 'MyIngress.ecmp_forward'
[10:15:43.090] [bmv2] [D] [thread 5152] Dumping entry 5
Match key:
* meta.ecmp_group_id  : EXACT     0003
* meta.ecmp_hash      : EXACT     0001
Action entry: MyIngress.encap_forward_with_tunnel_act - 4,4,1,

[10:15:43.090] [bmv2] [T] [thread 5152] bm_table_add_entry
[10:15:43.090] [bmv2] [D] [thread 5152] Entry 6 added to table 'MyIngress.ecmp_forward'
[10:15:43.090] [bmv2] [D] [thread 5152] Dumping entry 6
Match key:
* meta.ecmp_group_id  : EXACT     0004
* meta.ecmp_hash      : EXACT     0000
Action entry: MyIngress.encap_forward_with_tunnel_act - 3,3,2,

[10:15:43.091] [bmv2] [T] [thread 5152] bm_table_add_entry
[10:15:43.091] [bmv2] [D] [thread 5152] Entry 7 added to table 'MyIngress.ecmp_forward'
[10:15:43.091] [bmv2] [D] [thread 5152] Dumping entry 7
Match key:
* meta.ecmp_group_id  : EXACT     0004
* meta.ecmp_hash      : EXACT     0001
Action entry: MyIngress.encap_forward_with_tunnel_act - 4,4,2,

[10:15:43.092] [bmv2] [T] [thread 5152] bm_table_add_entry
[10:15:43.092] [bmv2] [D] [thread 5152] Entry 0 added to table 'MyIngress.table_ipv4'
[10:15:43.092] [bmv2] [D] [thread 5152] Dumping entry 0
Match key:
Action entry: MyIngress.decrease_ipv4_ttl - 

[10:15:43.092] [bmv2] [T] [thread 5152] bm_mc_node_create
[10:15:43.092] [bmv2] [D] [thread 5152] node created for rid 0
[10:15:43.092] [bmv2] [T] [thread 5152] bm_mc_node_create
[10:15:43.092] [bmv2] [D] [thread 5152] node created for rid 1
[10:15:43.093] [bmv2] [T] [thread 5152] bm_mc_node_create
[10:15:43.093] [bmv2] [D] [thread 5152] node created for rid 2
[10:15:43.093] [bmv2] [T] [thread 5152] bm_mc_node_create
[10:15:43.093] [bmv2] [D] [thread 5152] node created for rid 3
[10:15:43.093] [bmv2] [T] [thread 5152] bm_mc_mgrp_create
[10:15:43.093] [bmv2] [D] [thread 5152] mgrp node created for mgid 1
[10:15:43.094] [bmv2] [T] [thread 5152] bm_mc_node_associate
[10:15:43.094] [bmv2] [D] [thread 5152] node associated with mgid 1
[10:15:43.094] [bmv2] [T] [thread 5152] bm_mc_mgrp_create
[10:15:43.094] [bmv2] [D] [thread 5152] mgrp node created for mgid 2
[10:15:43.094] [bmv2] [T] [thread 5152] bm_mc_node_associate
[10:15:43.094] [bmv2] [D] [thread 5152] node associated with mgid 2
[10:15:43.094] [bmv2] [T] [thread 5152] bm_mc_mgrp_create
[10:15:43.094] [bmv2] [D] [thread 5152] mgrp node created for mgid 3
[10:15:43.094] [bmv2] [T] [thread 5152] bm_mc_node_associate
[10:15:43.094] [bmv2] [D] [thread 5152] node associated with mgid 3
[10:15:43.095] [bmv2] [T] [thread 5152] bm_mc_mgrp_create
[10:15:43.095] [bmv2] [D] [thread 5152] mgrp node created for mgid 4
[10:15:43.095] [bmv2] [T] [thread 5152] bm_mc_node_associate
[10:15:43.095] [bmv2] [D] [thread 5152] node associated with mgid 4
[10:15:43.095] [bmv2] [T] [thread 5152] bm_table_add_entry
[10:15:43.095] [bmv2] [D] [thread 5152] Entry 0 added to table 'MyIngress.encap_multicast'
[10:15:43.095] [bmv2] [D] [thread 5152] Dumping entry 0
Match key:
* standard_metadata.ingress_port: EXACT     0002
Action entry: MyIngress.encap_multicast_act - 1,1,

[10:15:43.096] [bmv2] [T] [thread 5152] bm_table_add_entry
[10:15:43.096] [bmv2] [D] [thread 5152] Entry 1 added to table 'MyIngress.encap_multicast'
[10:15:43.096] [bmv2] [D] [thread 5152] Dumping entry 1
Match key:
* standard_metadata.ingress_port: EXACT     0001
Action entry: MyIngress.encap_multicast_act - 2,2,

[10:15:43.096] [bmv2] [T] [thread 5152] bm_table_add_entry
[10:15:43.096] [bmv2] [D] [thread 5152] Entry 0 added to table 'MyEgress.encap_multicast_egress_decap'
[10:15:43.096] [bmv2] [D] [thread 5152] Dumping entry 0
Match key:
* standard_metadata.egress_port: EXACT     0003
Action entry: NoAction - 

[10:15:43.097] [bmv2] [T] [thread 5152] bm_table_add_entry
[10:15:43.097] [bmv2] [D] [thread 5152] Entry 1 added to table 'MyEgress.encap_multicast_egress_decap'
[10:15:43.097] [bmv2] [D] [thread 5152] Dumping entry 1
Match key:
* standard_metadata.egress_port: EXACT     0004
Action entry: NoAction - 

[10:15:43.098] [bmv2] [T] [thread 5152] bm_table_add_entry
[10:15:43.098] [bmv2] [D] [thread 5152] Entry 0 added to table 'MyIngress.decap_multicast'
[10:15:43.098] [bmv2] [D] [thread 5152] Dumping entry 0
Match key:
* hdr.tunnel.pw_id    : EXACT     0001
Action entry: MyIngress.decap_multicast_act - 3,

[10:15:43.098] [bmv2] [T] [thread 5152] bm_table_add_entry
[10:15:43.099] [bmv2] [D] [thread 5152] Entry 1 added to table 'MyIngress.decap_multicast'
[10:15:43.099] [bmv2] [D] [thread 5152] Dumping entry 1
Match key:
* hdr.tunnel.pw_id    : EXACT     0002
Action entry: MyIngress.decap_multicast_act - 4,

[10:17:10.297] [bmv2] [T] [thread 5274] bm_get_config
[10:17:10.300] [bmv2] [T] [thread 5274] bm_mt_get_entries
[10:17:10.301] [bmv2] [T] [thread 5274] bm_mt_get_entries
[10:17:10.301] [bmv2] [T] [thread 5274] bm_mt_get_entries
[10:17:10.301] [bmv2] [T] [thread 5274] bm_mt_get_entries
[10:17:10.302] [bmv2] [T] [thread 5274] bm_mt_get_entries
[10:17:10.302] [bmv2] [T] [thread 5274] bm_mt_get_entries
[10:17:10.302] [bmv2] [T] [thread 5274] bm_mt_get_entries
[10:17:10.303] [bmv2] [T] [thread 5274] bm_mt_get_entries
[10:17:10.304] [bmv2] [T] [thread 5274] bm_mt_get_entries
[10:17:10.304] [bmv2] [T] [thread 5274] bm_mt_get_entries
[10:17:10.304] [bmv2] [T] [thread 5274] bm_mt_get_entries
[10:17:10.305] [bmv2] [T] [thread 5274] bm_mt_get_entries
[10:17:10.305] [bmv2] [T] [thread 5274] bm_mt_get_entries
[10:17:10.305] [bmv2] [T] [thread 5274] bm_mt_get_entries
[10:17:10.305] [bmv2] [T] [thread 5274] bm_mt_get_entries
[10:17:10.305] [bmv2] [T] [thread 5274] bm_mt_get_entries
[10:17:10.306] [bmv2] [T] [thread 5274] bm_mt_get_entries
[10:17:10.308] [bmv2] [T] [thread 5274] bm_mt_get_entries
[10:17:10.309] [bmv2] [T] [thread 5274] bm_mt_get_entries
[10:17:10.364] [bmv2] [T] [thread 5274] bm_reset_state
[10:17:10.370] [bmv2] [D] [thread 5274] Resetting simple_switch target-specific state
[10:17:10.370] [bmv2] [D] [thread 5274] resetting PRE state
[10:17:10.385] [bmv2] [T] [thread 5279] mirroring_sesssion_add
[10:17:10.416] [bmv2] [T] [thread 5286] bm_get_config
[10:17:10.419] [bmv2] [T] [thread 5286] bm_mt_get_entries
[10:17:10.419] [bmv2] [T] [thread 5286] bm_mt_get_entries
[10:17:10.420] [bmv2] [T] [thread 5286] bm_mt_get_entries
[10:17:10.420] [bmv2] [T] [thread 5286] bm_mt_get_entries
[10:17:10.423] [bmv2] [T] [thread 5286] bm_mt_get_entries
[10:17:10.424] [bmv2] [T] [thread 5286] bm_mt_get_entries
[10:17:10.424] [bmv2] [T] [thread 5286] bm_mt_get_entries
[10:17:10.424] [bmv2] [T] [thread 5286] bm_mt_get_entries
[10:17:10.424] [bmv2] [T] [thread 5286] bm_mt_get_entries
[10:17:10.425] [bmv2] [T] [thread 5286] bm_mt_get_entries
[10:17:10.425] [bmv2] [T] [thread 5286] bm_mt_get_entries
[10:17:10.426] [bmv2] [T] [thread 5286] bm_mt_get_entries
[10:17:10.427] [bmv2] [T] [thread 5286] bm_mt_get_entries
[10:17:10.427] [bmv2] [T] [thread 5286] bm_mt_get_entries
[10:17:10.427] [bmv2] [T] [thread 5286] bm_mt_get_entries
[10:17:10.427] [bmv2] [T] [thread 5286] bm_mt_get_entries
[10:17:10.428] [bmv2] [T] [thread 5286] bm_mt_get_entries
[10:17:10.428] [bmv2] [T] [thread 5286] bm_mt_get_entries
[10:17:10.428] [bmv2] [T] [thread 5286] bm_mt_get_entries
[10:17:53.914] [bmv2] [T] [thread 5362] bm_get_config
[10:17:53.916] [bmv2] [T] [thread 5362] bm_mt_get_entries
[10:17:53.916] [bmv2] [T] [thread 5362] bm_mt_get_entries
[10:17:53.916] [bmv2] [T] [thread 5362] bm_mt_get_entries
[10:17:53.917] [bmv2] [T] [thread 5362] bm_mt_get_entries
[10:17:53.917] [bmv2] [T] [thread 5362] bm_mt_get_entries
[10:17:53.917] [bmv2] [T] [thread 5362] bm_mt_get_entries
[10:17:53.917] [bmv2] [T] [thread 5362] bm_mt_get_entries
[10:17:53.917] [bmv2] [T] [thread 5362] bm_mt_get_entries
[10:17:53.917] [bmv2] [T] [thread 5362] bm_mt_get_entries
[10:17:53.917] [bmv2] [T] [thread 5362] bm_mt_get_entries
[10:17:53.918] [bmv2] [T] [thread 5362] bm_mt_get_entries
[10:17:53.918] [bmv2] [T] [thread 5362] bm_mt_get_entries
[10:17:53.918] [bmv2] [T] [thread 5362] bm_mt_get_entries
[10:17:53.918] [bmv2] [T] [thread 5362] bm_mt_get_entries
[10:17:53.918] [bmv2] [T] [thread 5362] bm_mt_get_entries
[10:17:53.918] [bmv2] [T] [thread 5362] bm_mt_get_entries
[10:17:53.918] [bmv2] [T] [thread 5362] bm_mt_get_entries
[10:17:53.919] [bmv2] [T] [thread 5362] bm_mt_get_entries
[10:17:53.919] [bmv2] [T] [thread 5362] bm_mt_get_entries
[10:17:53.948] [bmv2] [T] [thread 5362] bm_reset_state
[10:17:53.955] [bmv2] [D] [thread 5362] Resetting simple_switch target-specific state
[10:17:53.955] [bmv2] [D] [thread 5362] resetting PRE state
[10:17:53.970] [bmv2] [T] [thread 5367] mirroring_sesssion_add
[10:17:54.005] [bmv2] [T] [thread 5374] bm_get_config
[10:17:54.008] [bmv2] [T] [thread 5374] bm_mt_get_entries
[10:17:54.008] [bmv2] [T] [thread 5374] bm_mt_get_entries
[10:17:54.009] [bmv2] [T] [thread 5374] bm_mt_get_entries
[10:17:54.009] [bmv2] [T] [thread 5374] bm_mt_get_entries
[10:17:54.009] [bmv2] [T] [thread 5374] bm_mt_get_entries
[10:17:54.009] [bmv2] [T] [thread 5374] bm_mt_get_entries
[10:17:54.009] [bmv2] [T] [thread 5374] bm_mt_get_entries
[10:17:54.009] [bmv2] [T] [thread 5374] bm_mt_get_entries
[10:17:54.009] [bmv2] [T] [thread 5374] bm_mt_get_entries
[10:17:54.010] [bmv2] [T] [thread 5374] bm_mt_get_entries
[10:17:54.010] [bmv2] [T] [thread 5374] bm_mt_get_entries
[10:17:54.010] [bmv2] [T] [thread 5374] bm_mt_get_entries
[10:17:54.010] [bmv2] [T] [thread 5374] bm_mt_get_entries
[10:17:54.010] [bmv2] [T] [thread 5374] bm_mt_get_entries
[10:17:54.010] [bmv2] [T] [thread 5374] bm_mt_get_entries
[10:17:54.010] [bmv2] [T] [thread 5374] bm_mt_get_entries
[10:17:54.011] [bmv2] [T] [thread 5374] bm_mt_get_entries
[10:17:54.011] [bmv2] [T] [thread 5374] bm_mt_get_entries
[10:17:54.011] [bmv2] [T] [thread 5374] bm_mt_get_entries
[10:18:22.029] [bmv2] [T] [thread 5455] bm_get_config
[10:18:22.033] [bmv2] [T] [thread 5455] bm_mt_get_entries
[10:18:22.033] [bmv2] [T] [thread 5455] bm_mt_get_entries
[10:18:22.033] [bmv2] [T] [thread 5455] bm_mt_get_entries
[10:18:22.034] [bmv2] [T] [thread 5455] bm_mt_get_entries
[10:18:22.034] [bmv2] [T] [thread 5455] bm_mt_get_entries
[10:18:22.034] [bmv2] [T] [thread 5455] bm_mt_get_entries
[10:18:22.034] [bmv2] [T] [thread 5455] bm_mt_get_entries
[10:18:22.034] [bmv2] [T] [thread 5455] bm_mt_get_entries
[10:18:22.035] [bmv2] [T] [thread 5455] bm_mt_get_entries
[10:18:22.035] [bmv2] [T] [thread 5455] bm_mt_get_entries
[10:18:22.035] [bmv2] [T] [thread 5455] bm_mt_get_entries
[10:18:22.035] [bmv2] [T] [thread 5455] bm_mt_get_entries
[10:18:22.035] [bmv2] [T] [thread 5455] bm_mt_get_entries
[10:18:22.035] [bmv2] [T] [thread 5455] bm_mt_get_entries
[10:18:22.036] [bmv2] [T] [thread 5455] bm_mt_get_entries
[10:18:22.036] [bmv2] [T] [thread 5455] bm_mt_get_entries
[10:18:22.036] [bmv2] [T] [thread 5455] bm_mt_get_entries
[10:18:22.036] [bmv2] [T] [thread 5455] bm_mt_get_entries
[10:18:22.036] [bmv2] [T] [thread 5455] bm_mt_get_entries
[10:18:22.101] [bmv2] [T] [thread 5455] bm_reset_state
[10:18:22.118] [bmv2] [D] [thread 5455] Resetting simple_switch target-specific state
[10:18:22.119] [bmv2] [D] [thread 5455] resetting PRE state
[10:18:22.143] [bmv2] [T] [thread 5460] mirroring_sesssion_add
[10:18:22.189] [bmv2] [T] [thread 5467] bm_get_config
[10:18:22.193] [bmv2] [T] [thread 5467] bm_mt_get_entries
[10:18:22.196] [bmv2] [T] [thread 5467] bm_mt_get_entries
[10:18:22.199] [bmv2] [T] [thread 5467] bm_mt_get_entries
[10:18:22.200] [bmv2] [T] [thread 5467] bm_mt_get_entries
[10:18:22.200] [bmv2] [T] [thread 5467] bm_mt_get_entries
[10:18:22.200] [bmv2] [T] [thread 5467] bm_mt_get_entries
[10:18:22.200] [bmv2] [T] [thread 5467] bm_mt_get_entries
[10:18:22.200] [bmv2] [T] [thread 5467] bm_mt_get_entries
[10:18:22.201] [bmv2] [T] [thread 5467] bm_mt_get_entries
[10:18:22.201] [bmv2] [T] [thread 5467] bm_mt_get_entries
[10:18:22.201] [bmv2] [T] [thread 5467] bm_mt_get_entries
[10:18:22.201] [bmv2] [T] [thread 5467] bm_mt_get_entries
[10:18:22.201] [bmv2] [T] [thread 5467] bm_mt_get_entries
[10:18:22.202] [bmv2] [T] [thread 5467] bm_mt_get_entries
[10:18:22.202] [bmv2] [T] [thread 5467] bm_mt_get_entries
[10:18:22.202] [bmv2] [T] [thread 5467] bm_mt_get_entries
[10:18:22.202] [bmv2] [T] [thread 5467] bm_mt_get_entries
[10:18:22.204] [bmv2] [T] [thread 5467] bm_mt_get_entries
[10:18:22.204] [bmv2] [T] [thread 5467] bm_mt_get_entries
