Warning: you requested the nanomsg event logger, but bmv2 was compiled without -DBMELOG, and the event logger cannot be activated
Calling target program-options parser
[10:15:37.345] [bmv2] [D] [thread 4951] Set default default entry for table 'MyIngress.direct_forward_with_tunnel': NoAction - 
[10:15:37.354] [bmv2] [D] [thread 4951] Set default default entry for table 'MyIngress.decap_forward_with_tunnel': NoAction - 
[10:15:37.354] [bmv2] [D] [thread 4951] Set default default entry for table 'MyIngress.direct_multicast': NoAction - 
[10:15:37.355] [bmv2] [D] [thread 4951] Set default default entry for table 'MyIngress.decap_multicast': NoAction - 
[10:15:37.356] [bmv2] [D] [thread 4951] Set default default entry for table 'MyIngress.direct_forward_without_tunnel': NoAction - 
[10:15:37.360] [bmv2] [D] [thread 4951] Set default default entry for table 'tbl_act': act - 
[10:15:37.362] [bmv2] [D] [thread 4951] Set default default entry for table 'tbl_act_0': act_0 - 
[10:15:37.363] [bmv2] [D] [thread 4951] Set default default entry for table 'tbl_your_pipeline221': your_pipeline221 - 
[10:15:37.365] [bmv2] [D] [thread 4951] Set default default entry for table 'MyIngress.ecmp_group': NoAction - 
[10:15:37.365] [bmv2] [D] [thread 4951] Set default default entry for table 'tbl_act_1': act_1 - 
[10:15:37.365] [bmv2] [D] [thread 4951] Set default default entry for table 'tbl_act_2': act_2 - 
[10:15:37.365] [bmv2] [D] [thread 4951] Set default default entry for table 'tbl_your_pipeline221_0': your_pipeline221_0 - 
[10:15:37.365] [bmv2] [D] [thread 4951] Set default default entry for table 'MyIngress.ecmp_forward': NoAction - 
[10:15:37.365] [bmv2] [D] [thread 4951] Set default default entry for table 'MyIngress.encap_forward_with_tunnel': NoAction - 
[10:15:37.365] [bmv2] [D] [thread 4951] Set default default entry for table 'tbl_act_3': act_3 - 
[10:15:37.365] [bmv2] [D] [thread 4951] Set default default entry for table 'tbl_act_4': act_4 - 
[10:15:37.365] [bmv2] [D] [thread 4951] Set default default entry for table 'MyIngress.encap_multicast': NoAction - 
[10:15:37.365] [bmv2] [D] [thread 4951] Set default default entry for table 'MyIngress.table_ipv4': MyIngress.decrease_ipv4_ttl - 
[10:15:37.367] [bmv2] [D] [thread 4951] Set default default entry for table 'MyEgress.encap_multicast_egress_decap': MyEgress.encap_multicast_egress_decap_act - 
Adding interface s2-eth1 as port 1
[10:15:37.381] [bmv2] [D] [thread 4951] Adding interface s2-eth1 as port 1
Adding interface s2-eth2 as port 2
[10:15:37.476] [bmv2] [D] [thread 4951] Adding interface s2-eth2 as port 2
Adding interface s2-eth3 as port 3
[10:15:37.557] [bmv2] [D] [thread 4951] Adding interface s2-eth3 as port 3
Adding interface s2-cpu-eth0 as port 4
[10:15:37.630] [bmv2] [D] [thread 4951] Adding interface s2-cpu-eth0 as port 4
[10:15:37.693] [bmv2] [I] [thread 4951] Starting Thrift server on port 9091
[10:15:37.702] [bmv2] [I] [thread 4951] Thrift server was started
[10:15:37.714] [bmv2] [D] [thread 4957] [0.0] [cxt 0] Processing packet received on port 2
[10:15:37.714] [bmv2] [D] [thread 4957] [0.0] [cxt 0] Parser 'parser': start
[10:15:37.714] [bmv2] [D] [thread 4957] [0.0] [cxt 0] Parser 'parser' entering state 'start'
[10:15:37.714] [bmv2] [D] [thread 4957] [0.0] [cxt 0] Extracting header 'ethernet_1'
[10:15:37.714] [bmv2] [D] [thread 4957] [0.0] [cxt 0] Parser state 'start': key is 86dd
[10:15:37.714] [bmv2] [T] [thread 4957] [0.0] [cxt 0] Bytes parsed: 14
[10:15:37.714] [bmv2] [D] [thread 4957] [0.0] [cxt 0] Parser 'parser': end
[10:15:37.714] [bmv2] [D] [thread 4957] [0.0] [cxt 0] Pipeline 'ingress': start
[10:15:37.714] [bmv2] [T] [thread 4957] [0.0] [cxt 0] p4src/your_pipeline.p4(211) Condition "hdr.tunnel.isValid()" (node_2) is false
[10:15:37.714] [bmv2] [T] [thread 4957] [0.0] [cxt 0] Applying table 'MyIngress.direct_forward_without_tunnel'
[10:15:37.714] [bmv2] [D] [thread 4957] [0.0] [cxt 0] Looking up key:
* standard_metadata.ingress_port: 0002
* hdr.ethernet_1.dstAddr        : 333300000016

[10:15:37.714] [bmv2] [D] [thread 4957] [0.0] [cxt 0] Table 'MyIngress.direct_forward_without_tunnel': miss
[10:15:37.714] [bmv2] [D] [thread 4957] [0.0] [cxt 0] Action entry is NoAction - 
[10:15:37.714] [bmv2] [T] [thread 4957] [0.0] [cxt 0] Action NoAction
[10:15:37.714] [bmv2] [T] [thread 4957] [0.0] [cxt 0] Applying table 'tbl_act_0'
[10:15:37.714] [bmv2] [D] [thread 4957] [0.0] [cxt 0] Looking up key:

[10:15:37.714] [bmv2] [D] [thread 4957] [0.0] [cxt 0] Table 'tbl_act_0': miss
[10:15:37.714] [bmv2] [D] [thread 4957] [0.0] [cxt 0] Action entry is act_0 - 
[10:15:37.714] [bmv2] [T] [thread 4957] [0.0] [cxt 0] Action act_0
[10:15:37.714] [bmv2] [T] [thread 4957] [0.0] [cxt 0] Primitive (no source info)
[10:15:37.714] [bmv2] [T] [thread 4957] [0.0] [cxt 0] Condition "node_11" (node_11) is false
[10:15:37.714] [bmv2] [T] [thread 4957] [0.0] [cxt 0] p4src/your_pipeline.p4(221) Condition "hdr.tcp.isValid()" (node_12) is true
[10:15:37.714] [bmv2] [T] [thread 4957] [0.0] [cxt 0] Applying table 'tbl_your_pipeline221'
[10:15:37.715] [bmv2] [D] [thread 4957] [0.0] [cxt 0] Looking up key:

[10:15:37.715] [bmv2] [D] [thread 4957] [0.0] [cxt 0] Table 'tbl_your_pipeline221': miss
[10:15:37.715] [bmv2] [D] [thread 4957] [0.0] [cxt 0] Action entry is your_pipeline221 - 
[10:15:37.715] [bmv2] [T] [thread 4957] [0.0] [cxt 0] Action your_pipeline221
[10:15:37.715] [bmv2] [T] [thread 4957] [0.0] [cxt 0] p4src/your_pipeline.p4(221) Primitive hdr.tcp.isValid() && ecmp_group.apply().hit
[10:15:37.715] [bmv2] [T] [thread 4957] [0.0] [cxt 0] Condition "node_18" (node_18) is false
[10:15:37.715] [bmv2] [T] [thread 4957] [0.0] [cxt 0] Applying table 'MyIngress.encap_forward_with_tunnel'
[10:15:37.715] [bmv2] [D] [thread 4957] [0.0] [cxt 0] Looking up key:
* standard_metadata.ingress_port: 0002
* hdr.ethernet_1.dstAddr        : 333300000016

[10:15:37.715] [bmv2] [D] [thread 4957] [0.0] [cxt 0] Table 'MyIngress.encap_forward_with_tunnel': miss
[10:15:37.715] [bmv2] [D] [thread 4957] [0.0] [cxt 0] Action entry is NoAction - 
[10:15:37.715] [bmv2] [T] [thread 4957] [0.0] [cxt 0] Action NoAction
[10:15:37.715] [bmv2] [T] [thread 4957] [0.0] [cxt 0] Applying table 'tbl_act_4'
[10:15:37.715] [bmv2] [D] [thread 4957] [0.0] [cxt 0] Looking up key:

[10:15:37.715] [bmv2] [D] [thread 4957] [0.0] [cxt 0] Table 'tbl_act_4': miss
[10:15:37.715] [bmv2] [D] [thread 4957] [0.0] [cxt 0] Action entry is act_4 - 
[10:15:37.715] [bmv2] [T] [thread 4957] [0.0] [cxt 0] Action act_4
[10:15:37.715] [bmv2] [T] [thread 4957] [0.0] [cxt 0] Primitive (no source info)
[10:15:37.715] [bmv2] [T] [thread 4957] [0.0] [cxt 0] Condition "node_23" (node_23) is false
[10:15:37.715] [bmv2] [T] [thread 4957] [0.0] [cxt 0] Applying table 'MyIngress.encap_multicast'
[10:15:37.715] [bmv2] [D] [thread 4957] [0.0] [cxt 0] Looking up key:
* standard_metadata.ingress_port: 0002

[10:15:37.715] [bmv2] [D] [thread 4957] [0.0] [cxt 0] Table 'MyIngress.encap_multicast': miss
[10:15:37.715] [bmv2] [D] [thread 4957] [0.0] [cxt 0] Action entry is NoAction - 
[10:15:37.715] [bmv2] [T] [thread 4957] [0.0] [cxt 0] Action NoAction
[10:15:37.715] [bmv2] [T] [thread 4957] [0.0] [cxt 0] p4src/your_pipeline.p4(225) Condition "hdr.ipv4.isValid()" (node_25) is false
[10:15:37.715] [bmv2] [D] [thread 4957] [0.0] [cxt 0] Pipeline 'ingress': end
[10:15:37.715] [bmv2] [D] [thread 4957] [0.0] [cxt 0] Egress port is 0
[10:15:37.717] [bmv2] [D] [thread 4958] [0.0] [cxt 0] Pipeline 'egress': start
[10:15:37.718] [bmv2] [T] [thread 4958] [0.0] [cxt 0] p4src/your_pipeline.p4(257) Condition "hdr.tunnel.isValid()" (node_29) is false
[10:15:37.718] [bmv2] [D] [thread 4958] [0.0] [cxt 0] Pipeline 'egress': end
[10:15:37.718] [bmv2] [D] [thread 4958] [0.0] [cxt 0] Deparser 'deparser': start
[10:15:37.718] [bmv2] [T] [thread 4958] [0.0] [cxt 0] Skipping checksum 'cksum' update because condition not met
[10:15:37.718] [bmv2] [D] [thread 4958] [0.0] [cxt 0] Deparsing header 'ethernet_1'
[10:15:37.718] [bmv2] [D] [thread 4958] [0.0] [cxt 0] Deparser 'deparser': end
[10:15:37.718] [bmv2] [D] [thread 4962] [0.0] [cxt 0] Transmitting packet of size 90 out of port 0
[10:15:39.704] [bmv2] [D] [thread 4957] [1.0] [cxt 0] Processing packet received on port 1
[10:15:39.704] [bmv2] [D] [thread 4957] [1.0] [cxt 0] Parser 'parser': start
[10:15:39.704] [bmv2] [D] [thread 4957] [1.0] [cxt 0] Parser 'parser' entering state 'start'
[10:15:39.705] [bmv2] [D] [thread 4957] [1.0] [cxt 0] Extracting header 'ethernet_1'
[10:15:39.705] [bmv2] [D] [thread 4957] [1.0] [cxt 0] Parser state 'start': key is 86dd
[10:15:39.705] [bmv2] [T] [thread 4957] [1.0] [cxt 0] Bytes parsed: 14
[10:15:39.705] [bmv2] [D] [thread 4957] [1.0] [cxt 0] Parser 'parser': end
[10:15:39.705] [bmv2] [D] [thread 4957] [1.0] [cxt 0] Pipeline 'ingress': start
[10:15:39.705] [bmv2] [T] [thread 4957] [1.0] [cxt 0] p4src/your_pipeline.p4(211) Condition "hdr.tunnel.isValid()" (node_2) is false
[10:15:39.705] [bmv2] [T] [thread 4957] [1.0] [cxt 0] Applying table 'MyIngress.direct_forward_without_tunnel'
[10:15:39.705] [bmv2] [D] [thread 4957] [1.0] [cxt 0] Looking up key:
* standard_metadata.ingress_port: 0001
* hdr.ethernet_1.dstAddr        : 333300000002

[10:15:39.705] [bmv2] [D] [thread 4957] [1.0] [cxt 0] Table 'MyIngress.direct_forward_without_tunnel': miss
[10:15:39.705] [bmv2] [D] [thread 4957] [1.0] [cxt 0] Action entry is NoAction - 
[10:15:39.705] [bmv2] [T] [thread 4957] [1.0] [cxt 0] Action NoAction
[10:15:39.705] [bmv2] [T] [thread 4957] [1.0] [cxt 0] Applying table 'tbl_act_0'
[10:15:39.705] [bmv2] [D] [thread 4957] [1.0] [cxt 0] Looking up key:

[10:15:39.705] [bmv2] [D] [thread 4957] [1.0] [cxt 0] Table 'tbl_act_0': miss
[10:15:39.705] [bmv2] [D] [thread 4957] [1.0] [cxt 0] Action entry is act_0 - 
[10:15:39.705] [bmv2] [T] [thread 4957] [1.0] [cxt 0] Action act_0
[10:15:39.705] [bmv2] [T] [thread 4957] [1.0] [cxt 0] Primitive (no source info)
[10:15:39.705] [bmv2] [T] [thread 4957] [1.0] [cxt 0] Condition "node_11" (node_11) is false
[10:15:39.705] [bmv2] [T] [thread 4957] [1.0] [cxt 0] p4src/your_pipeline.p4(221) Condition "hdr.tcp.isValid()" (node_12) is true
[10:15:39.705] [bmv2] [T] [thread 4957] [1.0] [cxt 0] Applying table 'tbl_your_pipeline221'
[10:15:39.705] [bmv2] [D] [thread 4957] [1.0] [cxt 0] Looking up key:

[10:15:39.705] [bmv2] [D] [thread 4957] [1.0] [cxt 0] Table 'tbl_your_pipeline221': miss
[10:15:39.705] [bmv2] [D] [thread 4957] [1.0] [cxt 0] Action entry is your_pipeline221 - 
[10:15:39.705] [bmv2] [T] [thread 4957] [1.0] [cxt 0] Action your_pipeline221
[10:15:39.705] [bmv2] [T] [thread 4957] [1.0] [cxt 0] p4src/your_pipeline.p4(221) Primitive hdr.tcp.isValid() && ecmp_group.apply().hit
[10:15:39.705] [bmv2] [T] [thread 4957] [1.0] [cxt 0] Condition "node_18" (node_18) is false
[10:15:39.705] [bmv2] [T] [thread 4957] [1.0] [cxt 0] Applying table 'MyIngress.encap_forward_with_tunnel'
[10:15:39.705] [bmv2] [D] [thread 4957] [1.0] [cxt 0] Looking up key:
* standard_metadata.ingress_port: 0001
* hdr.ethernet_1.dstAddr        : 333300000002

[10:15:39.705] [bmv2] [D] [thread 4957] [1.0] [cxt 0] Table 'MyIngress.encap_forward_with_tunnel': miss
[10:15:39.705] [bmv2] [D] [thread 4957] [1.0] [cxt 0] Action entry is NoAction - 
[10:15:39.705] [bmv2] [T] [thread 4957] [1.0] [cxt 0] Action NoAction
[10:15:39.705] [bmv2] [T] [thread 4957] [1.0] [cxt 0] Applying table 'tbl_act_4'
[10:15:39.705] [bmv2] [D] [thread 4957] [1.0] [cxt 0] Looking up key:

[10:15:39.705] [bmv2] [D] [thread 4957] [1.0] [cxt 0] Table 'tbl_act_4': miss
[10:15:39.705] [bmv2] [D] [thread 4957] [1.0] [cxt 0] Action entry is act_4 - 
[10:15:39.705] [bmv2] [T] [thread 4957] [1.0] [cxt 0] Action act_4
[10:15:39.705] [bmv2] [T] [thread 4957] [1.0] [cxt 0] Primitive (no source info)
[10:15:39.705] [bmv2] [T] [thread 4957] [1.0] [cxt 0] Condition "node_23" (node_23) is false
[10:15:39.705] [bmv2] [T] [thread 4957] [1.0] [cxt 0] Applying table 'MyIngress.encap_multicast'
[10:15:39.705] [bmv2] [D] [thread 4957] [1.0] [cxt 0] Looking up key:
* standard_metadata.ingress_port: 0001

[10:15:39.705] [bmv2] [D] [thread 4957] [1.0] [cxt 0] Table 'MyIngress.encap_multicast': miss
[10:15:39.705] [bmv2] [D] [thread 4957] [1.0] [cxt 0] Action entry is NoAction - 
[10:15:39.705] [bmv2] [T] [thread 4957] [1.0] [cxt 0] Action NoAction
[10:15:39.705] [bmv2] [T] [thread 4957] [1.0] [cxt 0] p4src/your_pipeline.p4(225) Condition "hdr.ipv4.isValid()" (node_25) is false
[10:15:39.705] [bmv2] [D] [thread 4957] [1.0] [cxt 0] Pipeline 'ingress': end
[10:15:39.705] [bmv2] [D] [thread 4957] [1.0] [cxt 0] Egress port is 0
[10:15:39.705] [bmv2] [D] [thread 4958] [1.0] [cxt 0] Pipeline 'egress': start
[10:15:39.705] [bmv2] [T] [thread 4958] [1.0] [cxt 0] p4src/your_pipeline.p4(257) Condition "hdr.tunnel.isValid()" (node_29) is false
[10:15:39.705] [bmv2] [D] [thread 4958] [1.0] [cxt 0] Pipeline 'egress': end
[10:15:39.705] [bmv2] [D] [thread 4958] [1.0] [cxt 0] Deparser 'deparser': start
[10:15:39.705] [bmv2] [T] [thread 4958] [1.0] [cxt 0] Skipping checksum 'cksum' update because condition not met
[10:15:39.705] [bmv2] [D] [thread 4958] [1.0] [cxt 0] Deparsing header 'ethernet_1'
[10:15:39.705] [bmv2] [D] [thread 4958] [1.0] [cxt 0] Deparser 'deparser': end
[10:15:39.705] [bmv2] [D] [thread 4962] [1.0] [cxt 0] Transmitting packet of size 70 out of port 0
[10:15:39.913] [bmv2] [D] [thread 4957] [2.0] [cxt 0] Processing packet received on port 1
[10:15:39.913] [bmv2] [D] [thread 4957] [2.0] [cxt 0] Parser 'parser': start
[10:15:39.913] [bmv2] [D] [thread 4957] [2.0] [cxt 0] Parser 'parser' entering state 'start'
[10:15:39.913] [bmv2] [D] [thread 4957] [2.0] [cxt 0] Extracting header 'ethernet_1'
[10:15:39.913] [bmv2] [D] [thread 4957] [2.0] [cxt 0] Parser state 'start': key is 86dd
[10:15:39.913] [bmv2] [T] [thread 4957] [2.0] [cxt 0] Bytes parsed: 14
[10:15:39.913] [bmv2] [D] [thread 4957] [2.0] [cxt 0] Parser 'parser': end
[10:15:39.913] [bmv2] [D] [thread 4957] [2.0] [cxt 0] Pipeline 'ingress': start
[10:15:39.913] [bmv2] [T] [thread 4957] [2.0] [cxt 0] p4src/your_pipeline.p4(211) Condition "hdr.tunnel.isValid()" (node_2) is false
[10:15:39.913] [bmv2] [T] [thread 4957] [2.0] [cxt 0] Applying table 'MyIngress.direct_forward_without_tunnel'
[10:15:39.913] [bmv2] [D] [thread 4957] [2.0] [cxt 0] Looking up key:
* standard_metadata.ingress_port: 0001
* hdr.ethernet_1.dstAddr        : 333300000002

[10:15:39.913] [bmv2] [D] [thread 4957] [2.0] [cxt 0] Table 'MyIngress.direct_forward_without_tunnel': miss
[10:15:39.913] [bmv2] [D] [thread 4957] [2.0] [cxt 0] Action entry is NoAction - 
[10:15:39.913] [bmv2] [T] [thread 4957] [2.0] [cxt 0] Action NoAction
[10:15:39.913] [bmv2] [T] [thread 4957] [2.0] [cxt 0] Applying table 'tbl_act_0'
[10:15:39.913] [bmv2] [D] [thread 4957] [2.0] [cxt 0] Looking up key:

[10:15:39.913] [bmv2] [D] [thread 4957] [2.0] [cxt 0] Table 'tbl_act_0': miss
[10:15:39.913] [bmv2] [D] [thread 4957] [2.0] [cxt 0] Action entry is act_0 - 
[10:15:39.913] [bmv2] [T] [thread 4957] [2.0] [cxt 0] Action act_0
[10:15:39.913] [bmv2] [T] [thread 4957] [2.0] [cxt 0] Primitive (no source info)
[10:15:39.913] [bmv2] [T] [thread 4957] [2.0] [cxt 0] Condition "node_11" (node_11) is false
[10:15:39.913] [bmv2] [T] [thread 4957] [2.0] [cxt 0] p4src/your_pipeline.p4(221) Condition "hdr.tcp.isValid()" (node_12) is true
[10:15:39.913] [bmv2] [T] [thread 4957] [2.0] [cxt 0] Applying table 'tbl_your_pipeline221'
[10:15:39.913] [bmv2] [D] [thread 4957] [2.0] [cxt 0] Looking up key:

[10:15:39.913] [bmv2] [D] [thread 4957] [2.0] [cxt 0] Table 'tbl_your_pipeline221': miss
[10:15:39.913] [bmv2] [D] [thread 4957] [2.0] [cxt 0] Action entry is your_pipeline221 - 
[10:15:39.913] [bmv2] [T] [thread 4957] [2.0] [cxt 0] Action your_pipeline221
[10:15:39.913] [bmv2] [T] [thread 4957] [2.0] [cxt 0] p4src/your_pipeline.p4(221) Primitive hdr.tcp.isValid() && ecmp_group.apply().hit
[10:15:39.913] [bmv2] [T] [thread 4957] [2.0] [cxt 0] Condition "node_18" (node_18) is false
[10:15:39.913] [bmv2] [T] [thread 4957] [2.0] [cxt 0] Applying table 'MyIngress.encap_forward_with_tunnel'
[10:15:39.913] [bmv2] [D] [thread 4957] [2.0] [cxt 0] Looking up key:
* standard_metadata.ingress_port: 0001
* hdr.ethernet_1.dstAddr        : 333300000002

[10:15:39.913] [bmv2] [D] [thread 4957] [2.0] [cxt 0] Table 'MyIngress.encap_forward_with_tunnel': miss
[10:15:39.913] [bmv2] [D] [thread 4957] [2.0] [cxt 0] Action entry is NoAction - 
[10:15:39.913] [bmv2] [T] [thread 4957] [2.0] [cxt 0] Action NoAction
[10:15:39.913] [bmv2] [T] [thread 4957] [2.0] [cxt 0] Applying table 'tbl_act_4'
[10:15:39.913] [bmv2] [D] [thread 4957] [2.0] [cxt 0] Looking up key:

[10:15:39.913] [bmv2] [D] [thread 4957] [2.0] [cxt 0] Table 'tbl_act_4': miss
[10:15:39.913] [bmv2] [D] [thread 4957] [2.0] [cxt 0] Action entry is act_4 - 
[10:15:39.913] [bmv2] [T] [thread 4957] [2.0] [cxt 0] Action act_4
[10:15:39.914] [bmv2] [T] [thread 4957] [2.0] [cxt 0] Primitive (no source info)
[10:15:39.914] [bmv2] [T] [thread 4957] [2.0] [cxt 0] Condition "node_23" (node_23) is false
[10:15:39.914] [bmv2] [T] [thread 4957] [2.0] [cxt 0] Applying table 'MyIngress.encap_multicast'
[10:15:39.914] [bmv2] [D] [thread 4957] [2.0] [cxt 0] Looking up key:
* standard_metadata.ingress_port: 0001

[10:15:39.914] [bmv2] [D] [thread 4957] [2.0] [cxt 0] Table 'MyIngress.encap_multicast': miss
[10:15:39.914] [bmv2] [D] [thread 4957] [2.0] [cxt 0] Action entry is NoAction - 
[10:15:39.914] [bmv2] [T] [thread 4957] [2.0] [cxt 0] Action NoAction
[10:15:39.914] [bmv2] [T] [thread 4957] [2.0] [cxt 0] p4src/your_pipeline.p4(225) Condition "hdr.ipv4.isValid()" (node_25) is false
[10:15:39.914] [bmv2] [D] [thread 4957] [2.0] [cxt 0] Pipeline 'ingress': end
[10:15:39.914] [bmv2] [D] [thread 4957] [2.0] [cxt 0] Egress port is 0
[10:15:39.914] [bmv2] [D] [thread 4958] [2.0] [cxt 0] Pipeline 'egress': start
[10:15:39.914] [bmv2] [T] [thread 4958] [2.0] [cxt 0] p4src/your_pipeline.p4(257) Condition "hdr.tunnel.isValid()" (node_29) is false
[10:15:39.914] [bmv2] [D] [thread 4958] [2.0] [cxt 0] Pipeline 'egress': end
[10:15:39.914] [bmv2] [D] [thread 4958] [2.0] [cxt 0] Deparser 'deparser': start
[10:15:39.914] [bmv2] [T] [thread 4958] [2.0] [cxt 0] Skipping checksum 'cksum' update because condition not met
[10:15:39.914] [bmv2] [D] [thread 4958] [2.0] [cxt 0] Deparsing header 'ethernet_1'
[10:15:39.914] [bmv2] [D] [thread 4958] [2.0] [cxt 0] Deparser 'deparser': end
[10:15:39.914] [bmv2] [D] [thread 4962] [2.0] [cxt 0] Transmitting packet of size 70 out of port 0
[10:15:40.264] [bmv2] [D] [thread 4957] [3.0] [cxt 0] Processing packet received on port 3
[10:15:40.264] [bmv2] [D] [thread 4957] [3.0] [cxt 0] Parser 'parser': start
[10:15:40.264] [bmv2] [D] [thread 4957] [3.0] [cxt 0] Parser 'parser' entering state 'start'
[10:15:40.264] [bmv2] [D] [thread 4957] [3.0] [cxt 0] Extracting header 'ethernet_1'
[10:15:40.264] [bmv2] [D] [thread 4957] [3.0] [cxt 0] Parser state 'start': key is 86dd
[10:15:40.264] [bmv2] [T] [thread 4957] [3.0] [cxt 0] Bytes parsed: 14
[10:15:40.264] [bmv2] [D] [thread 4957] [3.0] [cxt 0] Parser 'parser': end
[10:15:40.264] [bmv2] [D] [thread 4957] [3.0] [cxt 0] Pipeline 'ingress': start
[10:15:40.264] [bmv2] [T] [thread 4957] [3.0] [cxt 0] p4src/your_pipeline.p4(211) Condition "hdr.tunnel.isValid()" (node_2) is false
[10:15:40.264] [bmv2] [T] [thread 4957] [3.0] [cxt 0] Applying table 'MyIngress.direct_forward_without_tunnel'
[10:15:40.264] [bmv2] [D] [thread 4957] [3.0] [cxt 0] Looking up key:
* standard_metadata.ingress_port: 0003
* hdr.ethernet_1.dstAddr        : 333300000002

[10:15:40.264] [bmv2] [D] [thread 4957] [3.0] [cxt 0] Table 'MyIngress.direct_forward_without_tunnel': miss
[10:15:40.264] [bmv2] [D] [thread 4957] [3.0] [cxt 0] Action entry is NoAction - 
[10:15:40.264] [bmv2] [T] [thread 4957] [3.0] [cxt 0] Action NoAction
[10:15:40.264] [bmv2] [T] [thread 4957] [3.0] [cxt 0] Applying table 'tbl_act_0'
[10:15:40.264] [bmv2] [D] [thread 4957] [3.0] [cxt 0] Looking up key:

[10:15:40.264] [bmv2] [D] [thread 4957] [3.0] [cxt 0] Table 'tbl_act_0': miss
[10:15:40.264] [bmv2] [D] [thread 4957] [3.0] [cxt 0] Action entry is act_0 - 
[10:15:40.264] [bmv2] [T] [thread 4957] [3.0] [cxt 0] Action act_0
[10:15:40.264] [bmv2] [T] [thread 4957] [3.0] [cxt 0] Primitive (no source info)
[10:15:40.264] [bmv2] [T] [thread 4957] [3.0] [cxt 0] Condition "node_11" (node_11) is false
[10:15:40.264] [bmv2] [T] [thread 4957] [3.0] [cxt 0] p4src/your_pipeline.p4(221) Condition "hdr.tcp.isValid()" (node_12) is true
[10:15:40.264] [bmv2] [T] [thread 4957] [3.0] [cxt 0] Applying table 'tbl_your_pipeline221'
[10:15:40.264] [bmv2] [D] [thread 4957] [3.0] [cxt 0] Looking up key:

[10:15:40.264] [bmv2] [D] [thread 4957] [3.0] [cxt 0] Table 'tbl_your_pipeline221': miss
[10:15:40.264] [bmv2] [D] [thread 4957] [3.0] [cxt 0] Action entry is your_pipeline221 - 
[10:15:40.264] [bmv2] [T] [thread 4957] [3.0] [cxt 0] Action your_pipeline221
[10:15:40.264] [bmv2] [T] [thread 4957] [3.0] [cxt 0] p4src/your_pipeline.p4(221) Primitive hdr.tcp.isValid() && ecmp_group.apply().hit
[10:15:40.264] [bmv2] [T] [thread 4957] [3.0] [cxt 0] Condition "node_18" (node_18) is false
[10:15:40.264] [bmv2] [T] [thread 4957] [3.0] [cxt 0] Applying table 'MyIngress.encap_forward_with_tunnel'
[10:15:40.265] [bmv2] [D] [thread 4957] [3.0] [cxt 0] Looking up key:
* standard_metadata.ingress_port: 0003
* hdr.ethernet_1.dstAddr        : 333300000002

[10:15:40.265] [bmv2] [D] [thread 4957] [3.0] [cxt 0] Table 'MyIngress.encap_forward_with_tunnel': miss
[10:15:40.265] [bmv2] [D] [thread 4957] [3.0] [cxt 0] Action entry is NoAction - 
[10:15:40.265] [bmv2] [T] [thread 4957] [3.0] [cxt 0] Action NoAction
[10:15:40.265] [bmv2] [T] [thread 4957] [3.0] [cxt 0] Applying table 'tbl_act_4'
[10:15:40.265] [bmv2] [D] [thread 4957] [3.0] [cxt 0] Looking up key:

[10:15:40.265] [bmv2] [D] [thread 4957] [3.0] [cxt 0] Table 'tbl_act_4': miss
[10:15:40.265] [bmv2] [D] [thread 4957] [3.0] [cxt 0] Action entry is act_4 - 
[10:15:40.265] [bmv2] [T] [thread 4957] [3.0] [cxt 0] Action act_4
[10:15:40.265] [bmv2] [T] [thread 4957] [3.0] [cxt 0] Primitive (no source info)
[10:15:40.265] [bmv2] [T] [thread 4957] [3.0] [cxt 0] Condition "node_23" (node_23) is false
[10:15:40.265] [bmv2] [T] [thread 4957] [3.0] [cxt 0] Applying table 'MyIngress.encap_multicast'
[10:15:40.265] [bmv2] [D] [thread 4957] [3.0] [cxt 0] Looking up key:
* standard_metadata.ingress_port: 0003

[10:15:40.265] [bmv2] [D] [thread 4957] [3.0] [cxt 0] Table 'MyIngress.encap_multicast': miss
[10:15:40.265] [bmv2] [D] [thread 4957] [3.0] [cxt 0] Action entry is NoAction - 
[10:15:40.265] [bmv2] [T] [thread 4957] [3.0] [cxt 0] Action NoAction
[10:15:40.265] [bmv2] [T] [thread 4957] [3.0] [cxt 0] p4src/your_pipeline.p4(225) Condition "hdr.ipv4.isValid()" (node_25) is false
[10:15:40.265] [bmv2] [D] [thread 4957] [3.0] [cxt 0] Pipeline 'ingress': end
[10:15:40.265] [bmv2] [D] [thread 4957] [3.0] [cxt 0] Egress port is 0
[10:15:40.265] [bmv2] [D] [thread 4958] [3.0] [cxt 0] Pipeline 'egress': start
[10:15:40.265] [bmv2] [T] [thread 4958] [3.0] [cxt 0] p4src/your_pipeline.p4(257) Condition "hdr.tunnel.isValid()" (node_29) is false
[10:15:40.265] [bmv2] [D] [thread 4958] [3.0] [cxt 0] Pipeline 'egress': end
[10:15:40.265] [bmv2] [D] [thread 4958] [3.0] [cxt 0] Deparser 'deparser': start
[10:15:40.265] [bmv2] [T] [thread 4958] [3.0] [cxt 0] Skipping checksum 'cksum' update because condition not met
[10:15:40.265] [bmv2] [D] [thread 4958] [3.0] [cxt 0] Deparsing header 'ethernet_1'
[10:15:40.265] [bmv2] [D] [thread 4958] [3.0] [cxt 0] Deparser 'deparser': end
[10:15:40.265] [bmv2] [D] [thread 4962] [3.0] [cxt 0] Transmitting packet of size 70 out of port 0
[10:15:40.498] [bmv2] [D] [thread 4957] [4.0] [cxt 0] Processing packet received on port 4
[10:15:40.498] [bmv2] [D] [thread 4957] [4.0] [cxt 0] Parser 'parser': start
[10:15:40.498] [bmv2] [D] [thread 4957] [4.0] [cxt 0] Parser 'parser' entering state 'start'
[10:15:40.498] [bmv2] [D] [thread 4957] [4.0] [cxt 0] Extracting header 'ethernet_1'
[10:15:40.498] [bmv2] [D] [thread 4957] [4.0] [cxt 0] Parser state 'start': key is 86dd
[10:15:40.498] [bmv2] [T] [thread 4957] [4.0] [cxt 0] Bytes parsed: 14
[10:15:40.498] [bmv2] [D] [thread 4957] [4.0] [cxt 0] Parser 'parser': end
[10:15:40.498] [bmv2] [D] [thread 4957] [4.0] [cxt 0] Pipeline 'ingress': start
[10:15:40.498] [bmv2] [T] [thread 4957] [4.0] [cxt 0] p4src/your_pipeline.p4(211) Condition "hdr.tunnel.isValid()" (node_2) is false
[10:15:40.498] [bmv2] [T] [thread 4957] [4.0] [cxt 0] Applying table 'MyIngress.direct_forward_without_tunnel'
[10:15:40.498] [bmv2] [D] [thread 4957] [4.0] [cxt 0] Looking up key:
* standard_metadata.ingress_port: 0004
* hdr.ethernet_1.dstAddr        : 333300000002

[10:15:40.498] [bmv2] [D] [thread 4957] [4.0] [cxt 0] Table 'MyIngress.direct_forward_without_tunnel': miss
[10:15:40.498] [bmv2] [D] [thread 4957] [4.0] [cxt 0] Action entry is NoAction - 
[10:15:40.498] [bmv2] [T] [thread 4957] [4.0] [cxt 0] Action NoAction
[10:15:40.498] [bmv2] [T] [thread 4957] [4.0] [cxt 0] Applying table 'tbl_act_0'
[10:15:40.498] [bmv2] [D] [thread 4957] [4.0] [cxt 0] Looking up key:

[10:15:40.498] [bmv2] [D] [thread 4957] [4.0] [cxt 0] Table 'tbl_act_0': miss
[10:15:40.498] [bmv2] [D] [thread 4957] [4.0] [cxt 0] Action entry is act_0 - 
[10:15:40.498] [bmv2] [T] [thread 4957] [4.0] [cxt 0] Action act_0
[10:15:40.498] [bmv2] [T] [thread 4957] [4.0] [cxt 0] Primitive (no source info)
[10:15:40.498] [bmv2] [T] [thread 4957] [4.0] [cxt 0] Condition "node_11" (node_11) is false
[10:15:40.498] [bmv2] [T] [thread 4957] [4.0] [cxt 0] p4src/your_pipeline.p4(221) Condition "hdr.tcp.isValid()" (node_12) is true
[10:15:40.498] [bmv2] [T] [thread 4957] [4.0] [cxt 0] Applying table 'tbl_your_pipeline221'
[10:15:40.498] [bmv2] [D] [thread 4957] [4.0] [cxt 0] Looking up key:

[10:15:40.498] [bmv2] [D] [thread 4957] [4.0] [cxt 0] Table 'tbl_your_pipeline221': miss
[10:15:40.498] [bmv2] [D] [thread 4957] [4.0] [cxt 0] Action entry is your_pipeline221 - 
[10:15:40.498] [bmv2] [T] [thread 4957] [4.0] [cxt 0] Action your_pipeline221
[10:15:40.498] [bmv2] [T] [thread 4957] [4.0] [cxt 0] p4src/your_pipeline.p4(221) Primitive hdr.tcp.isValid() && ecmp_group.apply().hit
[10:15:40.498] [bmv2] [T] [thread 4957] [4.0] [cxt 0] Condition "node_18" (node_18) is false
[10:15:40.498] [bmv2] [T] [thread 4957] [4.0] [cxt 0] Applying table 'MyIngress.encap_forward_with_tunnel'
[10:15:40.498] [bmv2] [D] [thread 4957] [4.0] [cxt 0] Looking up key:
* standard_metadata.ingress_port: 0004
* hdr.ethernet_1.dstAddr        : 333300000002

[10:15:40.498] [bmv2] [D] [thread 4957] [4.0] [cxt 0] Table 'MyIngress.encap_forward_with_tunnel': miss
[10:15:40.498] [bmv2] [D] [thread 4957] [4.0] [cxt 0] Action entry is NoAction - 
[10:15:40.498] [bmv2] [T] [thread 4957] [4.0] [cxt 0] Action NoAction
[10:15:40.498] [bmv2] [T] [thread 4957] [4.0] [cxt 0] Applying table 'tbl_act_4'
[10:15:40.498] [bmv2] [D] [thread 4957] [4.0] [cxt 0] Looking up key:

[10:15:40.498] [bmv2] [D] [thread 4957] [4.0] [cxt 0] Table 'tbl_act_4': miss
[10:15:40.498] [bmv2] [D] [thread 4957] [4.0] [cxt 0] Action entry is act_4 - 
[10:15:40.498] [bmv2] [T] [thread 4957] [4.0] [cxt 0] Action act_4
[10:15:40.498] [bmv2] [T] [thread 4957] [4.0] [cxt 0] Primitive (no source info)
[10:15:40.498] [bmv2] [T] [thread 4957] [4.0] [cxt 0] Condition "node_23" (node_23) is false
[10:15:40.498] [bmv2] [T] [thread 4957] [4.0] [cxt 0] Applying table 'MyIngress.encap_multicast'
[10:15:40.498] [bmv2] [D] [thread 4957] [4.0] [cxt 0] Looking up key:
* standard_metadata.ingress_port: 0004

[10:15:40.498] [bmv2] [D] [thread 4957] [4.0] [cxt 0] Table 'MyIngress.encap_multicast': miss
[10:15:40.498] [bmv2] [D] [thread 4957] [4.0] [cxt 0] Action entry is NoAction - 
[10:15:40.498] [bmv2] [T] [thread 4957] [4.0] [cxt 0] Action NoAction
[10:15:40.498] [bmv2] [T] [thread 4957] [4.0] [cxt 0] p4src/your_pipeline.p4(225) Condition "hdr.ipv4.isValid()" (node_25) is false
[10:15:40.498] [bmv2] [D] [thread 4957] [4.0] [cxt 0] Pipeline 'ingress': end
[10:15:40.498] [bmv2] [D] [thread 4957] [4.0] [cxt 0] Egress port is 0
[10:15:40.498] [bmv2] [D] [thread 4958] [4.0] [cxt 0] Pipeline 'egress': start
[10:15:40.498] [bmv2] [T] [thread 4958] [4.0] [cxt 0] p4src/your_pipeline.p4(257) Condition "hdr.tunnel.isValid()" (node_29) is false
[10:15:40.498] [bmv2] [D] [thread 4958] [4.0] [cxt 0] Pipeline 'egress': end
[10:15:40.498] [bmv2] [D] [thread 4958] [4.0] [cxt 0] Deparser 'deparser': start
[10:15:40.498] [bmv2] [T] [thread 4958] [4.0] [cxt 0] Skipping checksum 'cksum' update because condition not met
[10:15:40.498] [bmv2] [D] [thread 4958] [4.0] [cxt 0] Deparsing header 'ethernet_1'
[10:15:40.498] [bmv2] [D] [thread 4958] [4.0] [cxt 0] Deparser 'deparser': end
[10:15:40.499] [bmv2] [D] [thread 4962] [4.0] [cxt 0] Transmitting packet of size 70 out of port 0
[10:15:40.674] [bmv2] [D] [thread 4957] [5.0] [cxt 0] Processing packet received on port 4
[10:15:40.674] [bmv2] [D] [thread 4957] [5.0] [cxt 0] Parser 'parser': start
[10:15:40.674] [bmv2] [D] [thread 4957] [5.0] [cxt 0] Parser 'parser' entering state 'start'
[10:15:40.674] [bmv2] [D] [thread 4957] [5.0] [cxt 0] Extracting header 'ethernet_1'
[10:15:40.674] [bmv2] [D] [thread 4957] [5.0] [cxt 0] Parser state 'start': key is 86dd
[10:15:40.674] [bmv2] [T] [thread 4957] [5.0] [cxt 0] Bytes parsed: 14
[10:15:40.674] [bmv2] [D] [thread 4957] [5.0] [cxt 0] Parser 'parser': end
[10:15:40.674] [bmv2] [D] [thread 4957] [5.0] [cxt 0] Pipeline 'ingress': start
[10:15:40.674] [bmv2] [T] [thread 4957] [5.0] [cxt 0] p4src/your_pipeline.p4(211) Condition "hdr.tunnel.isValid()" (node_2) is false
[10:15:40.674] [bmv2] [T] [thread 4957] [5.0] [cxt 0] Applying table 'MyIngress.direct_forward_without_tunnel'
[10:15:40.674] [bmv2] [D] [thread 4957] [5.0] [cxt 0] Looking up key:
* standard_metadata.ingress_port: 0004
* hdr.ethernet_1.dstAddr        : 333300000002

[10:15:40.674] [bmv2] [D] [thread 4957] [5.0] [cxt 0] Table 'MyIngress.direct_forward_without_tunnel': miss
[10:15:40.674] [bmv2] [D] [thread 4957] [5.0] [cxt 0] Action entry is NoAction - 
[10:15:40.674] [bmv2] [T] [thread 4957] [5.0] [cxt 0] Action NoAction
[10:15:40.674] [bmv2] [T] [thread 4957] [5.0] [cxt 0] Applying table 'tbl_act_0'
[10:15:40.674] [bmv2] [D] [thread 4957] [5.0] [cxt 0] Looking up key:

[10:15:40.674] [bmv2] [D] [thread 4957] [5.0] [cxt 0] Table 'tbl_act_0': miss
[10:15:40.674] [bmv2] [D] [thread 4957] [5.0] [cxt 0] Action entry is act_0 - 
[10:15:40.674] [bmv2] [T] [thread 4957] [5.0] [cxt 0] Action act_0
[10:15:40.674] [bmv2] [T] [thread 4957] [5.0] [cxt 0] Primitive (no source info)
[10:15:40.674] [bmv2] [T] [thread 4957] [5.0] [cxt 0] Condition "node_11" (node_11) is false
[10:15:40.674] [bmv2] [T] [thread 4957] [5.0] [cxt 0] p4src/your_pipeline.p4(221) Condition "hdr.tcp.isValid()" (node_12) is true
[10:15:40.674] [bmv2] [T] [thread 4957] [5.0] [cxt 0] Applying table 'tbl_your_pipeline221'
[10:15:40.674] [bmv2] [D] [thread 4957] [5.0] [cxt 0] Looking up key:

[10:15:40.674] [bmv2] [D] [thread 4957] [5.0] [cxt 0] Table 'tbl_your_pipeline221': miss
[10:15:40.674] [bmv2] [D] [thread 4957] [5.0] [cxt 0] Action entry is your_pipeline221 - 
[10:15:40.674] [bmv2] [T] [thread 4957] [5.0] [cxt 0] Action your_pipeline221
[10:15:40.674] [bmv2] [T] [thread 4957] [5.0] [cxt 0] p4src/your_pipeline.p4(221) Primitive hdr.tcp.isValid() && ecmp_group.apply().hit
[10:15:40.674] [bmv2] [T] [thread 4957] [5.0] [cxt 0] Condition "node_18" (node_18) is false
[10:15:40.674] [bmv2] [T] [thread 4957] [5.0] [cxt 0] Applying table 'MyIngress.encap_forward_with_tunnel'
[10:15:40.674] [bmv2] [D] [thread 4957] [5.0] [cxt 0] Looking up key:
* standard_metadata.ingress_port: 0004
* hdr.ethernet_1.dstAddr        : 333300000002

[10:15:40.674] [bmv2] [D] [thread 4957] [5.0] [cxt 0] Table 'MyIngress.encap_forward_with_tunnel': miss
[10:15:40.674] [bmv2] [D] [thread 4957] [5.0] [cxt 0] Action entry is NoAction - 
[10:15:40.674] [bmv2] [T] [thread 4957] [5.0] [cxt 0] Action NoAction
[10:15:40.674] [bmv2] [T] [thread 4957] [5.0] [cxt 0] Applying table 'tbl_act_4'
[10:15:40.674] [bmv2] [D] [thread 4957] [5.0] [cxt 0] Looking up key:

[10:15:40.674] [bmv2] [D] [thread 4957] [5.0] [cxt 0] Table 'tbl_act_4': miss
[10:15:40.674] [bmv2] [D] [thread 4957] [5.0] [cxt 0] Action entry is act_4 - 
[10:15:40.674] [bmv2] [T] [thread 4957] [5.0] [cxt 0] Action act_4
[10:15:40.674] [bmv2] [T] [thread 4957] [5.0] [cxt 0] Primitive (no source info)
[10:15:40.674] [bmv2] [T] [thread 4957] [5.0] [cxt 0] Condition "node_23" (node_23) is false
[10:15:40.674] [bmv2] [T] [thread 4957] [5.0] [cxt 0] Applying table 'MyIngress.encap_multicast'
[10:15:40.674] [bmv2] [D] [thread 4957] [5.0] [cxt 0] Looking up key:
* standard_metadata.ingress_port: 0004

[10:15:40.674] [bmv2] [D] [thread 4957] [5.0] [cxt 0] Table 'MyIngress.encap_multicast': miss
[10:15:40.674] [bmv2] [D] [thread 4957] [5.0] [cxt 0] Action entry is NoAction - 
[10:15:40.674] [bmv2] [T] [thread 4957] [5.0] [cxt 0] Action NoAction
[10:15:40.675] [bmv2] [T] [thread 4957] [5.0] [cxt 0] p4src/your_pipeline.p4(225) Condition "hdr.ipv4.isValid()" (node_25) is false
[10:15:40.675] [bmv2] [D] [thread 4957] [5.0] [cxt 0] Pipeline 'ingress': end
[10:15:40.675] [bmv2] [D] [thread 4957] [5.0] [cxt 0] Egress port is 0
[10:15:40.675] [bmv2] [D] [thread 4958] [5.0] [cxt 0] Pipeline 'egress': start
[10:15:40.675] [bmv2] [T] [thread 4958] [5.0] [cxt 0] p4src/your_pipeline.p4(257) Condition "hdr.tunnel.isValid()" (node_29) is false
[10:15:40.675] [bmv2] [D] [thread 4958] [5.0] [cxt 0] Pipeline 'egress': end
[10:15:40.675] [bmv2] [D] [thread 4958] [5.0] [cxt 0] Deparser 'deparser': start
[10:15:40.675] [bmv2] [T] [thread 4958] [5.0] [cxt 0] Skipping checksum 'cksum' update because condition not met
[10:15:40.675] [bmv2] [D] [thread 4958] [5.0] [cxt 0] Deparsing header 'ethernet_1'
[10:15:40.675] [bmv2] [D] [thread 4958] [5.0] [cxt 0] Deparser 'deparser': end
[10:15:40.675] [bmv2] [D] [thread 4962] [5.0] [cxt 0] Transmitting packet of size 70 out of port 0
[10:15:40.689] [bmv2] [D] [thread 4957] [6.0] [cxt 0] Processing packet received on port 3
[10:15:40.689] [bmv2] [D] [thread 4957] [6.0] [cxt 0] Parser 'parser': start
[10:15:40.689] [bmv2] [D] [thread 4957] [6.0] [cxt 0] Parser 'parser' entering state 'start'
[10:15:40.690] [bmv2] [D] [thread 4957] [6.0] [cxt 0] Extracting header 'ethernet_1'
[10:15:40.690] [bmv2] [D] [thread 4957] [6.0] [cxt 0] Parser state 'start': key is 86dd
[10:15:40.690] [bmv2] [T] [thread 4957] [6.0] [cxt 0] Bytes parsed: 14
[10:15:40.690] [bmv2] [D] [thread 4957] [6.0] [cxt 0] Parser 'parser': end
[10:15:40.690] [bmv2] [D] [thread 4957] [6.0] [cxt 0] Pipeline 'ingress': start
[10:15:40.690] [bmv2] [T] [thread 4957] [6.0] [cxt 0] p4src/your_pipeline.p4(211) Condition "hdr.tunnel.isValid()" (node_2) is false
[10:15:40.690] [bmv2] [T] [thread 4957] [6.0] [cxt 0] Applying table 'MyIngress.direct_forward_without_tunnel'
[10:15:40.690] [bmv2] [D] [thread 4957] [6.0] [cxt 0] Looking up key:
* standard_metadata.ingress_port: 0003
* hdr.ethernet_1.dstAddr        : 333300000002

[10:15:40.690] [bmv2] [D] [thread 4957] [6.0] [cxt 0] Table 'MyIngress.direct_forward_without_tunnel': miss
[10:15:40.690] [bmv2] [D] [thread 4957] [6.0] [cxt 0] Action entry is NoAction - 
[10:15:40.690] [bmv2] [T] [thread 4957] [6.0] [cxt 0] Action NoAction
[10:15:40.690] [bmv2] [T] [thread 4957] [6.0] [cxt 0] Applying table 'tbl_act_0'
[10:15:40.690] [bmv2] [D] [thread 4957] [6.0] [cxt 0] Looking up key:

[10:15:40.690] [bmv2] [D] [thread 4957] [6.0] [cxt 0] Table 'tbl_act_0': miss
[10:15:40.690] [bmv2] [D] [thread 4957] [6.0] [cxt 0] Action entry is act_0 - 
[10:15:40.690] [bmv2] [T] [thread 4957] [6.0] [cxt 0] Action act_0
[10:15:40.690] [bmv2] [T] [thread 4957] [6.0] [cxt 0] Primitive (no source info)
[10:15:40.690] [bmv2] [T] [thread 4957] [6.0] [cxt 0] Condition "node_11" (node_11) is false
[10:15:40.690] [bmv2] [T] [thread 4957] [6.0] [cxt 0] p4src/your_pipeline.p4(221) Condition "hdr.tcp.isValid()" (node_12) is true
[10:15:40.690] [bmv2] [T] [thread 4957] [6.0] [cxt 0] Applying table 'tbl_your_pipeline221'
[10:15:40.690] [bmv2] [D] [thread 4957] [6.0] [cxt 0] Looking up key:

[10:15:40.690] [bmv2] [D] [thread 4957] [6.0] [cxt 0] Table 'tbl_your_pipeline221': miss
[10:15:40.690] [bmv2] [D] [thread 4957] [6.0] [cxt 0] Action entry is your_pipeline221 - 
[10:15:40.690] [bmv2] [T] [thread 4957] [6.0] [cxt 0] Action your_pipeline221
[10:15:40.690] [bmv2] [T] [thread 4957] [6.0] [cxt 0] p4src/your_pipeline.p4(221) Primitive hdr.tcp.isValid() && ecmp_group.apply().hit
[10:15:40.690] [bmv2] [T] [thread 4957] [6.0] [cxt 0] Condition "node_18" (node_18) is false
[10:15:40.690] [bmv2] [T] [thread 4957] [6.0] [cxt 0] Applying table 'MyIngress.encap_forward_with_tunnel'
[10:15:40.690] [bmv2] [D] [thread 4957] [6.0] [cxt 0] Looking up key:
* standard_metadata.ingress_port: 0003
* hdr.ethernet_1.dstAddr        : 333300000002

[10:15:40.690] [bmv2] [D] [thread 4957] [6.0] [cxt 0] Table 'MyIngress.encap_forward_with_tunnel': miss
[10:15:40.690] [bmv2] [D] [thread 4957] [6.0] [cxt 0] Action entry is NoAction - 
[10:15:40.690] [bmv2] [T] [thread 4957] [6.0] [cxt 0] Action NoAction
[10:15:40.690] [bmv2] [T] [thread 4957] [6.0] [cxt 0] Applying table 'tbl_act_4'
[10:15:40.690] [bmv2] [D] [thread 4957] [6.0] [cxt 0] Looking up key:

[10:15:40.690] [bmv2] [D] [thread 4957] [6.0] [cxt 0] Table 'tbl_act_4': miss
[10:15:40.690] [bmv2] [D] [thread 4957] [6.0] [cxt 0] Action entry is act_4 - 
[10:15:40.690] [bmv2] [T] [thread 4957] [6.0] [cxt 0] Action act_4
[10:15:40.690] [bmv2] [T] [thread 4957] [6.0] [cxt 0] Primitive (no source info)
[10:15:40.690] [bmv2] [T] [thread 4957] [6.0] [cxt 0] Condition "node_23" (node_23) is false
[10:15:40.690] [bmv2] [T] [thread 4957] [6.0] [cxt 0] Applying table 'MyIngress.encap_multicast'
[10:15:40.690] [bmv2] [D] [thread 4957] [6.0] [cxt 0] Looking up key:
* standard_metadata.ingress_port: 0003

[10:15:40.690] [bmv2] [D] [thread 4957] [6.0] [cxt 0] Table 'MyIngress.encap_multicast': miss
[10:15:40.690] [bmv2] [D] [thread 4957] [6.0] [cxt 0] Action entry is NoAction - 
[10:15:40.690] [bmv2] [T] [thread 4957] [6.0] [cxt 0] Action NoAction
[10:15:40.691] [bmv2] [T] [thread 4957] [6.0] [cxt 0] p4src/your_pipeline.p4(225) Condition "hdr.ipv4.isValid()" (node_25) is false
[10:15:40.691] [bmv2] [D] [thread 4957] [6.0] [cxt 0] Pipeline 'ingress': end
[10:15:40.691] [bmv2] [D] [thread 4957] [6.0] [cxt 0] Egress port is 0
[10:15:40.691] [bmv2] [D] [thread 4958] [6.0] [cxt 0] Pipeline 'egress': start
[10:15:40.691] [bmv2] [T] [thread 4958] [6.0] [cxt 0] p4src/your_pipeline.p4(257) Condition "hdr.tunnel.isValid()" (node_29) is false
[10:15:40.691] [bmv2] [D] [thread 4958] [6.0] [cxt 0] Pipeline 'egress': end
[10:15:40.691] [bmv2] [D] [thread 4958] [6.0] [cxt 0] Deparser 'deparser': start
[10:15:40.691] [bmv2] [T] [thread 4958] [6.0] [cxt 0] Skipping checksum 'cksum' update because condition not met
[10:15:40.691] [bmv2] [D] [thread 4958] [6.0] [cxt 0] Deparsing header 'ethernet_1'
[10:15:40.691] [bmv2] [D] [thread 4958] [6.0] [cxt 0] Deparser 'deparser': end
[10:15:40.691] [bmv2] [D] [thread 4962] [6.0] [cxt 0] Transmitting packet of size 70 out of port 0
[10:15:40.802] [bmv2] [D] [thread 4957] [7.0] [cxt 0] Processing packet received on port 2
[10:15:40.802] [bmv2] [D] [thread 4957] [7.0] [cxt 0] Parser 'parser': start
[10:15:40.802] [bmv2] [D] [thread 4957] [7.0] [cxt 0] Parser 'parser' entering state 'start'
[10:15:40.802] [bmv2] [D] [thread 4957] [7.0] [cxt 0] Extracting header 'ethernet_1'
[10:15:40.802] [bmv2] [D] [thread 4957] [7.0] [cxt 0] Parser state 'start': key is 86dd
[10:15:40.802] [bmv2] [T] [thread 4957] [7.0] [cxt 0] Bytes parsed: 14
[10:15:40.802] [bmv2] [D] [thread 4957] [7.0] [cxt 0] Parser 'parser': end
[10:15:40.802] [bmv2] [D] [thread 4957] [7.0] [cxt 0] Pipeline 'ingress': start
[10:15:40.802] [bmv2] [T] [thread 4957] [7.0] [cxt 0] p4src/your_pipeline.p4(211) Condition "hdr.tunnel.isValid()" (node_2) is false
[10:15:40.802] [bmv2] [T] [thread 4957] [7.0] [cxt 0] Applying table 'MyIngress.direct_forward_without_tunnel'
[10:15:40.802] [bmv2] [D] [thread 4957] [7.0] [cxt 0] Looking up key:
* standard_metadata.ingress_port: 0002
* hdr.ethernet_1.dstAddr        : 333300000002

[10:15:40.802] [bmv2] [D] [thread 4957] [7.0] [cxt 0] Table 'MyIngress.direct_forward_without_tunnel': miss
[10:15:40.802] [bmv2] [D] [thread 4957] [7.0] [cxt 0] Action entry is NoAction - 
[10:15:40.802] [bmv2] [T] [thread 4957] [7.0] [cxt 0] Action NoAction
[10:15:40.802] [bmv2] [T] [thread 4957] [7.0] [cxt 0] Applying table 'tbl_act_0'
[10:15:40.802] [bmv2] [D] [thread 4957] [7.0] [cxt 0] Looking up key:

[10:15:40.802] [bmv2] [D] [thread 4957] [7.0] [cxt 0] Table 'tbl_act_0': miss
[10:15:40.802] [bmv2] [D] [thread 4957] [7.0] [cxt 0] Action entry is act_0 - 
[10:15:40.802] [bmv2] [T] [thread 4957] [7.0] [cxt 0] Action act_0
[10:15:40.803] [bmv2] [T] [thread 4957] [7.0] [cxt 0] Primitive (no source info)
[10:15:40.803] [bmv2] [T] [thread 4957] [7.0] [cxt 0] Condition "node_11" (node_11) is false
[10:15:40.803] [bmv2] [T] [thread 4957] [7.0] [cxt 0] p4src/your_pipeline.p4(221) Condition "hdr.tcp.isValid()" (node_12) is true
[10:15:40.803] [bmv2] [T] [thread 4957] [7.0] [cxt 0] Applying table 'tbl_your_pipeline221'
[10:15:40.803] [bmv2] [D] [thread 4957] [7.0] [cxt 0] Looking up key:

[10:15:40.803] [bmv2] [D] [thread 4957] [7.0] [cxt 0] Table 'tbl_your_pipeline221': miss
[10:15:40.803] [bmv2] [D] [thread 4957] [7.0] [cxt 0] Action entry is your_pipeline221 - 
[10:15:40.803] [bmv2] [T] [thread 4957] [7.0] [cxt 0] Action your_pipeline221
[10:15:40.803] [bmv2] [T] [thread 4957] [7.0] [cxt 0] p4src/your_pipeline.p4(221) Primitive hdr.tcp.isValid() && ecmp_group.apply().hit
[10:15:40.803] [bmv2] [T] [thread 4957] [7.0] [cxt 0] Condition "node_18" (node_18) is false
[10:15:40.803] [bmv2] [T] [thread 4957] [7.0] [cxt 0] Applying table 'MyIngress.encap_forward_with_tunnel'
[10:15:40.803] [bmv2] [D] [thread 4957] [7.0] [cxt 0] Looking up key:
* standard_metadata.ingress_port: 0002
* hdr.ethernet_1.dstAddr        : 333300000002

[10:15:40.803] [bmv2] [D] [thread 4957] [7.0] [cxt 0] Table 'MyIngress.encap_forward_with_tunnel': miss
[10:15:40.803] [bmv2] [D] [thread 4957] [7.0] [cxt 0] Action entry is NoAction - 
[10:15:40.803] [bmv2] [T] [thread 4957] [7.0] [cxt 0] Action NoAction
[10:15:40.803] [bmv2] [T] [thread 4957] [7.0] [cxt 0] Applying table 'tbl_act_4'
[10:15:40.803] [bmv2] [D] [thread 4957] [7.0] [cxt 0] Looking up key:

[10:15:40.803] [bmv2] [D] [thread 4957] [7.0] [cxt 0] Table 'tbl_act_4': miss
[10:15:40.803] [bmv2] [D] [thread 4957] [7.0] [cxt 0] Action entry is act_4 - 
[10:15:40.803] [bmv2] [T] [thread 4957] [7.0] [cxt 0] Action act_4
[10:15:40.803] [bmv2] [T] [thread 4957] [7.0] [cxt 0] Primitive (no source info)
[10:15:40.803] [bmv2] [T] [thread 4957] [7.0] [cxt 0] Condition "node_23" (node_23) is false
[10:15:40.803] [bmv2] [T] [thread 4957] [7.0] [cxt 0] Applying table 'MyIngress.encap_multicast'
[10:15:40.803] [bmv2] [D] [thread 4957] [7.0] [cxt 0] Looking up key:
* standard_metadata.ingress_port: 0002

[10:15:40.803] [bmv2] [D] [thread 4957] [7.0] [cxt 0] Table 'MyIngress.encap_multicast': miss
[10:15:40.803] [bmv2] [D] [thread 4957] [7.0] [cxt 0] Action entry is NoAction - 
[10:15:40.803] [bmv2] [T] [thread 4957] [7.0] [cxt 0] Action NoAction
[10:15:40.803] [bmv2] [T] [thread 4957] [7.0] [cxt 0] p4src/your_pipeline.p4(225) Condition "hdr.ipv4.isValid()" (node_25) is false
[10:15:40.803] [bmv2] [D] [thread 4957] [7.0] [cxt 0] Pipeline 'ingress': end
[10:15:40.803] [bmv2] [D] [thread 4957] [7.0] [cxt 0] Egress port is 0
[10:15:40.803] [bmv2] [D] [thread 4957] [8.0] [cxt 0] Processing packet received on port 2
[10:15:40.803] [bmv2] [D] [thread 4957] [8.0] [cxt 0] Parser 'parser': start
[10:15:40.803] [bmv2] [D] [thread 4957] [8.0] [cxt 0] Parser 'parser' entering state 'start'
[10:15:40.803] [bmv2] [D] [thread 4957] [8.0] [cxt 0] Extracting header 'ethernet_1'
[10:15:40.803] [bmv2] [D] [thread 4957] [8.0] [cxt 0] Parser state 'start': key is 86dd
[10:15:40.803] [bmv2] [T] [thread 4957] [8.0] [cxt 0] Bytes parsed: 14
[10:15:40.803] [bmv2] [D] [thread 4957] [8.0] [cxt 0] Parser 'parser': end
[10:15:40.803] [bmv2] [D] [thread 4957] [8.0] [cxt 0] Pipeline 'ingress': start
[10:15:40.803] [bmv2] [T] [thread 4957] [8.0] [cxt 0] p4src/your_pipeline.p4(211) Condition "hdr.tunnel.isValid()" (node_2) is false
[10:15:40.803] [bmv2] [T] [thread 4957] [8.0] [cxt 0] Applying table 'MyIngress.direct_forward_without_tunnel'
[10:15:40.803] [bmv2] [D] [thread 4957] [8.0] [cxt 0] Looking up key:
* standard_metadata.ingress_port: 0002
* hdr.ethernet_1.dstAddr        : 333300000002

[10:15:40.803] [bmv2] [D] [thread 4957] [8.0] [cxt 0] Table 'MyIngress.direct_forward_without_tunnel': miss
[10:15:40.804] [bmv2] [D] [thread 4957] [8.0] [cxt 0] Action entry is NoAction - 
[10:15:40.804] [bmv2] [T] [thread 4957] [8.0] [cxt 0] Action NoAction
[10:15:40.804] [bmv2] [T] [thread 4957] [8.0] [cxt 0] Applying table 'tbl_act_0'
[10:15:40.804] [bmv2] [D] [thread 4957] [8.0] [cxt 0] Looking up key:

[10:15:40.804] [bmv2] [D] [thread 4957] [8.0] [cxt 0] Table 'tbl_act_0': miss
[10:15:40.804] [bmv2] [D] [thread 4957] [8.0] [cxt 0] Action entry is act_0 - 
[10:15:40.804] [bmv2] [T] [thread 4957] [8.0] [cxt 0] Action act_0
[10:15:40.804] [bmv2] [T] [thread 4957] [8.0] [cxt 0] Primitive (no source info)
[10:15:40.804] [bmv2] [T] [thread 4957] [8.0] [cxt 0] Condition "node_11" (node_11) is false
[10:15:40.804] [bmv2] [T] [thread 4957] [8.0] [cxt 0] p4src/your_pipeline.p4(221) Condition "hdr.tcp.isValid()" (node_12) is true
[10:15:40.804] [bmv2] [T] [thread 4957] [8.0] [cxt 0] Applying table 'tbl_your_pipeline221'
[10:15:40.804] [bmv2] [D] [thread 4957] [8.0] [cxt 0] Looking up key:

[10:15:40.804] [bmv2] [D] [thread 4957] [8.0] [cxt 0] Table 'tbl_your_pipeline221': miss
[10:15:40.804] [bmv2] [D] [thread 4957] [8.0] [cxt 0] Action entry is your_pipeline221 - 
[10:15:40.804] [bmv2] [T] [thread 4957] [8.0] [cxt 0] Action your_pipeline221
[10:15:40.804] [bmv2] [T] [thread 4957] [8.0] [cxt 0] p4src/your_pipeline.p4(221) Primitive hdr.tcp.isValid() && ecmp_group.apply().hit
[10:15:40.804] [bmv2] [T] [thread 4957] [8.0] [cxt 0] Condition "node_18" (node_18) is false
[10:15:40.804] [bmv2] [T] [thread 4957] [8.0] [cxt 0] Applying table 'MyIngress.encap_forward_with_tunnel'
[10:15:40.804] [bmv2] [D] [thread 4957] [8.0] [cxt 0] Looking up key:
* standard_metadata.ingress_port: 0002
* hdr.ethernet_1.dstAddr        : 333300000002

[10:15:40.804] [bmv2] [D] [thread 4957] [8.0] [cxt 0] Table 'MyIngress.encap_forward_with_tunnel': miss
[10:15:40.804] [bmv2] [D] [thread 4957] [8.0] [cxt 0] Action entry is NoAction - 
[10:15:40.804] [bmv2] [T] [thread 4957] [8.0] [cxt 0] Action NoAction
[10:15:40.804] [bmv2] [T] [thread 4957] [8.0] [cxt 0] Applying table 'tbl_act_4'
[10:15:40.804] [bmv2] [D] [thread 4957] [8.0] [cxt 0] Looking up key:

[10:15:40.804] [bmv2] [D] [thread 4957] [8.0] [cxt 0] Table 'tbl_act_4': miss
[10:15:40.804] [bmv2] [D] [thread 4957] [8.0] [cxt 0] Action entry is act_4 - 
[10:15:40.804] [bmv2] [T] [thread 4957] [8.0] [cxt 0] Action act_4
[10:15:40.804] [bmv2] [T] [thread 4957] [8.0] [cxt 0] Primitive (no source info)
[10:15:40.804] [bmv2] [T] [thread 4957] [8.0] [cxt 0] Condition "node_23" (node_23) is false
[10:15:40.804] [bmv2] [T] [thread 4957] [8.0] [cxt 0] Applying table 'MyIngress.encap_multicast'
[10:15:40.804] [bmv2] [D] [thread 4957] [8.0] [cxt 0] Looking up key:
* standard_metadata.ingress_port: 0002

[10:15:40.804] [bmv2] [D] [thread 4957] [8.0] [cxt 0] Table 'MyIngress.encap_multicast': miss
[10:15:40.804] [bmv2] [D] [thread 4957] [8.0] [cxt 0] Action entry is NoAction - 
[10:15:40.804] [bmv2] [T] [thread 4957] [8.0] [cxt 0] Action NoAction
[10:15:40.804] [bmv2] [T] [thread 4957] [8.0] [cxt 0] p4src/your_pipeline.p4(225) Condition "hdr.ipv4.isValid()" (node_25) is false
[10:15:40.804] [bmv2] [D] [thread 4957] [8.0] [cxt 0] Pipeline 'ingress': end
[10:15:40.804] [bmv2] [D] [thread 4957] [8.0] [cxt 0] Egress port is 0
[10:15:40.804] [bmv2] [D] [thread 4958] [7.0] [cxt 0] Pipeline 'egress': start
[10:15:40.804] [bmv2] [T] [thread 4958] [7.0] [cxt 0] p4src/your_pipeline.p4(257) Condition "hdr.tunnel.isValid()" (node_29) is false
[10:15:40.804] [bmv2] [D] [thread 4958] [7.0] [cxt 0] Pipeline 'egress': end
[10:15:40.804] [bmv2] [D] [thread 4958] [7.0] [cxt 0] Deparser 'deparser': start
[10:15:40.804] [bmv2] [T] [thread 4958] [7.0] [cxt 0] Skipping checksum 'cksum' update because condition not met
[10:15:40.804] [bmv2] [D] [thread 4958] [7.0] [cxt 0] Deparsing header 'ethernet_1'
[10:15:40.804] [bmv2] [D] [thread 4958] [7.0] [cxt 0] Deparser 'deparser': end
[10:15:40.804] [bmv2] [D] [thread 4958] [8.0] [cxt 0] Pipeline 'egress': start
[10:15:40.804] [bmv2] [D] [thread 4962] [7.0] [cxt 0] Transmitting packet of size 70 out of port 0
[10:15:40.804] [bmv2] [T] [thread 4958] [8.0] [cxt 0] p4src/your_pipeline.p4(257) Condition "hdr.tunnel.isValid()" (node_29) is false
[10:15:40.805] [bmv2] [D] [thread 4958] [8.0] [cxt 0] Pipeline 'egress': end
[10:15:40.805] [bmv2] [D] [thread 4958] [8.0] [cxt 0] Deparser 'deparser': start
[10:15:40.805] [bmv2] [T] [thread 4958] [8.0] [cxt 0] Skipping checksum 'cksum' update because condition not met
[10:15:40.805] [bmv2] [D] [thread 4958] [8.0] [cxt 0] Deparsing header 'ethernet_1'
[10:15:40.805] [bmv2] [D] [thread 4958] [8.0] [cxt 0] Deparser 'deparser': end
[10:15:40.805] [bmv2] [D] [thread 4962] [8.0] [cxt 0] Transmitting packet of size 70 out of port 0
[10:15:42.896] [bmv2] [T] [thread 5150] bm_get_config
[10:15:42.901] [bmv2] [T] [thread 5150] bm_table_add_entry
[10:15:42.901] [bmv2] [D] [thread 5150] Entry 0 added to table 'MyIngress.direct_forward_with_tunnel'
[10:15:42.901] [bmv2] [D] [thread 5150] Dumping entry 0
Match key:
* standard_metadata.ingress_port: EXACT     0001
* hdr.tunnel.tunnel_id          : EXACT     0001
Action entry: MyIngress.direct_forward_with_tunnel_act - 3,

[10:15:42.902] [bmv2] [T] [thread 5150] bm_table_add_entry
[10:15:42.902] [bmv2] [D] [thread 5150] Entry 1 added to table 'MyIngress.direct_forward_with_tunnel'
[10:15:42.902] [bmv2] [D] [thread 5150] Dumping entry 1
Match key:
* standard_metadata.ingress_port: EXACT     0003
* hdr.tunnel.tunnel_id          : EXACT     0001
Action entry: MyIngress.direct_forward_with_tunnel_act - 1,

[10:15:42.902] [bmv2] [T] [thread 5150] bm_table_add_entry
[10:15:42.902] [bmv2] [D] [thread 5150] Entry 2 added to table 'MyIngress.direct_forward_with_tunnel'
[10:15:42.902] [bmv2] [D] [thread 5150] Dumping entry 2
Match key:
* standard_metadata.ingress_port: EXACT     0001
* hdr.tunnel.tunnel_id          : EXACT     0003
Action entry: MyIngress.direct_forward_with_tunnel_act - 2,

[10:15:42.903] [bmv2] [T] [thread 5150] bm_table_add_entry
[10:15:42.903] [bmv2] [D] [thread 5150] Entry 3 added to table 'MyIngress.direct_forward_with_tunnel'
[10:15:42.903] [bmv2] [D] [thread 5150] Dumping entry 3
Match key:
* standard_metadata.ingress_port: EXACT     0002
* hdr.tunnel.tunnel_id          : EXACT     0003
Action entry: MyIngress.direct_forward_with_tunnel_act - 1,

[10:15:42.904] [bmv2] [T] [thread 5150] bm_table_add_entry
[10:15:42.904] [bmv2] [D] [thread 5150] Entry 4 added to table 'MyIngress.direct_forward_with_tunnel'
[10:15:42.904] [bmv2] [D] [thread 5150] Dumping entry 4
Match key:
* standard_metadata.ingress_port: EXACT     0002
* hdr.tunnel.tunnel_id          : EXACT     0005
Action entry: MyIngress.direct_forward_with_tunnel_act - 3,

[10:15:42.904] [bmv2] [T] [thread 5150] bm_table_add_entry
[10:15:42.905] [bmv2] [D] [thread 5150] Entry 5 added to table 'MyIngress.direct_forward_with_tunnel'
[10:15:42.905] [bmv2] [D] [thread 5150] Dumping entry 5
Match key:
* standard_metadata.ingress_port: EXACT     0003
* hdr.tunnel.tunnel_id          : EXACT     0005
Action entry: MyIngress.direct_forward_with_tunnel_act - 2,

[10:15:42.905] [bmv2] [T] [thread 5150] bm_table_add_entry
[10:15:42.905] [bmv2] [D] [thread 5150] Entry 0 added to table 'MyIngress.table_ipv4'
[10:15:42.905] [bmv2] [D] [thread 5150] Dumping entry 0
Match key:
Action entry: MyIngress.decrease_ipv4_ttl - 

[10:15:42.906] [bmv2] [T] [thread 5150] bm_mc_node_create
[10:15:42.906] [bmv2] [D] [thread 5150] node created for rid 0
[10:15:42.906] [bmv2] [T] [thread 5150] bm_mc_node_create
[10:15:42.906] [bmv2] [D] [thread 5150] node created for rid 1
[10:15:42.906] [bmv2] [T] [thread 5150] bm_mc_node_create
[10:15:42.906] [bmv2] [D] [thread 5150] node created for rid 2
[10:15:42.907] [bmv2] [T] [thread 5150] bm_mc_mgrp_create
[10:15:42.907] [bmv2] [D] [thread 5150] mgrp node created for mgid 1
[10:15:42.907] [bmv2] [T] [thread 5150] bm_mc_node_associate
[10:15:42.907] [bmv2] [D] [thread 5150] node associated with mgid 1
[10:15:42.908] [bmv2] [T] [thread 5150] bm_mc_mgrp_create
[10:15:42.908] [bmv2] [D] [thread 5150] mgrp node created for mgid 2
[10:15:42.908] [bmv2] [T] [thread 5150] bm_mc_node_associate
[10:15:42.908] [bmv2] [D] [thread 5150] node associated with mgid 2
[10:15:42.908] [bmv2] [T] [thread 5150] bm_mc_mgrp_create
[10:15:42.908] [bmv2] [D] [thread 5150] mgrp node created for mgid 3
[10:15:42.909] [bmv2] [T] [thread 5150] bm_mc_node_associate
[10:15:42.909] [bmv2] [D] [thread 5150] node associated with mgid 3
[10:15:42.909] [bmv2] [T] [thread 5150] bm_table_add_entry
[10:15:42.909] [bmv2] [D] [thread 5150] Entry 0 added to table 'MyIngress.direct_multicast'
[10:15:42.909] [bmv2] [D] [thread 5150] Dumping entry 0
Match key:
* standard_metadata.ingress_port: EXACT     0001
Action entry: MyIngress.direct_multicast_act - 1,

[10:15:42.910] [bmv2] [T] [thread 5150] bm_table_add_entry
[10:15:42.910] [bmv2] [D] [thread 5150] Entry 1 added to table 'MyIngress.direct_multicast'
[10:15:42.910] [bmv2] [D] [thread 5150] Dumping entry 1
Match key:
* standard_metadata.ingress_port: EXACT     0002
Action entry: MyIngress.direct_multicast_act - 2,

[10:15:42.910] [bmv2] [T] [thread 5150] bm_table_add_entry
[10:15:42.910] [bmv2] [D] [thread 5150] Entry 2 added to table 'MyIngress.direct_multicast'
[10:15:42.910] [bmv2] [D] [thread 5150] Dumping entry 2
Match key:
* standard_metadata.ingress_port: EXACT     0003
Action entry: MyIngress.direct_multicast_act - 3,

[10:15:42.911] [bmv2] [T] [thread 5150] bm_table_add_entry
[10:15:42.911] [bmv2] [D] [thread 5150] Entry 0 added to table 'MyEgress.encap_multicast_egress_decap'
[10:15:42.911] [bmv2] [D] [thread 5150] Dumping entry 0
Match key:
* standard_metadata.egress_port: EXACT     0001
Action entry: NoAction - 

[10:15:42.911] [bmv2] [T] [thread 5150] bm_table_add_entry
[10:15:42.911] [bmv2] [D] [thread 5150] Entry 1 added to table 'MyEgress.encap_multicast_egress_decap'
[10:15:42.911] [bmv2] [D] [thread 5150] Dumping entry 1
Match key:
* standard_metadata.egress_port: EXACT     0002
Action entry: NoAction - 

[10:15:42.912] [bmv2] [T] [thread 5150] bm_table_add_entry
[10:15:42.912] [bmv2] [D] [thread 5150] Entry 2 added to table 'MyEgress.encap_multicast_egress_decap'
[10:15:42.912] [bmv2] [D] [thread 5150] Dumping entry 2
Match key:
* standard_metadata.egress_port: EXACT     0003
Action entry: NoAction - 

[10:17:10.285] [bmv2] [T] [thread 5273] bm_get_config
[10:17:10.287] [bmv2] [T] [thread 5273] bm_mt_get_entries
[10:17:10.287] [bmv2] [T] [thread 5273] bm_mt_get_entries
[10:17:10.287] [bmv2] [T] [thread 5273] bm_mt_get_entries
[10:17:10.288] [bmv2] [T] [thread 5273] bm_mt_get_entries
[10:17:10.289] [bmv2] [T] [thread 5273] bm_mt_get_entries
[10:17:10.290] [bmv2] [T] [thread 5273] bm_mt_get_entries
[10:17:10.290] [bmv2] [T] [thread 5273] bm_mt_get_entries
[10:17:10.291] [bmv2] [T] [thread 5273] bm_mt_get_entries
[10:17:10.291] [bmv2] [T] [thread 5273] bm_mt_get_entries
[10:17:10.291] [bmv2] [T] [thread 5273] bm_mt_get_entries
[10:17:10.292] [bmv2] [T] [thread 5273] bm_mt_get_entries
[10:17:10.292] [bmv2] [T] [thread 5273] bm_mt_get_entries
[10:17:10.292] [bmv2] [T] [thread 5273] bm_mt_get_entries
[10:17:10.293] [bmv2] [T] [thread 5273] bm_mt_get_entries
[10:17:10.295] [bmv2] [T] [thread 5273] bm_mt_get_entries
[10:17:10.295] [bmv2] [T] [thread 5273] bm_mt_get_entries
[10:17:10.295] [bmv2] [T] [thread 5273] bm_mt_get_entries
[10:17:10.296] [bmv2] [T] [thread 5273] bm_mt_get_entries
[10:17:10.296] [bmv2] [T] [thread 5273] bm_mt_get_entries
[10:17:10.357] [bmv2] [T] [thread 5273] bm_reset_state
[10:17:10.363] [bmv2] [D] [thread 5273] Resetting simple_switch target-specific state
[10:17:10.363] [bmv2] [D] [thread 5273] resetting PRE state
[10:17:10.385] [bmv2] [T] [thread 5278] mirroring_sesssion_add
[10:17:10.403] [bmv2] [T] [thread 5284] bm_get_config
[10:17:10.406] [bmv2] [T] [thread 5284] bm_mt_get_entries
[10:17:10.407] [bmv2] [T] [thread 5284] bm_mt_get_entries
[10:17:10.408] [bmv2] [T] [thread 5284] bm_mt_get_entries
[10:17:10.409] [bmv2] [T] [thread 5284] bm_mt_get_entries
[10:17:10.410] [bmv2] [T] [thread 5284] bm_mt_get_entries
[10:17:10.410] [bmv2] [T] [thread 5284] bm_mt_get_entries
[10:17:10.410] [bmv2] [T] [thread 5284] bm_mt_get_entries
[10:17:10.410] [bmv2] [T] [thread 5284] bm_mt_get_entries
[10:17:10.410] [bmv2] [T] [thread 5284] bm_mt_get_entries
[10:17:10.411] [bmv2] [T] [thread 5284] bm_mt_get_entries
[10:17:10.411] [bmv2] [T] [thread 5284] bm_mt_get_entries
[10:17:10.411] [bmv2] [T] [thread 5284] bm_mt_get_entries
[10:17:10.412] [bmv2] [T] [thread 5284] bm_mt_get_entries
[10:17:10.412] [bmv2] [T] [thread 5284] bm_mt_get_entries
[10:17:10.412] [bmv2] [T] [thread 5284] bm_mt_get_entries
[10:17:10.412] [bmv2] [T] [thread 5284] bm_mt_get_entries
[10:17:10.413] [bmv2] [T] [thread 5284] bm_mt_get_entries
[10:17:10.413] [bmv2] [T] [thread 5284] bm_mt_get_entries
[10:17:10.413] [bmv2] [T] [thread 5284] bm_mt_get_entries
[10:17:53.904] [bmv2] [T] [thread 5361] bm_get_config
[10:17:53.906] [bmv2] [T] [thread 5361] bm_mt_get_entries
[10:17:53.907] [bmv2] [T] [thread 5361] bm_mt_get_entries
[10:17:53.907] [bmv2] [T] [thread 5361] bm_mt_get_entries
[10:17:53.907] [bmv2] [T] [thread 5361] bm_mt_get_entries
[10:17:53.908] [bmv2] [T] [thread 5361] bm_mt_get_entries
[10:17:53.908] [bmv2] [T] [thread 5361] bm_mt_get_entries
[10:17:53.909] [bmv2] [T] [thread 5361] bm_mt_get_entries
[10:17:53.909] [bmv2] [T] [thread 5361] bm_mt_get_entries
[10:17:53.909] [bmv2] [T] [thread 5361] bm_mt_get_entries
[10:17:53.909] [bmv2] [T] [thread 5361] bm_mt_get_entries
[10:17:53.910] [bmv2] [T] [thread 5361] bm_mt_get_entries
[10:17:53.910] [bmv2] [T] [thread 5361] bm_mt_get_entries
[10:17:53.911] [bmv2] [T] [thread 5361] bm_mt_get_entries
[10:17:53.912] [bmv2] [T] [thread 5361] bm_mt_get_entries
[10:17:53.912] [bmv2] [T] [thread 5361] bm_mt_get_entries
[10:17:53.912] [bmv2] [T] [thread 5361] bm_mt_get_entries
[10:17:53.913] [bmv2] [T] [thread 5361] bm_mt_get_entries
[10:17:53.913] [bmv2] [T] [thread 5361] bm_mt_get_entries
[10:17:53.913] [bmv2] [T] [thread 5361] bm_mt_get_entries
[10:17:53.941] [bmv2] [T] [thread 5361] bm_reset_state
[10:17:53.948] [bmv2] [D] [thread 5361] Resetting simple_switch target-specific state
[10:17:53.948] [bmv2] [D] [thread 5361] resetting PRE state
[10:17:53.970] [bmv2] [T] [thread 5366] mirroring_sesssion_add
[10:17:53.986] [bmv2] [T] [thread 5372] bm_get_config
[10:17:53.990] [bmv2] [T] [thread 5372] bm_mt_get_entries
[10:17:53.991] [bmv2] [T] [thread 5372] bm_mt_get_entries
[10:17:53.992] [bmv2] [T] [thread 5372] bm_mt_get_entries
[10:17:53.994] [bmv2] [T] [thread 5372] bm_mt_get_entries
[10:17:53.995] [bmv2] [T] [thread 5372] bm_mt_get_entries
[10:17:53.996] [bmv2] [T] [thread 5372] bm_mt_get_entries
[10:17:53.997] [bmv2] [T] [thread 5372] bm_mt_get_entries
[10:17:53.998] [bmv2] [T] [thread 5372] bm_mt_get_entries
[10:17:53.998] [bmv2] [T] [thread 5372] bm_mt_get_entries
[10:17:53.998] [bmv2] [T] [thread 5372] bm_mt_get_entries
[10:17:53.999] [bmv2] [T] [thread 5372] bm_mt_get_entries
[10:17:53.999] [bmv2] [T] [thread 5372] bm_mt_get_entries
[10:17:54.000] [bmv2] [T] [thread 5372] bm_mt_get_entries
[10:17:54.000] [bmv2] [T] [thread 5372] bm_mt_get_entries
[10:17:54.000] [bmv2] [T] [thread 5372] bm_mt_get_entries
[10:17:54.001] [bmv2] [T] [thread 5372] bm_mt_get_entries
[10:17:54.001] [bmv2] [T] [thread 5372] bm_mt_get_entries
[10:17:54.001] [bmv2] [T] [thread 5372] bm_mt_get_entries
[10:17:54.002] [bmv2] [T] [thread 5372] bm_mt_get_entries
[10:18:22.021] [bmv2] [T] [thread 5454] bm_get_config
[10:18:22.025] [bmv2] [T] [thread 5454] bm_mt_get_entries
[10:18:22.025] [bmv2] [T] [thread 5454] bm_mt_get_entries
[10:18:22.025] [bmv2] [T] [thread 5454] bm_mt_get_entries
[10:18:22.025] [bmv2] [T] [thread 5454] bm_mt_get_entries
[10:18:22.025] [bmv2] [T] [thread 5454] bm_mt_get_entries
[10:18:22.026] [bmv2] [T] [thread 5454] bm_mt_get_entries
[10:18:22.026] [bmv2] [T] [thread 5454] bm_mt_get_entries
[10:18:22.026] [bmv2] [T] [thread 5454] bm_mt_get_entries
[10:18:22.026] [bmv2] [T] [thread 5454] bm_mt_get_entries
[10:18:22.026] [bmv2] [T] [thread 5454] bm_mt_get_entries
[10:18:22.026] [bmv2] [T] [thread 5454] bm_mt_get_entries
[10:18:22.027] [bmv2] [T] [thread 5454] bm_mt_get_entries
[10:18:22.027] [bmv2] [T] [thread 5454] bm_mt_get_entries
[10:18:22.027] [bmv2] [T] [thread 5454] bm_mt_get_entries
[10:18:22.027] [bmv2] [T] [thread 5454] bm_mt_get_entries
[10:18:22.027] [bmv2] [T] [thread 5454] bm_mt_get_entries
[10:18:22.028] [bmv2] [T] [thread 5454] bm_mt_get_entries
[10:18:22.028] [bmv2] [T] [thread 5454] bm_mt_get_entries
[10:18:22.028] [bmv2] [T] [thread 5454] bm_mt_get_entries
[10:18:22.086] [bmv2] [T] [thread 5454] bm_reset_state
[10:18:22.101] [bmv2] [D] [thread 5454] Resetting simple_switch target-specific state
[10:18:22.101] [bmv2] [D] [thread 5454] resetting PRE state
[10:18:22.143] [bmv2] [T] [thread 5459] mirroring_sesssion_add
[10:18:22.164] [bmv2] [T] [thread 5465] bm_get_config
[10:18:22.168] [bmv2] [T] [thread 5465] bm_mt_get_entries
[10:18:22.169] [bmv2] [T] [thread 5465] bm_mt_get_entries
[10:18:22.171] [bmv2] [T] [thread 5465] bm_mt_get_entries
[10:18:22.174] [bmv2] [T] [thread 5465] bm_mt_get_entries
[10:18:22.176] [bmv2] [T] [thread 5465] bm_mt_get_entries
[10:18:22.177] [bmv2] [T] [thread 5465] bm_mt_get_entries
[10:18:22.178] [bmv2] [T] [thread 5465] bm_mt_get_entries
[10:18:22.179] [bmv2] [T] [thread 5465] bm_mt_get_entries
[10:18:22.179] [bmv2] [T] [thread 5465] bm_mt_get_entries
[10:18:22.181] [bmv2] [T] [thread 5465] bm_mt_get_entries
[10:18:22.181] [bmv2] [T] [thread 5465] bm_mt_get_entries
[10:18:22.182] [bmv2] [T] [thread 5465] bm_mt_get_entries
[10:18:22.182] [bmv2] [T] [thread 5465] bm_mt_get_entries
[10:18:22.182] [bmv2] [T] [thread 5465] bm_mt_get_entries
[10:18:22.183] [bmv2] [T] [thread 5465] bm_mt_get_entries
[10:18:22.183] [bmv2] [T] [thread 5465] bm_mt_get_entries
[10:18:22.183] [bmv2] [T] [thread 5465] bm_mt_get_entries
[10:18:22.184] [bmv2] [T] [thread 5465] bm_mt_get_entries
[10:18:22.184] [bmv2] [T] [thread 5465] bm_mt_get_entries
