Obtaining JSON from switch...
Done
Control utility for runtime P4 table manipulation
RuntimeCmd: Adding entry to exact match table direct_forward_with_tunnel
match key:           EXACT-00:01	EXACT-00:01
action:              direct_forward_with_tunnel_act
runtime data:        00:03
Entry has been added with handle 0
RuntimeCmd: Adding entry to exact match table direct_forward_with_tunnel
match key:           EXACT-00:03	EXACT-00:01
action:              direct_forward_with_tunnel_act
runtime data:        00:01
Entry has been added with handle 1
RuntimeCmd: Adding entry to exact match table direct_forward_with_tunnel
match key:           EXACT-00:01	EXACT-00:03
action:              direct_forward_with_tunnel_act
runtime data:        00:02
Entry has been added with handle 2
RuntimeCmd: Adding entry to exact match table direct_forward_with_tunnel
match key:           EXACT-00:02	EXACT-00:03
action:              direct_forward_with_tunnel_act
runtime data:        00:01
Entry has been added with handle 3
RuntimeCmd: Adding entry to exact match table direct_forward_with_tunnel
match key:           EXACT-00:02	EXACT-00:05
action:              direct_forward_with_tunnel_act
runtime data:        00:03
Entry has been added with handle 4
RuntimeCmd: Adding entry to exact match table direct_forward_with_tunnel
match key:           EXACT-00:03	EXACT-00:05
action:              direct_forward_with_tunnel_act
runtime data:        00:02
Entry has been added with handle 5
RuntimeCmd: Adding entry to exact match table table_ipv4
match key:           
action:              decrease_ipv4_ttl
runtime data:        
Entry has been added with handle 0
RuntimeCmd: Creating node with rid 0 , port map 1100 and lag map 
node was created with handle 0
RuntimeCmd: Creating node with rid 1 , port map 1010 and lag map 
node was created with handle 1
RuntimeCmd: Creating node with rid 2 , port map 110 and lag map 
node was created with handle 2
RuntimeCmd: Creating multicast group 1
RuntimeCmd: Associating node 0 to multicast group 1
RuntimeCmd: Creating multicast group 2
RuntimeCmd: Associating node 1 to multicast group 2
RuntimeCmd: Creating multicast group 3
RuntimeCmd: Associating node 2 to multicast group 3
RuntimeCmd: Adding entry to exact match table direct_multicast
match key:           EXACT-00:01
action:              direct_multicast_act
runtime data:        00:01
Entry has been added with handle 0
RuntimeCmd: Adding entry to exact match table direct_multicast
match key:           EXACT-00:02
action:              direct_multicast_act
runtime data:        00:02
Entry has been added with handle 1
RuntimeCmd: Adding entry to exact match table direct_multicast
match key:           EXACT-00:03
action:              direct_multicast_act
runtime data:        00:03
Entry has been added with handle 2
RuntimeCmd: Adding entry to exact match table encap_multicast_egress_decap
match key:           EXACT-00:01
action:              NoAction
runtime data:        
Entry has been added with handle 0
RuntimeCmd: Adding entry to exact match table encap_multicast_egress_decap
match key:           EXACT-00:02
action:              NoAction
runtime data:        
Entry has been added with handle 1
RuntimeCmd: Adding entry to exact match table encap_multicast_egress_decap
match key:           EXACT-00:03
action:              NoAction
runtime data:        
Entry has been added with handle 2
RuntimeCmd: 
