Warning: you requested the nanomsg event logger, but bmv2 was compiled without -DBMELOG, and the event logger cannot be activated
Calling target program-options parser
[10:15:39.252] [bmv2] [D] [thread 4980] Set default default entry for table 'MyIngress.direct_forward_with_tunnel': NoAction - 
[10:15:39.252] [bmv2] [D] [thread 4980] Set default default entry for table 'MyIngress.decap_forward_with_tunnel': NoAction - 
[10:15:39.252] [bmv2] [D] [thread 4980] Set default default entry for table 'MyIngress.direct_multicast': NoAction - 
[10:15:39.252] [bmv2] [D] [thread 4980] Set default default entry for table 'MyIngress.decap_multicast': NoAction - 
[10:15:39.252] [bmv2] [D] [thread 4980] Set default default entry for table 'MyIngress.direct_forward_without_tunnel': NoAction - 
[10:15:39.252] [bmv2] [D] [thread 4980] Set default default entry for table 'tbl_act': act - 
[10:15:39.252] [bmv2] [D] [thread 4980] Set default default entry for table 'tbl_act_0': act_0 - 
[10:15:39.252] [bmv2] [D] [thread 4980] Set default default entry for table 'tbl_your_pipeline221': your_pipeline221 - 
[10:15:39.252] [bmv2] [D] [thread 4980] Set default default entry for table 'MyIngress.ecmp_group': NoAction - 
[10:15:39.253] [bmv2] [D] [thread 4980] Set default default entry for table 'tbl_act_1': act_1 - 
[10:15:39.253] [bmv2] [D] [thread 4980] Set default default entry for table 'tbl_act_2': act_2 - 
[10:15:39.253] [bmv2] [D] [thread 4980] Set default default entry for table 'tbl_your_pipeline221_0': your_pipeline221_0 - 
[10:15:39.253] [bmv2] [D] [thread 4980] Set default default entry for table 'MyIngress.ecmp_forward': NoAction - 
[10:15:39.253] [bmv2] [D] [thread 4980] Set default default entry for table 'MyIngress.encap_forward_with_tunnel': NoAction - 
[10:15:39.253] [bmv2] [D] [thread 4980] Set default default entry for table 'tbl_act_3': act_3 - 
[10:15:39.253] [bmv2] [D] [thread 4980] Set default default entry for table 'tbl_act_4': act_4 - 
[10:15:39.253] [bmv2] [D] [thread 4980] Set default default entry for table 'MyIngress.encap_multicast': NoAction - 
[10:15:39.253] [bmv2] [D] [thread 4980] Set default default entry for table 'MyIngress.table_ipv4': MyIngress.decrease_ipv4_ttl - 
[10:15:39.253] [bmv2] [D] [thread 4980] Set default default entry for table 'MyEgress.encap_multicast_egress_decap': MyEgress.encap_multicast_egress_decap_act - 
Adding interface s4-eth1 as port 1
[10:15:39.258] [bmv2] [D] [thread 4980] Adding interface s4-eth1 as port 1
Adding interface s4-eth2 as port 2
[10:15:39.306] [bmv2] [D] [thread 4980] Adding interface s4-eth2 as port 2
Adding interface s4-eth3 as port 3
[10:15:39.354] [bmv2] [D] [thread 4980] Adding interface s4-eth3 as port 3
Adding interface s4-eth4 as port 4
[10:15:39.403] [bmv2] [D] [thread 4980] Adding interface s4-eth4 as port 4
Adding interface s4-cpu-eth0 as port 5
[10:15:39.450] [bmv2] [D] [thread 4980] Adding interface s4-cpu-eth0 as port 5
[10:15:39.498] [bmv2] [I] [thread 4980] Starting Thrift server on port 9093
[10:15:39.498] [bmv2] [I] [thread 4980] Thrift server was started
[10:15:39.515] [bmv2] [D] [thread 4986] [0.0] [cxt 0] Processing packet received on port 2
[10:15:39.515] [bmv2] [D] [thread 4986] [0.0] [cxt 0] Parser 'parser': start
[10:15:39.515] [bmv2] [D] [thread 4986] [0.0] [cxt 0] Parser 'parser' entering state 'start'
[10:15:39.515] [bmv2] [D] [thread 4986] [0.0] [cxt 0] Extracting header 'ethernet_1'
[10:15:39.515] [bmv2] [D] [thread 4986] [0.0] [cxt 0] Parser state 'start': key is 86dd
[10:15:39.515] [bmv2] [T] [thread 4986] [0.0] [cxt 0] Bytes parsed: 14
[10:15:39.515] [bmv2] [D] [thread 4986] [0.0] [cxt 0] Parser 'parser': end
[10:15:39.515] [bmv2] [D] [thread 4986] [0.0] [cxt 0] Pipeline 'ingress': start
[10:15:39.515] [bmv2] [T] [thread 4986] [0.0] [cxt 0] p4src/your_pipeline.p4(211) Condition "hdr.tunnel.isValid()" (node_2) is false
[10:15:39.515] [bmv2] [T] [thread 4986] [0.0] [cxt 0] Applying table 'MyIngress.direct_forward_without_tunnel'
[10:15:39.515] [bmv2] [D] [thread 4986] [0.0] [cxt 0] Looking up key:
* standard_metadata.ingress_port: 0002
* hdr.ethernet_1.dstAddr        : 333300000002

[10:15:39.515] [bmv2] [D] [thread 4986] [0.0] [cxt 0] Table 'MyIngress.direct_forward_without_tunnel': miss
[10:15:39.515] [bmv2] [D] [thread 4986] [0.0] [cxt 0] Action entry is NoAction - 
[10:15:39.515] [bmv2] [T] [thread 4986] [0.0] [cxt 0] Action NoAction
[10:15:39.515] [bmv2] [T] [thread 4986] [0.0] [cxt 0] Applying table 'tbl_act_0'
[10:15:39.515] [bmv2] [D] [thread 4986] [0.0] [cxt 0] Looking up key:

[10:15:39.515] [bmv2] [D] [thread 4986] [0.0] [cxt 0] Table 'tbl_act_0': miss
[10:15:39.515] [bmv2] [D] [thread 4986] [0.0] [cxt 0] Action entry is act_0 - 
[10:15:39.515] [bmv2] [T] [thread 4986] [0.0] [cxt 0] Action act_0
[10:15:39.515] [bmv2] [T] [thread 4986] [0.0] [cxt 0] Primitive (no source info)
[10:15:39.515] [bmv2] [T] [thread 4986] [0.0] [cxt 0] Condition "node_11" (node_11) is false
[10:15:39.515] [bmv2] [T] [thread 4986] [0.0] [cxt 0] p4src/your_pipeline.p4(221) Condition "hdr.tcp.isValid()" (node_12) is true
[10:15:39.515] [bmv2] [T] [thread 4986] [0.0] [cxt 0] Applying table 'tbl_your_pipeline221'
[10:15:39.515] [bmv2] [D] [thread 4986] [0.0] [cxt 0] Looking up key:

[10:15:39.515] [bmv2] [D] [thread 4986] [0.0] [cxt 0] Table 'tbl_your_pipeline221': miss
[10:15:39.515] [bmv2] [D] [thread 4986] [0.0] [cxt 0] Action entry is your_pipeline221 - 
[10:15:39.515] [bmv2] [T] [thread 4986] [0.0] [cxt 0] Action your_pipeline221
[10:15:39.515] [bmv2] [T] [thread 4986] [0.0] [cxt 0] p4src/your_pipeline.p4(221) Primitive hdr.tcp.isValid() && ecmp_group.apply().hit
[10:15:39.515] [bmv2] [T] [thread 4986] [0.0] [cxt 0] Condition "node_18" (node_18) is false
[10:15:39.515] [bmv2] [T] [thread 4986] [0.0] [cxt 0] Applying table 'MyIngress.encap_forward_with_tunnel'
[10:15:39.515] [bmv2] [D] [thread 4986] [0.0] [cxt 0] Looking up key:
* standard_metadata.ingress_port: 0002
* hdr.ethernet_1.dstAddr        : 333300000002

[10:15:39.515] [bmv2] [D] [thread 4986] [0.0] [cxt 0] Table 'MyIngress.encap_forward_with_tunnel': miss
[10:15:39.515] [bmv2] [D] [thread 4986] [0.0] [cxt 0] Action entry is NoAction - 
[10:15:39.515] [bmv2] [T] [thread 4986] [0.0] [cxt 0] Action NoAction
[10:15:39.515] [bmv2] [T] [thread 4986] [0.0] [cxt 0] Applying table 'tbl_act_4'
[10:15:39.515] [bmv2] [D] [thread 4986] [0.0] [cxt 0] Looking up key:

[10:15:39.515] [bmv2] [D] [thread 4986] [0.0] [cxt 0] Table 'tbl_act_4': miss
[10:15:39.515] [bmv2] [D] [thread 4986] [0.0] [cxt 0] Action entry is act_4 - 
[10:15:39.515] [bmv2] [T] [thread 4986] [0.0] [cxt 0] Action act_4
[10:15:39.515] [bmv2] [T] [thread 4986] [0.0] [cxt 0] Primitive (no source info)
[10:15:39.515] [bmv2] [T] [thread 4986] [0.0] [cxt 0] Condition "node_23" (node_23) is false
[10:15:39.515] [bmv2] [T] [thread 4986] [0.0] [cxt 0] Applying table 'MyIngress.encap_multicast'
[10:15:39.515] [bmv2] [D] [thread 4986] [0.0] [cxt 0] Looking up key:
* standard_metadata.ingress_port: 0002

[10:15:39.515] [bmv2] [D] [thread 4986] [0.0] [cxt 0] Table 'MyIngress.encap_multicast': miss
[10:15:39.515] [bmv2] [D] [thread 4986] [0.0] [cxt 0] Action entry is NoAction - 
[10:15:39.515] [bmv2] [T] [thread 4986] [0.0] [cxt 0] Action NoAction
[10:15:39.515] [bmv2] [T] [thread 4986] [0.0] [cxt 0] p4src/your_pipeline.p4(225) Condition "hdr.ipv4.isValid()" (node_25) is false
[10:15:39.516] [bmv2] [D] [thread 4986] [0.0] [cxt 0] Pipeline 'ingress': end
[10:15:39.516] [bmv2] [D] [thread 4986] [0.0] [cxt 0] Egress port is 0
[10:15:39.516] [bmv2] [D] [thread 4987] [0.0] [cxt 0] Pipeline 'egress': start
[10:15:39.516] [bmv2] [T] [thread 4987] [0.0] [cxt 0] p4src/your_pipeline.p4(257) Condition "hdr.tunnel.isValid()" (node_29) is false
[10:15:39.516] [bmv2] [D] [thread 4987] [0.0] [cxt 0] Pipeline 'egress': end
[10:15:39.516] [bmv2] [D] [thread 4987] [0.0] [cxt 0] Deparser 'deparser': start
[10:15:39.516] [bmv2] [T] [thread 4987] [0.0] [cxt 0] Skipping checksum 'cksum' update because condition not met
[10:15:39.516] [bmv2] [D] [thread 4987] [0.0] [cxt 0] Deparsing header 'ethernet_1'
[10:15:39.516] [bmv2] [D] [thread 4987] [0.0] [cxt 0] Deparser 'deparser': end
[10:15:39.516] [bmv2] [D] [thread 4991] [0.0] [cxt 0] Transmitting packet of size 70 out of port 0
[10:15:39.607] [bmv2] [D] [thread 4986] [1.0] [cxt 0] Processing packet received on port 1
[10:15:39.607] [bmv2] [D] [thread 4986] [1.0] [cxt 0] Parser 'parser': start
[10:15:39.607] [bmv2] [D] [thread 4986] [1.0] [cxt 0] Parser 'parser' entering state 'start'
[10:15:39.607] [bmv2] [D] [thread 4986] [1.0] [cxt 0] Extracting header 'ethernet_1'
[10:15:39.607] [bmv2] [D] [thread 4986] [1.0] [cxt 0] Parser state 'start': key is 86dd
[10:15:39.607] [bmv2] [T] [thread 4986] [1.0] [cxt 0] Bytes parsed: 14
[10:15:39.607] [bmv2] [D] [thread 4986] [1.0] [cxt 0] Parser 'parser': end
[10:15:39.607] [bmv2] [D] [thread 4986] [1.0] [cxt 0] Pipeline 'ingress': start
[10:15:39.607] [bmv2] [T] [thread 4986] [1.0] [cxt 0] p4src/your_pipeline.p4(211) Condition "hdr.tunnel.isValid()" (node_2) is false
[10:15:39.607] [bmv2] [T] [thread 4986] [1.0] [cxt 0] Applying table 'MyIngress.direct_forward_without_tunnel'
[10:15:39.607] [bmv2] [D] [thread 4986] [1.0] [cxt 0] Looking up key:
* standard_metadata.ingress_port: 0001
* hdr.ethernet_1.dstAddr        : 333300000002

[10:15:39.607] [bmv2] [D] [thread 4986] [1.0] [cxt 0] Table 'MyIngress.direct_forward_without_tunnel': miss
[10:15:39.607] [bmv2] [D] [thread 4986] [1.0] [cxt 0] Action entry is NoAction - 
[10:15:39.607] [bmv2] [T] [thread 4986] [1.0] [cxt 0] Action NoAction
[10:15:39.607] [bmv2] [T] [thread 4986] [1.0] [cxt 0] Applying table 'tbl_act_0'
[10:15:39.607] [bmv2] [D] [thread 4986] [1.0] [cxt 0] Looking up key:

[10:15:39.607] [bmv2] [D] [thread 4986] [1.0] [cxt 0] Table 'tbl_act_0': miss
[10:15:39.607] [bmv2] [D] [thread 4986] [1.0] [cxt 0] Action entry is act_0 - 
[10:15:39.607] [bmv2] [T] [thread 4986] [1.0] [cxt 0] Action act_0
[10:15:39.607] [bmv2] [T] [thread 4986] [1.0] [cxt 0] Primitive (no source info)
[10:15:39.607] [bmv2] [T] [thread 4986] [1.0] [cxt 0] Condition "node_11" (node_11) is false
[10:15:39.607] [bmv2] [T] [thread 4986] [1.0] [cxt 0] p4src/your_pipeline.p4(221) Condition "hdr.tcp.isValid()" (node_12) is true
[10:15:39.607] [bmv2] [T] [thread 4986] [1.0] [cxt 0] Applying table 'tbl_your_pipeline221'
[10:15:39.607] [bmv2] [D] [thread 4986] [1.0] [cxt 0] Looking up key:

[10:15:39.607] [bmv2] [D] [thread 4986] [1.0] [cxt 0] Table 'tbl_your_pipeline221': miss
[10:15:39.607] [bmv2] [D] [thread 4986] [1.0] [cxt 0] Action entry is your_pipeline221 - 
[10:15:39.607] [bmv2] [T] [thread 4986] [1.0] [cxt 0] Action your_pipeline221
[10:15:39.607] [bmv2] [T] [thread 4986] [1.0] [cxt 0] p4src/your_pipeline.p4(221) Primitive hdr.tcp.isValid() && ecmp_group.apply().hit
[10:15:39.607] [bmv2] [T] [thread 4986] [1.0] [cxt 0] Condition "node_18" (node_18) is false
[10:15:39.607] [bmv2] [T] [thread 4986] [1.0] [cxt 0] Applying table 'MyIngress.encap_forward_with_tunnel'
[10:15:39.607] [bmv2] [D] [thread 4986] [1.0] [cxt 0] Looking up key:
* standard_metadata.ingress_port: 0001
* hdr.ethernet_1.dstAddr        : 333300000002

[10:15:39.607] [bmv2] [D] [thread 4986] [1.0] [cxt 0] Table 'MyIngress.encap_forward_with_tunnel': miss
[10:15:39.607] [bmv2] [D] [thread 4986] [1.0] [cxt 0] Action entry is NoAction - 
[10:15:39.608] [bmv2] [T] [thread 4986] [1.0] [cxt 0] Action NoAction
[10:15:39.608] [bmv2] [T] [thread 4986] [1.0] [cxt 0] Applying table 'tbl_act_4'
[10:15:39.608] [bmv2] [D] [thread 4986] [1.0] [cxt 0] Looking up key:

[10:15:39.608] [bmv2] [D] [thread 4986] [1.0] [cxt 0] Table 'tbl_act_4': miss
[10:15:39.608] [bmv2] [D] [thread 4986] [1.0] [cxt 0] Action entry is act_4 - 
[10:15:39.608] [bmv2] [T] [thread 4986] [1.0] [cxt 0] Action act_4
[10:15:39.608] [bmv2] [T] [thread 4986] [1.0] [cxt 0] Primitive (no source info)
[10:15:39.608] [bmv2] [T] [thread 4986] [1.0] [cxt 0] Condition "node_23" (node_23) is false
[10:15:39.608] [bmv2] [T] [thread 4986] [1.0] [cxt 0] Applying table 'MyIngress.encap_multicast'
[10:15:39.608] [bmv2] [D] [thread 4986] [1.0] [cxt 0] Looking up key:
* standard_metadata.ingress_port: 0001

[10:15:39.608] [bmv2] [D] [thread 4986] [1.0] [cxt 0] Table 'MyIngress.encap_multicast': miss
[10:15:39.608] [bmv2] [D] [thread 4986] [1.0] [cxt 0] Action entry is NoAction - 
[10:15:39.608] [bmv2] [T] [thread 4986] [1.0] [cxt 0] Action NoAction
[10:15:39.608] [bmv2] [T] [thread 4986] [1.0] [cxt 0] p4src/your_pipeline.p4(225) Condition "hdr.ipv4.isValid()" (node_25) is false
[10:15:39.608] [bmv2] [D] [thread 4986] [1.0] [cxt 0] Pipeline 'ingress': end
[10:15:39.608] [bmv2] [D] [thread 4986] [1.0] [cxt 0] Egress port is 0
[10:15:39.608] [bmv2] [D] [thread 4987] [1.0] [cxt 0] Pipeline 'egress': start
[10:15:39.608] [bmv2] [T] [thread 4987] [1.0] [cxt 0] p4src/your_pipeline.p4(257) Condition "hdr.tunnel.isValid()" (node_29) is false
[10:15:39.608] [bmv2] [D] [thread 4987] [1.0] [cxt 0] Pipeline 'egress': end
[10:15:39.608] [bmv2] [D] [thread 4987] [1.0] [cxt 0] Deparser 'deparser': start
[10:15:39.608] [bmv2] [T] [thread 4987] [1.0] [cxt 0] Skipping checksum 'cksum' update because condition not met
[10:15:39.608] [bmv2] [D] [thread 4987] [1.0] [cxt 0] Deparsing header 'ethernet_1'
[10:15:39.608] [bmv2] [D] [thread 4987] [1.0] [cxt 0] Deparser 'deparser': end
[10:15:39.608] [bmv2] [D] [thread 4991] [1.0] [cxt 0] Transmitting packet of size 70 out of port 0
[10:15:40.702] [bmv2] [D] [thread 4986] [2.0] [cxt 0] Processing packet received on port 4
[10:15:40.702] [bmv2] [D] [thread 4986] [2.0] [cxt 0] Parser 'parser': start
[10:15:40.702] [bmv2] [D] [thread 4986] [2.0] [cxt 0] Parser 'parser' entering state 'start'
[10:15:40.702] [bmv2] [D] [thread 4986] [2.0] [cxt 0] Extracting header 'ethernet_1'
[10:15:40.702] [bmv2] [D] [thread 4986] [2.0] [cxt 0] Parser state 'start': key is 86dd
[10:15:40.702] [bmv2] [T] [thread 4986] [2.0] [cxt 0] Bytes parsed: 14
[10:15:40.702] [bmv2] [D] [thread 4986] [2.0] [cxt 0] Parser 'parser': end
[10:15:40.702] [bmv2] [D] [thread 4986] [2.0] [cxt 0] Pipeline 'ingress': start
[10:15:40.702] [bmv2] [T] [thread 4986] [2.0] [cxt 0] p4src/your_pipeline.p4(211) Condition "hdr.tunnel.isValid()" (node_2) is false
[10:15:40.702] [bmv2] [T] [thread 4986] [2.0] [cxt 0] Applying table 'MyIngress.direct_forward_without_tunnel'
[10:15:40.702] [bmv2] [D] [thread 4986] [2.0] [cxt 0] Looking up key:
* standard_metadata.ingress_port: 0004
* hdr.ethernet_1.dstAddr        : 333300000002

[10:15:40.702] [bmv2] [D] [thread 4986] [2.0] [cxt 0] Table 'MyIngress.direct_forward_without_tunnel': miss
[10:15:40.702] [bmv2] [D] [thread 4986] [2.0] [cxt 0] Action entry is NoAction - 
[10:15:40.702] [bmv2] [T] [thread 4986] [2.0] [cxt 0] Action NoAction
[10:15:40.702] [bmv2] [T] [thread 4986] [2.0] [cxt 0] Applying table 'tbl_act_0'
[10:15:40.702] [bmv2] [D] [thread 4986] [2.0] [cxt 0] Looking up key:

[10:15:40.702] [bmv2] [D] [thread 4986] [2.0] [cxt 0] Table 'tbl_act_0': miss
[10:15:40.702] [bmv2] [D] [thread 4986] [2.0] [cxt 0] Action entry is act_0 - 
[10:15:40.702] [bmv2] [T] [thread 4986] [2.0] [cxt 0] Action act_0
[10:15:40.702] [bmv2] [T] [thread 4986] [2.0] [cxt 0] Primitive (no source info)
[10:15:40.702] [bmv2] [T] [thread 4986] [2.0] [cxt 0] Condition "node_11" (node_11) is false
[10:15:40.702] [bmv2] [T] [thread 4986] [2.0] [cxt 0] p4src/your_pipeline.p4(221) Condition "hdr.tcp.isValid()" (node_12) is true
[10:15:40.702] [bmv2] [T] [thread 4986] [2.0] [cxt 0] Applying table 'tbl_your_pipeline221'
[10:15:40.702] [bmv2] [D] [thread 4986] [2.0] [cxt 0] Looking up key:

[10:15:40.702] [bmv2] [D] [thread 4986] [2.0] [cxt 0] Table 'tbl_your_pipeline221': miss
[10:15:40.702] [bmv2] [D] [thread 4986] [2.0] [cxt 0] Action entry is your_pipeline221 - 
[10:15:40.703] [bmv2] [T] [thread 4986] [2.0] [cxt 0] Action your_pipeline221
[10:15:40.703] [bmv2] [T] [thread 4986] [2.0] [cxt 0] p4src/your_pipeline.p4(221) Primitive hdr.tcp.isValid() && ecmp_group.apply().hit
[10:15:40.703] [bmv2] [T] [thread 4986] [2.0] [cxt 0] Condition "node_18" (node_18) is false
[10:15:40.703] [bmv2] [T] [thread 4986] [2.0] [cxt 0] Applying table 'MyIngress.encap_forward_with_tunnel'
[10:15:40.703] [bmv2] [D] [thread 4986] [2.0] [cxt 0] Looking up key:
* standard_metadata.ingress_port: 0004
* hdr.ethernet_1.dstAddr        : 333300000002

[10:15:40.703] [bmv2] [D] [thread 4986] [2.0] [cxt 0] Table 'MyIngress.encap_forward_with_tunnel': miss
[10:15:40.703] [bmv2] [D] [thread 4986] [2.0] [cxt 0] Action entry is NoAction - 
[10:15:40.703] [bmv2] [T] [thread 4986] [2.0] [cxt 0] Action NoAction
[10:15:40.703] [bmv2] [T] [thread 4986] [2.0] [cxt 0] Applying table 'tbl_act_4'
[10:15:40.703] [bmv2] [D] [thread 4986] [2.0] [cxt 0] Looking up key:

[10:15:40.703] [bmv2] [D] [thread 4986] [2.0] [cxt 0] Table 'tbl_act_4': miss
[10:15:40.703] [bmv2] [D] [thread 4986] [2.0] [cxt 0] Action entry is act_4 - 
[10:15:40.703] [bmv2] [T] [thread 4986] [2.0] [cxt 0] Action act_4
[10:15:40.703] [bmv2] [T] [thread 4986] [2.0] [cxt 0] Primitive (no source info)
[10:15:40.703] [bmv2] [T] [thread 4986] [2.0] [cxt 0] Condition "node_23" (node_23) is false
[10:15:40.703] [bmv2] [T] [thread 4986] [2.0] [cxt 0] Applying table 'MyIngress.encap_multicast'
[10:15:40.703] [bmv2] [D] [thread 4986] [2.0] [cxt 0] Looking up key:
* standard_metadata.ingress_port: 0004

[10:15:40.703] [bmv2] [D] [thread 4986] [2.0] [cxt 0] Table 'MyIngress.encap_multicast': miss
[10:15:40.703] [bmv2] [D] [thread 4986] [2.0] [cxt 0] Action entry is NoAction - 
[10:15:40.703] [bmv2] [T] [thread 4986] [2.0] [cxt 0] Action NoAction
[10:15:40.703] [bmv2] [T] [thread 4986] [2.0] [cxt 0] p4src/your_pipeline.p4(225) Condition "hdr.ipv4.isValid()" (node_25) is false
[10:15:40.703] [bmv2] [D] [thread 4986] [2.0] [cxt 0] Pipeline 'ingress': end
[10:15:40.703] [bmv2] [D] [thread 4986] [2.0] [cxt 0] Egress port is 0
[10:15:40.703] [bmv2] [D] [thread 4987] [2.0] [cxt 0] Pipeline 'egress': start
[10:15:40.703] [bmv2] [T] [thread 4987] [2.0] [cxt 0] p4src/your_pipeline.p4(257) Condition "hdr.tunnel.isValid()" (node_29) is false
[10:15:40.703] [bmv2] [D] [thread 4987] [2.0] [cxt 0] Pipeline 'egress': end
[10:15:40.703] [bmv2] [D] [thread 4987] [2.0] [cxt 0] Deparser 'deparser': start
[10:15:40.703] [bmv2] [T] [thread 4987] [2.0] [cxt 0] Skipping checksum 'cksum' update because condition not met
[10:15:40.703] [bmv2] [D] [thread 4987] [2.0] [cxt 0] Deparsing header 'ethernet_1'
[10:15:40.703] [bmv2] [D] [thread 4987] [2.0] [cxt 0] Deparser 'deparser': end
[10:15:40.704] [bmv2] [D] [thread 4991] [2.0] [cxt 0] Transmitting packet of size 70 out of port 0
[10:15:40.801] [bmv2] [D] [thread 4986] [3.0] [cxt 0] Processing packet received on port 3
[10:15:40.801] [bmv2] [D] [thread 4986] [3.0] [cxt 0] Parser 'parser': start
[10:15:40.801] [bmv2] [D] [thread 4986] [3.0] [cxt 0] Parser 'parser' entering state 'start'
[10:15:40.801] [bmv2] [D] [thread 4986] [3.0] [cxt 0] Extracting header 'ethernet_1'
[10:15:40.801] [bmv2] [D] [thread 4986] [3.0] [cxt 0] Parser state 'start': key is 86dd
[10:15:40.801] [bmv2] [T] [thread 4986] [3.0] [cxt 0] Bytes parsed: 14
[10:15:40.801] [bmv2] [D] [thread 4986] [3.0] [cxt 0] Parser 'parser': end
[10:15:40.801] [bmv2] [D] [thread 4986] [3.0] [cxt 0] Pipeline 'ingress': start
[10:15:40.801] [bmv2] [T] [thread 4986] [3.0] [cxt 0] p4src/your_pipeline.p4(211) Condition "hdr.tunnel.isValid()" (node_2) is false
[10:15:40.801] [bmv2] [T] [thread 4986] [3.0] [cxt 0] Applying table 'MyIngress.direct_forward_without_tunnel'
[10:15:40.801] [bmv2] [D] [thread 4986] [3.0] [cxt 0] Looking up key:
* standard_metadata.ingress_port: 0003
* hdr.ethernet_1.dstAddr        : 333300000002

[10:15:40.801] [bmv2] [D] [thread 4986] [3.0] [cxt 0] Table 'MyIngress.direct_forward_without_tunnel': miss
[10:15:40.801] [bmv2] [D] [thread 4986] [3.0] [cxt 0] Action entry is NoAction - 
[10:15:40.801] [bmv2] [T] [thread 4986] [3.0] [cxt 0] Action NoAction
[10:15:40.801] [bmv2] [T] [thread 4986] [3.0] [cxt 0] Applying table 'tbl_act_0'
[10:15:40.801] [bmv2] [D] [thread 4986] [3.0] [cxt 0] Looking up key:

[10:15:40.801] [bmv2] [D] [thread 4986] [3.0] [cxt 0] Table 'tbl_act_0': miss
[10:15:40.801] [bmv2] [D] [thread 4986] [3.0] [cxt 0] Action entry is act_0 - 
[10:15:40.801] [bmv2] [T] [thread 4986] [3.0] [cxt 0] Action act_0
[10:15:40.801] [bmv2] [T] [thread 4986] [3.0] [cxt 0] Primitive (no source info)
[10:15:40.801] [bmv2] [T] [thread 4986] [3.0] [cxt 0] Condition "node_11" (node_11) is false
[10:15:40.801] [bmv2] [T] [thread 4986] [3.0] [cxt 0] p4src/your_pipeline.p4(221) Condition "hdr.tcp.isValid()" (node_12) is true
[10:15:40.801] [bmv2] [T] [thread 4986] [3.0] [cxt 0] Applying table 'tbl_your_pipeline221'
[10:15:40.801] [bmv2] [D] [thread 4986] [3.0] [cxt 0] Looking up key:

[10:15:40.801] [bmv2] [D] [thread 4986] [3.0] [cxt 0] Table 'tbl_your_pipeline221': miss
[10:15:40.801] [bmv2] [D] [thread 4986] [3.0] [cxt 0] Action entry is your_pipeline221 - 
[10:15:40.801] [bmv2] [T] [thread 4986] [3.0] [cxt 0] Action your_pipeline221
[10:15:40.801] [bmv2] [T] [thread 4986] [3.0] [cxt 0] p4src/your_pipeline.p4(221) Primitive hdr.tcp.isValid() && ecmp_group.apply().hit
[10:15:40.801] [bmv2] [T] [thread 4986] [3.0] [cxt 0] Condition "node_18" (node_18) is false
[10:15:40.801] [bmv2] [T] [thread 4986] [3.0] [cxt 0] Applying table 'MyIngress.encap_forward_with_tunnel'
[10:15:40.801] [bmv2] [D] [thread 4986] [3.0] [cxt 0] Looking up key:
* standard_metadata.ingress_port: 0003
* hdr.ethernet_1.dstAddr        : 333300000002

[10:15:40.801] [bmv2] [D] [thread 4986] [3.0] [cxt 0] Table 'MyIngress.encap_forward_with_tunnel': miss
[10:15:40.802] [bmv2] [D] [thread 4986] [3.0] [cxt 0] Action entry is NoAction - 
[10:15:40.802] [bmv2] [T] [thread 4986] [3.0] [cxt 0] Action NoAction
[10:15:40.802] [bmv2] [T] [thread 4986] [3.0] [cxt 0] Applying table 'tbl_act_4'
[10:15:40.802] [bmv2] [D] [thread 4986] [3.0] [cxt 0] Looking up key:

[10:15:40.802] [bmv2] [D] [thread 4986] [3.0] [cxt 0] Table 'tbl_act_4': miss
[10:15:40.802] [bmv2] [D] [thread 4986] [3.0] [cxt 0] Action entry is act_4 - 
[10:15:40.802] [bmv2] [T] [thread 4986] [3.0] [cxt 0] Action act_4
[10:15:40.802] [bmv2] [T] [thread 4986] [3.0] [cxt 0] Primitive (no source info)
[10:15:40.802] [bmv2] [T] [thread 4986] [3.0] [cxt 0] Condition "node_23" (node_23) is false
[10:15:40.802] [bmv2] [T] [thread 4986] [3.0] [cxt 0] Applying table 'MyIngress.encap_multicast'
[10:15:40.802] [bmv2] [D] [thread 4986] [3.0] [cxt 0] Looking up key:
* standard_metadata.ingress_port: 0003

[10:15:40.802] [bmv2] [D] [thread 4986] [3.0] [cxt 0] Table 'MyIngress.encap_multicast': miss
[10:15:40.802] [bmv2] [D] [thread 4986] [3.0] [cxt 0] Action entry is NoAction - 
[10:15:40.802] [bmv2] [T] [thread 4986] [3.0] [cxt 0] Action NoAction
[10:15:40.802] [bmv2] [T] [thread 4986] [3.0] [cxt 0] p4src/your_pipeline.p4(225) Condition "hdr.ipv4.isValid()" (node_25) is false
[10:15:40.802] [bmv2] [D] [thread 4986] [3.0] [cxt 0] Pipeline 'ingress': end
[10:15:40.802] [bmv2] [D] [thread 4986] [3.0] [cxt 0] Egress port is 0
[10:15:40.802] [bmv2] [D] [thread 4986] [4.0] [cxt 0] Processing packet received on port 3
[10:15:40.802] [bmv2] [D] [thread 4986] [4.0] [cxt 0] Parser 'parser': start
[10:15:40.802] [bmv2] [D] [thread 4986] [4.0] [cxt 0] Parser 'parser' entering state 'start'
[10:15:40.802] [bmv2] [D] [thread 4986] [4.0] [cxt 0] Extracting header 'ethernet_1'
[10:15:40.802] [bmv2] [D] [thread 4986] [4.0] [cxt 0] Parser state 'start': key is 86dd
[10:15:40.802] [bmv2] [T] [thread 4986] [4.0] [cxt 0] Bytes parsed: 14
[10:15:40.802] [bmv2] [D] [thread 4986] [4.0] [cxt 0] Parser 'parser': end
[10:15:40.802] [bmv2] [D] [thread 4987] [3.0] [cxt 0] Pipeline 'egress': start
[10:15:40.802] [bmv2] [T] [thread 4987] [3.0] [cxt 0] p4src/your_pipeline.p4(257) Condition "hdr.tunnel.isValid()" (node_29) is false
[10:15:40.802] [bmv2] [D] [thread 4987] [3.0] [cxt 0] Pipeline 'egress': end
[10:15:40.802] [bmv2] [D] [thread 4987] [3.0] [cxt 0] Deparser 'deparser': start
[10:15:40.802] [bmv2] [T] [thread 4987] [3.0] [cxt 0] Skipping checksum 'cksum' update because condition not met
[10:15:40.802] [bmv2] [D] [thread 4987] [3.0] [cxt 0] Deparsing header 'ethernet_1'
[10:15:40.802] [bmv2] [D] [thread 4987] [3.0] [cxt 0] Deparser 'deparser': end
[10:15:40.802] [bmv2] [D] [thread 4986] [4.0] [cxt 0] Pipeline 'ingress': start
[10:15:40.802] [bmv2] [T] [thread 4986] [4.0] [cxt 0] p4src/your_pipeline.p4(211) Condition "hdr.tunnel.isValid()" (node_2) is false
[10:15:40.803] [bmv2] [T] [thread 4986] [4.0] [cxt 0] Applying table 'MyIngress.direct_forward_without_tunnel'
[10:15:40.803] [bmv2] [D] [thread 4986] [4.0] [cxt 0] Looking up key:
* standard_metadata.ingress_port: 0003
* hdr.ethernet_1.dstAddr        : 333300000002

[10:15:40.803] [bmv2] [D] [thread 4986] [4.0] [cxt 0] Table 'MyIngress.direct_forward_without_tunnel': miss
[10:15:40.803] [bmv2] [D] [thread 4986] [4.0] [cxt 0] Action entry is NoAction - 
[10:15:40.803] [bmv2] [T] [thread 4986] [4.0] [cxt 0] Action NoAction
[10:15:40.803] [bmv2] [T] [thread 4986] [4.0] [cxt 0] Applying table 'tbl_act_0'
[10:15:40.803] [bmv2] [D] [thread 4986] [4.0] [cxt 0] Looking up key:

[10:15:40.803] [bmv2] [D] [thread 4986] [4.0] [cxt 0] Table 'tbl_act_0': miss
[10:15:40.803] [bmv2] [D] [thread 4986] [4.0] [cxt 0] Action entry is act_0 - 
[10:15:40.803] [bmv2] [T] [thread 4986] [4.0] [cxt 0] Action act_0
[10:15:40.803] [bmv2] [T] [thread 4986] [4.0] [cxt 0] Primitive (no source info)
[10:15:40.803] [bmv2] [T] [thread 4986] [4.0] [cxt 0] Condition "node_11" (node_11) is false
[10:15:40.803] [bmv2] [T] [thread 4986] [4.0] [cxt 0] p4src/your_pipeline.p4(221) Condition "hdr.tcp.isValid()" (node_12) is true
[10:15:40.803] [bmv2] [T] [thread 4986] [4.0] [cxt 0] Applying table 'tbl_your_pipeline221'
[10:15:40.803] [bmv2] [D] [thread 4986] [4.0] [cxt 0] Looking up key:

[10:15:40.803] [bmv2] [D] [thread 4986] [4.0] [cxt 0] Table 'tbl_your_pipeline221': miss
[10:15:40.803] [bmv2] [D] [thread 4986] [4.0] [cxt 0] Action entry is your_pipeline221 - 
[10:15:40.803] [bmv2] [T] [thread 4986] [4.0] [cxt 0] Action your_pipeline221
[10:15:40.803] [bmv2] [T] [thread 4986] [4.0] [cxt 0] p4src/your_pipeline.p4(221) Primitive hdr.tcp.isValid() && ecmp_group.apply().hit
[10:15:40.803] [bmv2] [T] [thread 4986] [4.0] [cxt 0] Condition "node_18" (node_18) is false
[10:15:40.803] [bmv2] [T] [thread 4986] [4.0] [cxt 0] Applying table 'MyIngress.encap_forward_with_tunnel'
[10:15:40.803] [bmv2] [D] [thread 4986] [4.0] [cxt 0] Looking up key:
* standard_metadata.ingress_port: 0003
* hdr.ethernet_1.dstAddr        : 333300000002

[10:15:40.803] [bmv2] [D] [thread 4986] [4.0] [cxt 0] Table 'MyIngress.encap_forward_with_tunnel': miss
[10:15:40.803] [bmv2] [D] [thread 4986] [4.0] [cxt 0] Action entry is NoAction - 
[10:15:40.803] [bmv2] [T] [thread 4986] [4.0] [cxt 0] Action NoAction
[10:15:40.803] [bmv2] [T] [thread 4986] [4.0] [cxt 0] Applying table 'tbl_act_4'
[10:15:40.803] [bmv2] [D] [thread 4986] [4.0] [cxt 0] Looking up key:

[10:15:40.803] [bmv2] [D] [thread 4986] [4.0] [cxt 0] Table 'tbl_act_4': miss
[10:15:40.803] [bmv2] [D] [thread 4986] [4.0] [cxt 0] Action entry is act_4 - 
[10:15:40.804] [bmv2] [T] [thread 4986] [4.0] [cxt 0] Action act_4
[10:15:40.804] [bmv2] [T] [thread 4986] [4.0] [cxt 0] Primitive (no source info)
[10:15:40.804] [bmv2] [T] [thread 4986] [4.0] [cxt 0] Condition "node_23" (node_23) is false
[10:15:40.804] [bmv2] [T] [thread 4986] [4.0] [cxt 0] Applying table 'MyIngress.encap_multicast'
[10:15:40.804] [bmv2] [D] [thread 4986] [4.0] [cxt 0] Looking up key:
* standard_metadata.ingress_port: 0003

[10:15:40.804] [bmv2] [D] [thread 4986] [4.0] [cxt 0] Table 'MyIngress.encap_multicast': miss
[10:15:40.804] [bmv2] [D] [thread 4986] [4.0] [cxt 0] Action entry is NoAction - 
[10:15:40.804] [bmv2] [T] [thread 4986] [4.0] [cxt 0] Action NoAction
[10:15:40.804] [bmv2] [T] [thread 4986] [4.0] [cxt 0] p4src/your_pipeline.p4(225) Condition "hdr.ipv4.isValid()" (node_25) is false
[10:15:40.804] [bmv2] [D] [thread 4986] [4.0] [cxt 0] Pipeline 'ingress': end
[10:15:40.804] [bmv2] [D] [thread 4986] [4.0] [cxt 0] Egress port is 0
[10:15:40.805] [bmv2] [D] [thread 4991] [3.0] [cxt 0] Transmitting packet of size 70 out of port 0
[10:15:40.805] [bmv2] [D] [thread 4987] [4.0] [cxt 0] Pipeline 'egress': start
[10:15:40.805] [bmv2] [T] [thread 4987] [4.0] [cxt 0] p4src/your_pipeline.p4(257) Condition "hdr.tunnel.isValid()" (node_29) is false
[10:15:40.805] [bmv2] [D] [thread 4987] [4.0] [cxt 0] Pipeline 'egress': end
[10:15:40.805] [bmv2] [D] [thread 4987] [4.0] [cxt 0] Deparser 'deparser': start
[10:15:40.805] [bmv2] [T] [thread 4987] [4.0] [cxt 0] Skipping checksum 'cksum' update because condition not met
[10:15:40.805] [bmv2] [D] [thread 4987] [4.0] [cxt 0] Deparsing header 'ethernet_1'
[10:15:40.805] [bmv2] [D] [thread 4987] [4.0] [cxt 0] Deparser 'deparser': end
[10:15:40.805] [bmv2] [D] [thread 4991] [4.0] [cxt 0] Transmitting packet of size 70 out of port 0
[10:15:41.014] [bmv2] [D] [thread 4986] [5.0] [cxt 0] Processing packet received on port 4
[10:15:41.014] [bmv2] [D] [thread 4986] [5.0] [cxt 0] Parser 'parser': start
[10:15:41.014] [bmv2] [D] [thread 4986] [5.0] [cxt 0] Parser 'parser' entering state 'start'
[10:15:41.014] [bmv2] [D] [thread 4986] [5.0] [cxt 0] Extracting header 'ethernet_1'
[10:15:41.014] [bmv2] [D] [thread 4986] [5.0] [cxt 0] Parser state 'start': key is 86dd
[10:15:41.014] [bmv2] [T] [thread 4986] [5.0] [cxt 0] Bytes parsed: 14
[10:15:41.014] [bmv2] [D] [thread 4986] [5.0] [cxt 0] Parser 'parser': end
[10:15:41.014] [bmv2] [D] [thread 4986] [5.0] [cxt 0] Pipeline 'ingress': start
[10:15:41.014] [bmv2] [T] [thread 4986] [5.0] [cxt 0] p4src/your_pipeline.p4(211) Condition "hdr.tunnel.isValid()" (node_2) is false
[10:15:41.014] [bmv2] [T] [thread 4986] [5.0] [cxt 0] Applying table 'MyIngress.direct_forward_without_tunnel'
[10:15:41.014] [bmv2] [D] [thread 4986] [5.0] [cxt 0] Looking up key:
* standard_metadata.ingress_port: 0004
* hdr.ethernet_1.dstAddr        : 333300000002

[10:15:41.014] [bmv2] [D] [thread 4986] [5.0] [cxt 0] Table 'MyIngress.direct_forward_without_tunnel': miss
[10:15:41.014] [bmv2] [D] [thread 4986] [5.0] [cxt 0] Action entry is NoAction - 
[10:15:41.014] [bmv2] [T] [thread 4986] [5.0] [cxt 0] Action NoAction
[10:15:41.014] [bmv2] [T] [thread 4986] [5.0] [cxt 0] Applying table 'tbl_act_0'
[10:15:41.014] [bmv2] [D] [thread 4986] [5.0] [cxt 0] Looking up key:

[10:15:41.014] [bmv2] [D] [thread 4986] [5.0] [cxt 0] Table 'tbl_act_0': miss
[10:15:41.014] [bmv2] [D] [thread 4986] [5.0] [cxt 0] Action entry is act_0 - 
[10:15:41.014] [bmv2] [T] [thread 4986] [5.0] [cxt 0] Action act_0
[10:15:41.014] [bmv2] [T] [thread 4986] [5.0] [cxt 0] Primitive (no source info)
[10:15:41.014] [bmv2] [T] [thread 4986] [5.0] [cxt 0] Condition "node_11" (node_11) is false
[10:15:41.014] [bmv2] [T] [thread 4986] [5.0] [cxt 0] p4src/your_pipeline.p4(221) Condition "hdr.tcp.isValid()" (node_12) is true
[10:15:41.014] [bmv2] [T] [thread 4986] [5.0] [cxt 0] Applying table 'tbl_your_pipeline221'
[10:15:41.014] [bmv2] [D] [thread 4986] [5.0] [cxt 0] Looking up key:

[10:15:41.014] [bmv2] [D] [thread 4986] [5.0] [cxt 0] Table 'tbl_your_pipeline221': miss
[10:15:41.014] [bmv2] [D] [thread 4986] [5.0] [cxt 0] Action entry is your_pipeline221 - 
[10:15:41.014] [bmv2] [T] [thread 4986] [5.0] [cxt 0] Action your_pipeline221
[10:15:41.014] [bmv2] [T] [thread 4986] [5.0] [cxt 0] p4src/your_pipeline.p4(221) Primitive hdr.tcp.isValid() && ecmp_group.apply().hit
[10:15:41.014] [bmv2] [T] [thread 4986] [5.0] [cxt 0] Condition "node_18" (node_18) is false
[10:15:41.014] [bmv2] [T] [thread 4986] [5.0] [cxt 0] Applying table 'MyIngress.encap_forward_with_tunnel'
[10:15:41.014] [bmv2] [D] [thread 4986] [5.0] [cxt 0] Looking up key:
* standard_metadata.ingress_port: 0004
* hdr.ethernet_1.dstAddr        : 333300000002

[10:15:41.015] [bmv2] [D] [thread 4986] [5.0] [cxt 0] Table 'MyIngress.encap_forward_with_tunnel': miss
[10:15:41.015] [bmv2] [D] [thread 4986] [5.0] [cxt 0] Action entry is NoAction - 
[10:15:41.015] [bmv2] [T] [thread 4986] [5.0] [cxt 0] Action NoAction
[10:15:41.015] [bmv2] [T] [thread 4986] [5.0] [cxt 0] Applying table 'tbl_act_4'
[10:15:41.015] [bmv2] [D] [thread 4986] [5.0] [cxt 0] Looking up key:

[10:15:41.015] [bmv2] [D] [thread 4986] [5.0] [cxt 0] Table 'tbl_act_4': miss
[10:15:41.015] [bmv2] [D] [thread 4986] [5.0] [cxt 0] Action entry is act_4 - 
[10:15:41.015] [bmv2] [T] [thread 4986] [5.0] [cxt 0] Action act_4
[10:15:41.015] [bmv2] [T] [thread 4986] [5.0] [cxt 0] Primitive (no source info)
[10:15:41.015] [bmv2] [T] [thread 4986] [5.0] [cxt 0] Condition "node_23" (node_23) is false
[10:15:41.015] [bmv2] [T] [thread 4986] [5.0] [cxt 0] Applying table 'MyIngress.encap_multicast'
[10:15:41.015] [bmv2] [D] [thread 4986] [5.0] [cxt 0] Looking up key:
* standard_metadata.ingress_port: 0004

[10:15:41.015] [bmv2] [D] [thread 4986] [5.0] [cxt 0] Table 'MyIngress.encap_multicast': miss
[10:15:41.015] [bmv2] [D] [thread 4986] [5.0] [cxt 0] Action entry is NoAction - 
[10:15:41.015] [bmv2] [T] [thread 4986] [5.0] [cxt 0] Action NoAction
[10:15:41.015] [bmv2] [T] [thread 4986] [5.0] [cxt 0] p4src/your_pipeline.p4(225) Condition "hdr.ipv4.isValid()" (node_25) is false
[10:15:41.015] [bmv2] [D] [thread 4986] [5.0] [cxt 0] Pipeline 'ingress': end
[10:15:41.015] [bmv2] [D] [thread 4986] [5.0] [cxt 0] Egress port is 0
[10:15:41.015] [bmv2] [D] [thread 4987] [5.0] [cxt 0] Pipeline 'egress': start
[10:15:41.015] [bmv2] [T] [thread 4987] [5.0] [cxt 0] p4src/your_pipeline.p4(257) Condition "hdr.tunnel.isValid()" (node_29) is false
[10:15:41.015] [bmv2] [D] [thread 4987] [5.0] [cxt 0] Pipeline 'egress': end
[10:15:41.015] [bmv2] [D] [thread 4987] [5.0] [cxt 0] Deparser 'deparser': start
[10:15:41.015] [bmv2] [T] [thread 4987] [5.0] [cxt 0] Skipping checksum 'cksum' update because condition not met
[10:15:41.015] [bmv2] [D] [thread 4987] [5.0] [cxt 0] Deparsing header 'ethernet_1'
[10:15:41.015] [bmv2] [D] [thread 4987] [5.0] [cxt 0] Deparser 'deparser': end
[10:15:41.015] [bmv2] [D] [thread 4991] [5.0] [cxt 0] Transmitting packet of size 70 out of port 0
[10:15:41.074] [bmv2] [D] [thread 4986] [6.0] [cxt 0] Processing packet received on port 5
[10:15:41.074] [bmv2] [D] [thread 4986] [6.0] [cxt 0] Parser 'parser': start
[10:15:41.074] [bmv2] [D] [thread 4986] [6.0] [cxt 0] Parser 'parser' entering state 'start'
[10:15:41.074] [bmv2] [D] [thread 4986] [6.0] [cxt 0] Extracting header 'ethernet_1'
[10:15:41.074] [bmv2] [D] [thread 4986] [6.0] [cxt 0] Parser state 'start': key is 86dd
[10:15:41.074] [bmv2] [T] [thread 4986] [6.0] [cxt 0] Bytes parsed: 14
[10:15:41.074] [bmv2] [D] [thread 4986] [6.0] [cxt 0] Parser 'parser': end
[10:15:41.074] [bmv2] [D] [thread 4986] [6.0] [cxt 0] Pipeline 'ingress': start
[10:15:41.074] [bmv2] [T] [thread 4986] [6.0] [cxt 0] p4src/your_pipeline.p4(211) Condition "hdr.tunnel.isValid()" (node_2) is false
[10:15:41.074] [bmv2] [T] [thread 4986] [6.0] [cxt 0] Applying table 'MyIngress.direct_forward_without_tunnel'
[10:15:41.074] [bmv2] [D] [thread 4986] [6.0] [cxt 0] Looking up key:
* standard_metadata.ingress_port: 0005
* hdr.ethernet_1.dstAddr        : 333300000002

[10:15:41.074] [bmv2] [D] [thread 4986] [6.0] [cxt 0] Table 'MyIngress.direct_forward_without_tunnel': miss
[10:15:41.074] [bmv2] [D] [thread 4986] [6.0] [cxt 0] Action entry is NoAction - 
[10:15:41.074] [bmv2] [T] [thread 4986] [6.0] [cxt 0] Action NoAction
[10:15:41.074] [bmv2] [T] [thread 4986] [6.0] [cxt 0] Applying table 'tbl_act_0'
[10:15:41.074] [bmv2] [D] [thread 4986] [6.0] [cxt 0] Looking up key:

[10:15:41.074] [bmv2] [D] [thread 4986] [6.0] [cxt 0] Table 'tbl_act_0': miss
[10:15:41.074] [bmv2] [D] [thread 4986] [6.0] [cxt 0] Action entry is act_0 - 
[10:15:41.074] [bmv2] [T] [thread 4986] [6.0] [cxt 0] Action act_0
[10:15:41.074] [bmv2] [T] [thread 4986] [6.0] [cxt 0] Primitive (no source info)
[10:15:41.074] [bmv2] [T] [thread 4986] [6.0] [cxt 0] Condition "node_11" (node_11) is false
[10:15:41.074] [bmv2] [T] [thread 4986] [6.0] [cxt 0] p4src/your_pipeline.p4(221) Condition "hdr.tcp.isValid()" (node_12) is true
[10:15:41.074] [bmv2] [T] [thread 4986] [6.0] [cxt 0] Applying table 'tbl_your_pipeline221'
[10:15:41.074] [bmv2] [D] [thread 4986] [6.0] [cxt 0] Looking up key:

[10:15:41.074] [bmv2] [D] [thread 4986] [6.0] [cxt 0] Table 'tbl_your_pipeline221': miss
[10:15:41.074] [bmv2] [D] [thread 4986] [6.0] [cxt 0] Action entry is your_pipeline221 - 
[10:15:41.074] [bmv2] [T] [thread 4986] [6.0] [cxt 0] Action your_pipeline221
[10:15:41.074] [bmv2] [T] [thread 4986] [6.0] [cxt 0] p4src/your_pipeline.p4(221) Primitive hdr.tcp.isValid() && ecmp_group.apply().hit
[10:15:41.074] [bmv2] [T] [thread 4986] [6.0] [cxt 0] Condition "node_18" (node_18) is false
[10:15:41.074] [bmv2] [T] [thread 4986] [6.0] [cxt 0] Applying table 'MyIngress.encap_forward_with_tunnel'
[10:15:41.074] [bmv2] [D] [thread 4986] [6.0] [cxt 0] Looking up key:
* standard_metadata.ingress_port: 0005
* hdr.ethernet_1.dstAddr        : 333300000002

[10:15:41.074] [bmv2] [D] [thread 4986] [6.0] [cxt 0] Table 'MyIngress.encap_forward_with_tunnel': miss
[10:15:41.074] [bmv2] [D] [thread 4986] [6.0] [cxt 0] Action entry is NoAction - 
[10:15:41.074] [bmv2] [T] [thread 4986] [6.0] [cxt 0] Action NoAction
[10:15:41.074] [bmv2] [T] [thread 4986] [6.0] [cxt 0] Applying table 'tbl_act_4'
[10:15:41.074] [bmv2] [D] [thread 4986] [6.0] [cxt 0] Looking up key:

[10:15:41.074] [bmv2] [D] [thread 4986] [6.0] [cxt 0] Table 'tbl_act_4': miss
[10:15:41.074] [bmv2] [D] [thread 4986] [6.0] [cxt 0] Action entry is act_4 - 
[10:15:41.074] [bmv2] [T] [thread 4986] [6.0] [cxt 0] Action act_4
[10:15:41.074] [bmv2] [T] [thread 4986] [6.0] [cxt 0] Primitive (no source info)
[10:15:41.074] [bmv2] [T] [thread 4986] [6.0] [cxt 0] Condition "node_23" (node_23) is false
[10:15:41.074] [bmv2] [T] [thread 4986] [6.0] [cxt 0] Applying table 'MyIngress.encap_multicast'
[10:15:41.074] [bmv2] [D] [thread 4986] [6.0] [cxt 0] Looking up key:
* standard_metadata.ingress_port: 0005

[10:15:41.074] [bmv2] [D] [thread 4986] [6.0] [cxt 0] Table 'MyIngress.encap_multicast': miss
[10:15:41.074] [bmv2] [D] [thread 4986] [6.0] [cxt 0] Action entry is NoAction - 
[10:15:41.074] [bmv2] [T] [thread 4986] [6.0] [cxt 0] Action NoAction
[10:15:41.074] [bmv2] [T] [thread 4986] [6.0] [cxt 0] p4src/your_pipeline.p4(225) Condition "hdr.ipv4.isValid()" (node_25) is false
[10:15:41.074] [bmv2] [D] [thread 4986] [6.0] [cxt 0] Pipeline 'ingress': end
[10:15:41.074] [bmv2] [D] [thread 4986] [6.0] [cxt 0] Egress port is 0
[10:15:41.075] [bmv2] [D] [thread 4987] [6.0] [cxt 0] Pipeline 'egress': start
[10:15:41.075] [bmv2] [T] [thread 4987] [6.0] [cxt 0] p4src/your_pipeline.p4(257) Condition "hdr.tunnel.isValid()" (node_29) is false
[10:15:41.075] [bmv2] [D] [thread 4987] [6.0] [cxt 0] Pipeline 'egress': end
[10:15:41.075] [bmv2] [D] [thread 4987] [6.0] [cxt 0] Deparser 'deparser': start
[10:15:41.075] [bmv2] [T] [thread 4987] [6.0] [cxt 0] Skipping checksum 'cksum' update because condition not met
[10:15:41.075] [bmv2] [D] [thread 4987] [6.0] [cxt 0] Deparsing header 'ethernet_1'
[10:15:41.075] [bmv2] [D] [thread 4987] [6.0] [cxt 0] Deparser 'deparser': end
[10:15:41.075] [bmv2] [D] [thread 4991] [6.0] [cxt 0] Transmitting packet of size 70 out of port 0
[10:15:41.482] [bmv2] [D] [thread 4986] [7.0] [cxt 0] Processing packet received on port 5
[10:15:41.482] [bmv2] [D] [thread 4986] [7.0] [cxt 0] Parser 'parser': start
[10:15:41.482] [bmv2] [D] [thread 4986] [7.0] [cxt 0] Parser 'parser' entering state 'start'
[10:15:41.482] [bmv2] [D] [thread 4986] [7.0] [cxt 0] Extracting header 'ethernet_1'
[10:15:41.482] [bmv2] [D] [thread 4986] [7.0] [cxt 0] Parser state 'start': key is 86dd
[10:15:41.482] [bmv2] [T] [thread 4986] [7.0] [cxt 0] Bytes parsed: 14
[10:15:41.482] [bmv2] [D] [thread 4986] [7.0] [cxt 0] Parser 'parser': end
[10:15:41.482] [bmv2] [D] [thread 4986] [7.0] [cxt 0] Pipeline 'ingress': start
[10:15:41.482] [bmv2] [T] [thread 4986] [7.0] [cxt 0] p4src/your_pipeline.p4(211) Condition "hdr.tunnel.isValid()" (node_2) is false
[10:15:41.482] [bmv2] [T] [thread 4986] [7.0] [cxt 0] Applying table 'MyIngress.direct_forward_without_tunnel'
[10:15:41.482] [bmv2] [D] [thread 4986] [7.0] [cxt 0] Looking up key:
* standard_metadata.ingress_port: 0005
* hdr.ethernet_1.dstAddr        : 333300000002

[10:15:41.482] [bmv2] [D] [thread 4986] [7.0] [cxt 0] Table 'MyIngress.direct_forward_without_tunnel': miss
[10:15:41.482] [bmv2] [D] [thread 4986] [7.0] [cxt 0] Action entry is NoAction - 
[10:15:41.482] [bmv2] [T] [thread 4986] [7.0] [cxt 0] Action NoAction
[10:15:41.482] [bmv2] [T] [thread 4986] [7.0] [cxt 0] Applying table 'tbl_act_0'
[10:15:41.482] [bmv2] [D] [thread 4986] [7.0] [cxt 0] Looking up key:

[10:15:41.482] [bmv2] [D] [thread 4986] [7.0] [cxt 0] Table 'tbl_act_0': miss
[10:15:41.482] [bmv2] [D] [thread 4986] [7.0] [cxt 0] Action entry is act_0 - 
[10:15:41.482] [bmv2] [T] [thread 4986] [7.0] [cxt 0] Action act_0
[10:15:41.482] [bmv2] [T] [thread 4986] [7.0] [cxt 0] Primitive (no source info)
[10:15:41.482] [bmv2] [T] [thread 4986] [7.0] [cxt 0] Condition "node_11" (node_11) is false
[10:15:41.482] [bmv2] [T] [thread 4986] [7.0] [cxt 0] p4src/your_pipeline.p4(221) Condition "hdr.tcp.isValid()" (node_12) is true
[10:15:41.482] [bmv2] [T] [thread 4986] [7.0] [cxt 0] Applying table 'tbl_your_pipeline221'
[10:15:41.482] [bmv2] [D] [thread 4986] [7.0] [cxt 0] Looking up key:

[10:15:41.482] [bmv2] [D] [thread 4986] [7.0] [cxt 0] Table 'tbl_your_pipeline221': miss
[10:15:41.482] [bmv2] [D] [thread 4986] [7.0] [cxt 0] Action entry is your_pipeline221 - 
[10:15:41.482] [bmv2] [T] [thread 4986] [7.0] [cxt 0] Action your_pipeline221
[10:15:41.482] [bmv2] [T] [thread 4986] [7.0] [cxt 0] p4src/your_pipeline.p4(221) Primitive hdr.tcp.isValid() && ecmp_group.apply().hit
[10:15:41.482] [bmv2] [T] [thread 4986] [7.0] [cxt 0] Condition "node_18" (node_18) is false
[10:15:41.482] [bmv2] [T] [thread 4986] [7.0] [cxt 0] Applying table 'MyIngress.encap_forward_with_tunnel'
[10:15:41.483] [bmv2] [D] [thread 4986] [7.0] [cxt 0] Looking up key:
* standard_metadata.ingress_port: 0005
* hdr.ethernet_1.dstAddr        : 333300000002

[10:15:41.483] [bmv2] [D] [thread 4986] [7.0] [cxt 0] Table 'MyIngress.encap_forward_with_tunnel': miss
[10:15:41.483] [bmv2] [D] [thread 4986] [7.0] [cxt 0] Action entry is NoAction - 
[10:15:41.483] [bmv2] [T] [thread 4986] [7.0] [cxt 0] Action NoAction
[10:15:41.483] [bmv2] [T] [thread 4986] [7.0] [cxt 0] Applying table 'tbl_act_4'
[10:15:41.483] [bmv2] [D] [thread 4986] [7.0] [cxt 0] Looking up key:

[10:15:41.483] [bmv2] [D] [thread 4986] [7.0] [cxt 0] Table 'tbl_act_4': miss
[10:15:41.483] [bmv2] [D] [thread 4986] [7.0] [cxt 0] Action entry is act_4 - 
[10:15:41.483] [bmv2] [T] [thread 4986] [7.0] [cxt 0] Action act_4
[10:15:41.483] [bmv2] [T] [thread 4986] [7.0] [cxt 0] Primitive (no source info)
[10:15:41.483] [bmv2] [T] [thread 4986] [7.0] [cxt 0] Condition "node_23" (node_23) is false
[10:15:41.483] [bmv2] [T] [thread 4986] [7.0] [cxt 0] Applying table 'MyIngress.encap_multicast'
[10:15:41.483] [bmv2] [D] [thread 4986] [7.0] [cxt 0] Looking up key:
* standard_metadata.ingress_port: 0005

[10:15:41.483] [bmv2] [D] [thread 4986] [7.0] [cxt 0] Table 'MyIngress.encap_multicast': miss
[10:15:41.483] [bmv2] [D] [thread 4986] [7.0] [cxt 0] Action entry is NoAction - 
[10:15:41.483] [bmv2] [T] [thread 4986] [7.0] [cxt 0] Action NoAction
[10:15:41.483] [bmv2] [T] [thread 4986] [7.0] [cxt 0] p4src/your_pipeline.p4(225) Condition "hdr.ipv4.isValid()" (node_25) is false
[10:15:41.483] [bmv2] [D] [thread 4986] [7.0] [cxt 0] Pipeline 'ingress': end
[10:15:41.483] [bmv2] [D] [thread 4986] [7.0] [cxt 0] Egress port is 0
[10:15:41.484] [bmv2] [D] [thread 4987] [7.0] [cxt 0] Pipeline 'egress': start
[10:15:41.484] [bmv2] [T] [thread 4987] [7.0] [cxt 0] p4src/your_pipeline.p4(257) Condition "hdr.tunnel.isValid()" (node_29) is false
[10:15:41.484] [bmv2] [D] [thread 4987] [7.0] [cxt 0] Pipeline 'egress': end
[10:15:41.484] [bmv2] [D] [thread 4987] [7.0] [cxt 0] Deparser 'deparser': start
[10:15:41.484] [bmv2] [T] [thread 4987] [7.0] [cxt 0] Skipping checksum 'cksum' update because condition not met
[10:15:41.484] [bmv2] [D] [thread 4987] [7.0] [cxt 0] Deparsing header 'ethernet_1'
[10:15:41.484] [bmv2] [D] [thread 4987] [7.0] [cxt 0] Deparser 'deparser': end
[10:15:41.484] [bmv2] [D] [thread 4991] [7.0] [cxt 0] Transmitting packet of size 70 out of port 0
[10:15:43.377] [bmv2] [T] [thread 5156] bm_get_config
[10:15:43.380] [bmv2] [T] [thread 5156] bm_table_add_entry
[10:15:43.380] [bmv2] [D] [thread 5156] Entry 0 added to table 'MyIngress.encap_forward_with_tunnel'
[10:15:43.380] [bmv2] [D] [thread 5156] Dumping entry 0
Match key:
* standard_metadata.ingress_port: EXACT     0002
* hdr.ethernet_1.dstAddr        : EXACT     00000a000001
Action entry: MyIngress.encap_forward_with_tunnel_act - 4,4,1,

[10:15:43.381] [bmv2] [T] [thread 5156] bm_table_add_entry
[10:15:43.381] [bmv2] [D] [thread 5156] Entry 1 added to table 'MyIngress.encap_forward_with_tunnel'
[10:15:43.381] [bmv2] [D] [thread 5156] Dumping entry 1
Match key:
* standard_metadata.ingress_port: EXACT     0002
* hdr.ethernet_1.dstAddr        : EXACT     00000b000003
Action entry: MyIngress.encap_forward_with_tunnel_act - 3,5,1,

[10:15:43.381] [bmv2] [T] [thread 5156] bm_table_add_entry
[10:15:43.382] [bmv2] [D] [thread 5156] Entry 2 added to table 'MyIngress.encap_forward_with_tunnel'
[10:15:43.382] [bmv2] [D] [thread 5156] Dumping entry 2
Match key:
* standard_metadata.ingress_port: EXACT     0002
* hdr.ethernet_1.dstAddr        : EXACT     00000b000004
Action entry: MyIngress.encap_forward_with_tunnel_act - 4,6,1,

[10:15:43.382] [bmv2] [T] [thread 5156] bm_table_add_entry
[10:15:43.382] [bmv2] [D] [thread 5156] Entry 3 added to table 'MyIngress.encap_forward_with_tunnel'
[10:15:43.382] [bmv2] [D] [thread 5156] Dumping entry 3
Match key:
* standard_metadata.ingress_port: EXACT     0001
* hdr.ethernet_1.dstAddr        : EXACT     00000a000001
Action entry: MyIngress.encap_forward_with_tunnel_act - 3,3,2,

[10:15:43.383] [bmv2] [T] [thread 5156] bm_table_add_entry
[10:15:43.383] [bmv2] [D] [thread 5156] Entry 0 added to table 'MyIngress.decap_forward_with_tunnel'
[10:15:43.383] [bmv2] [D] [thread 5156] Dumping entry 0
Match key:
* hdr.ethernet_1.dstAddr: EXACT     00000b000002
* hdr.tunnel.pw_id      : EXACT     0001
Action entry: MyIngress.decap_forward_with_tunnel_act - 2,

[10:15:43.384] [bmv2] [T] [thread 5156] bm_table_add_entry
[10:15:43.384] [bmv2] [D] [thread 5156] Entry 1 added to table 'MyIngress.decap_forward_with_tunnel'
[10:15:43.384] [bmv2] [D] [thread 5156] Dumping entry 1
Match key:
* hdr.ethernet_1.dstAddr: EXACT     00000a000002
* hdr.tunnel.pw_id      : EXACT     0002
Action entry: MyIngress.decap_forward_with_tunnel_act - 1,

[10:15:43.384] [bmv2] [T] [thread 5156] bm_table_add_entry
[10:15:43.384] [bmv2] [D] [thread 5156] Entry 0 added to table 'MyIngress.ecmp_group'
[10:15:43.384] [bmv2] [D] [thread 5156] Dumping entry 0
Match key:
* standard_metadata.ingress_port: EXACT     0002
* hdr.ethernet_1.dstAddr        : EXACT     00000a000001
Action entry: MyIngress.ecmp_group_act - 1,2,

[10:15:43.385] [bmv2] [T] [thread 5156] bm_table_add_entry
[10:15:43.385] [bmv2] [D] [thread 5156] Entry 1 added to table 'MyIngress.ecmp_group'
[10:15:43.385] [bmv2] [D] [thread 5156] Dumping entry 1
Match key:
* standard_metadata.ingress_port: EXACT     0002
* hdr.ethernet_1.dstAddr        : EXACT     00000b000003
Action entry: MyIngress.ecmp_group_act - 2,2,

[10:15:43.385] [bmv2] [T] [thread 5156] bm_table_add_entry
[10:15:43.385] [bmv2] [D] [thread 5156] Entry 2 added to table 'MyIngress.ecmp_group'
[10:15:43.385] [bmv2] [D] [thread 5156] Dumping entry 2
Match key:
* standard_metadata.ingress_port: EXACT     0002
* hdr.ethernet_1.dstAddr        : EXACT     00000b000004
Action entry: MyIngress.ecmp_group_act - 3,2,

[10:15:43.386] [bmv2] [T] [thread 5156] bm_table_add_entry
[10:15:43.386] [bmv2] [D] [thread 5156] Entry 3 added to table 'MyIngress.ecmp_group'
[10:15:43.386] [bmv2] [D] [thread 5156] Dumping entry 3
Match key:
* standard_metadata.ingress_port: EXACT     0001
* hdr.ethernet_1.dstAddr        : EXACT     00000a000001
Action entry: MyIngress.ecmp_group_act - 4,2,

[10:15:43.386] [bmv2] [T] [thread 5156] bm_table_add_entry
[10:15:43.386] [bmv2] [D] [thread 5156] Entry 0 added to table 'MyIngress.ecmp_forward'
[10:15:43.386] [bmv2] [D] [thread 5156] Dumping entry 0
Match key:
* meta.ecmp_group_id  : EXACT     0001
* meta.ecmp_hash      : EXACT     0000
Action entry: MyIngress.encap_forward_with_tunnel_act - 3,3,1,

[10:15:43.387] [bmv2] [T] [thread 5156] bm_table_add_entry
[10:15:43.387] [bmv2] [D] [thread 5156] Entry 1 added to table 'MyIngress.ecmp_forward'
[10:15:43.387] [bmv2] [D] [thread 5156] Dumping entry 1
Match key:
* meta.ecmp_group_id  : EXACT     0001
* meta.ecmp_hash      : EXACT     0001
Action entry: MyIngress.encap_forward_with_tunnel_act - 4,4,1,

[10:15:43.387] [bmv2] [T] [thread 5156] bm_table_add_entry
[10:15:43.387] [bmv2] [D] [thread 5156] Entry 2 added to table 'MyIngress.ecmp_forward'
[10:15:43.387] [bmv2] [D] [thread 5156] Dumping entry 2
Match key:
* meta.ecmp_group_id  : EXACT     0002
* meta.ecmp_hash      : EXACT     0000
Action entry: MyIngress.encap_forward_with_tunnel_act - 3,5,1,

[10:15:43.387] [bmv2] [T] [thread 5156] bm_table_add_entry
[10:15:43.387] [bmv2] [D] [thread 5156] Entry 3 added to table 'MyIngress.ecmp_forward'
[10:15:43.387] [bmv2] [D] [thread 5156] Dumping entry 3
Match key:
* meta.ecmp_group_id  : EXACT     0002
* meta.ecmp_hash      : EXACT     0001
Action entry: MyIngress.encap_forward_with_tunnel_act - 4,6,1,

[10:15:43.388] [bmv2] [T] [thread 5156] bm_table_add_entry
[10:15:43.388] [bmv2] [D] [thread 5156] Entry 4 added to table 'MyIngress.ecmp_forward'
[10:15:43.388] [bmv2] [D] [thread 5156] Dumping entry 4
Match key:
* meta.ecmp_group_id  : EXACT     0003
* meta.ecmp_hash      : EXACT     0000
Action entry: MyIngress.encap_forward_with_tunnel_act - 3,5,1,

[10:15:43.388] [bmv2] [T] [thread 5156] bm_table_add_entry
[10:15:43.388] [bmv2] [D] [thread 5156] Entry 5 added to table 'MyIngress.ecmp_forward'
[10:15:43.388] [bmv2] [D] [thread 5156] Dumping entry 5
Match key:
* meta.ecmp_group_id  : EXACT     0003
* meta.ecmp_hash      : EXACT     0001
Action entry: MyIngress.encap_forward_with_tunnel_act - 4,6,1,

[10:15:43.389] [bmv2] [T] [thread 5156] bm_table_add_entry
[10:15:43.389] [bmv2] [D] [thread 5156] Entry 6 added to table 'MyIngress.ecmp_forward'
[10:15:43.389] [bmv2] [D] [thread 5156] Dumping entry 6
Match key:
* meta.ecmp_group_id  : EXACT     0004
* meta.ecmp_hash      : EXACT     0000
Action entry: MyIngress.encap_forward_with_tunnel_act - 3,3,2,

[10:15:43.389] [bmv2] [T] [thread 5156] bm_table_add_entry
[10:15:43.390] [bmv2] [D] [thread 5156] Entry 7 added to table 'MyIngress.ecmp_forward'
[10:15:43.390] [bmv2] [D] [thread 5156] Dumping entry 7
Match key:
* meta.ecmp_group_id  : EXACT     0004
* meta.ecmp_hash      : EXACT     0001
Action entry: MyIngress.encap_forward_with_tunnel_act - 4,4,2,

[10:15:43.390] [bmv2] [T] [thread 5156] bm_table_add_entry
[10:15:43.390] [bmv2] [D] [thread 5156] Entry 0 added to table 'MyIngress.table_ipv4'
[10:15:43.390] [bmv2] [D] [thread 5156] Dumping entry 0
Match key:
Action entry: MyIngress.decrease_ipv4_ttl - 

[10:15:43.390] [bmv2] [T] [thread 5156] bm_mc_node_create
[10:15:43.390] [bmv2] [D] [thread 5156] node created for rid 0
[10:15:43.390] [bmv2] [T] [thread 5156] bm_mc_node_create
[10:15:43.390] [bmv2] [D] [thread 5156] node created for rid 1
[10:15:43.391] [bmv2] [T] [thread 5156] bm_mc_node_create
[10:15:43.391] [bmv2] [D] [thread 5156] node created for rid 2
[10:15:43.391] [bmv2] [T] [thread 5156] bm_mc_node_create
[10:15:43.391] [bmv2] [D] [thread 5156] node created for rid 3
[10:15:43.391] [bmv2] [T] [thread 5156] bm_mc_mgrp_create
[10:15:43.391] [bmv2] [D] [thread 5156] mgrp node created for mgid 1
[10:15:43.391] [bmv2] [T] [thread 5156] bm_mc_node_associate
[10:15:43.391] [bmv2] [D] [thread 5156] node associated with mgid 1
[10:15:43.391] [bmv2] [T] [thread 5156] bm_mc_mgrp_create
[10:15:43.392] [bmv2] [D] [thread 5156] mgrp node created for mgid 2
[10:15:43.392] [bmv2] [T] [thread 5156] bm_mc_node_associate
[10:15:43.392] [bmv2] [D] [thread 5156] node associated with mgid 2
[10:15:43.392] [bmv2] [T] [thread 5156] bm_mc_mgrp_create
[10:15:43.392] [bmv2] [D] [thread 5156] mgrp node created for mgid 3
[10:15:43.392] [bmv2] [T] [thread 5156] bm_mc_node_associate
[10:15:43.392] [bmv2] [D] [thread 5156] node associated with mgid 3
[10:15:43.392] [bmv2] [T] [thread 5156] bm_mc_mgrp_create
[10:15:43.392] [bmv2] [D] [thread 5156] mgrp node created for mgid 4
[10:15:43.392] [bmv2] [T] [thread 5156] bm_mc_node_associate
[10:15:43.392] [bmv2] [D] [thread 5156] node associated with mgid 4
[10:15:43.393] [bmv2] [T] [thread 5156] bm_table_add_entry
[10:15:43.393] [bmv2] [D] [thread 5156] Entry 0 added to table 'MyIngress.encap_multicast'
[10:15:43.393] [bmv2] [D] [thread 5156] Dumping entry 0
Match key:
* standard_metadata.ingress_port: EXACT     0002
Action entry: MyIngress.encap_multicast_act - 1,1,

[10:15:43.393] [bmv2] [T] [thread 5156] bm_table_add_entry
[10:15:43.393] [bmv2] [D] [thread 5156] Entry 1 added to table 'MyIngress.encap_multicast'
[10:15:43.393] [bmv2] [D] [thread 5156] Dumping entry 1
Match key:
* standard_metadata.ingress_port: EXACT     0001
Action entry: MyIngress.encap_multicast_act - 2,2,

[10:15:43.393] [bmv2] [T] [thread 5156] bm_table_add_entry
[10:15:43.393] [bmv2] [D] [thread 5156] Entry 0 added to table 'MyEgress.encap_multicast_egress_decap'
[10:15:43.393] [bmv2] [D] [thread 5156] Dumping entry 0
Match key:
* standard_metadata.egress_port: EXACT     0003
Action entry: NoAction - 

[10:15:43.394] [bmv2] [T] [thread 5156] bm_table_add_entry
[10:15:43.394] [bmv2] [D] [thread 5156] Entry 1 added to table 'MyEgress.encap_multicast_egress_decap'
[10:15:43.394] [bmv2] [D] [thread 5156] Dumping entry 1
Match key:
* standard_metadata.egress_port: EXACT     0004
Action entry: NoAction - 

[10:15:43.394] [bmv2] [T] [thread 5156] bm_table_add_entry
[10:15:43.394] [bmv2] [D] [thread 5156] Entry 0 added to table 'MyIngress.decap_multicast'
[10:15:43.394] [bmv2] [D] [thread 5156] Dumping entry 0
Match key:
* hdr.tunnel.pw_id    : EXACT     0001
Action entry: MyIngress.decap_multicast_act - 3,

[10:15:43.394] [bmv2] [T] [thread 5156] bm_table_add_entry
[10:15:43.394] [bmv2] [D] [thread 5156] Entry 1 added to table 'MyIngress.decap_multicast'
[10:15:43.394] [bmv2] [D] [thread 5156] Dumping entry 1
Match key:
* hdr.tunnel.pw_id    : EXACT     0002
Action entry: MyIngress.decap_multicast_act - 4,

[10:17:10.331] [bmv2] [T] [thread 5276] bm_get_config
[10:17:10.334] [bmv2] [T] [thread 5276] bm_mt_get_entries
[10:17:10.335] [bmv2] [T] [thread 5276] bm_mt_get_entries
[10:17:10.336] [bmv2] [T] [thread 5276] bm_mt_get_entries
[10:17:10.338] [bmv2] [T] [thread 5276] bm_mt_get_entries
[10:17:10.340] [bmv2] [T] [thread 5276] bm_mt_get_entries
[10:17:10.341] [bmv2] [T] [thread 5276] bm_mt_get_entries
[10:17:10.341] [bmv2] [T] [thread 5276] bm_mt_get_entries
[10:17:10.342] [bmv2] [T] [thread 5276] bm_mt_get_entries
[10:17:10.343] [bmv2] [T] [thread 5276] bm_mt_get_entries
[10:17:10.343] [bmv2] [T] [thread 5276] bm_mt_get_entries
[10:17:10.344] [bmv2] [T] [thread 5276] bm_mt_get_entries
[10:17:10.344] [bmv2] [T] [thread 5276] bm_mt_get_entries
[10:17:10.345] [bmv2] [T] [thread 5276] bm_mt_get_entries
[10:17:10.345] [bmv2] [T] [thread 5276] bm_mt_get_entries
[10:17:10.346] [bmv2] [T] [thread 5276] bm_mt_get_entries
[10:17:10.346] [bmv2] [T] [thread 5276] bm_mt_get_entries
[10:17:10.347] [bmv2] [T] [thread 5276] bm_mt_get_entries
[10:17:10.349] [bmv2] [T] [thread 5276] bm_mt_get_entries
[10:17:10.350] [bmv2] [T] [thread 5276] bm_mt_get_entries
[10:17:10.376] [bmv2] [T] [thread 5276] bm_reset_state
[10:17:10.383] [bmv2] [D] [thread 5276] Resetting simple_switch target-specific state
[10:17:10.383] [bmv2] [D] [thread 5276] resetting PRE state
[10:17:10.386] [bmv2] [T] [thread 5281] mirroring_sesssion_add
[10:17:10.448] [bmv2] [T] [thread 5290] bm_get_config
[10:17:10.451] [bmv2] [T] [thread 5290] bm_mt_get_entries
[10:17:10.451] [bmv2] [T] [thread 5290] bm_mt_get_entries
[10:17:10.452] [bmv2] [T] [thread 5290] bm_mt_get_entries
[10:17:10.452] [bmv2] [T] [thread 5290] bm_mt_get_entries
[10:17:10.453] [bmv2] [T] [thread 5290] bm_mt_get_entries
[10:17:10.454] [bmv2] [T] [thread 5290] bm_mt_get_entries
[10:17:10.454] [bmv2] [T] [thread 5290] bm_mt_get_entries
[10:17:10.455] [bmv2] [T] [thread 5290] bm_mt_get_entries
[10:17:10.455] [bmv2] [T] [thread 5290] bm_mt_get_entries
[10:17:10.456] [bmv2] [T] [thread 5290] bm_mt_get_entries
[10:17:10.456] [bmv2] [T] [thread 5290] bm_mt_get_entries
[10:17:10.457] [bmv2] [T] [thread 5290] bm_mt_get_entries
[10:17:10.457] [bmv2] [T] [thread 5290] bm_mt_get_entries
[10:17:10.457] [bmv2] [T] [thread 5290] bm_mt_get_entries
[10:17:10.458] [bmv2] [T] [thread 5290] bm_mt_get_entries
[10:17:10.458] [bmv2] [T] [thread 5290] bm_mt_get_entries
[10:17:10.459] [bmv2] [T] [thread 5290] bm_mt_get_entries
[10:17:10.459] [bmv2] [T] [thread 5290] bm_mt_get_entries
[10:17:10.460] [bmv2] [T] [thread 5290] bm_mt_get_entries
[10:17:53.929] [bmv2] [T] [thread 5364] bm_get_config
[10:17:53.931] [bmv2] [T] [thread 5364] bm_mt_get_entries
[10:17:53.932] [bmv2] [T] [thread 5364] bm_mt_get_entries
[10:17:53.932] [bmv2] [T] [thread 5364] bm_mt_get_entries
[10:17:53.932] [bmv2] [T] [thread 5364] bm_mt_get_entries
[10:17:53.932] [bmv2] [T] [thread 5364] bm_mt_get_entries
[10:17:53.932] [bmv2] [T] [thread 5364] bm_mt_get_entries
[10:17:53.932] [bmv2] [T] [thread 5364] bm_mt_get_entries
[10:17:53.932] [bmv2] [T] [thread 5364] bm_mt_get_entries
[10:17:53.933] [bmv2] [T] [thread 5364] bm_mt_get_entries
[10:17:53.933] [bmv2] [T] [thread 5364] bm_mt_get_entries
[10:17:53.933] [bmv2] [T] [thread 5364] bm_mt_get_entries
[10:17:53.933] [bmv2] [T] [thread 5364] bm_mt_get_entries
[10:17:53.933] [bmv2] [T] [thread 5364] bm_mt_get_entries
[10:17:53.933] [bmv2] [T] [thread 5364] bm_mt_get_entries
[10:17:53.933] [bmv2] [T] [thread 5364] bm_mt_get_entries
[10:17:53.934] [bmv2] [T] [thread 5364] bm_mt_get_entries
[10:17:53.934] [bmv2] [T] [thread 5364] bm_mt_get_entries
[10:17:53.934] [bmv2] [T] [thread 5364] bm_mt_get_entries
[10:17:53.934] [bmv2] [T] [thread 5364] bm_mt_get_entries
[10:17:53.962] [bmv2] [T] [thread 5364] bm_reset_state
[10:17:53.969] [bmv2] [D] [thread 5364] Resetting simple_switch target-specific state
[10:17:53.969] [bmv2] [D] [thread 5364] resetting PRE state
[10:17:53.971] [bmv2] [T] [thread 5369] mirroring_sesssion_add
[10:17:54.038] [bmv2] [T] [thread 5378] bm_get_config
[10:17:54.042] [bmv2] [T] [thread 5378] bm_mt_get_entries
[10:17:54.044] [bmv2] [T] [thread 5378] bm_mt_get_entries
[10:17:54.045] [bmv2] [T] [thread 5378] bm_mt_get_entries
[10:17:54.046] [bmv2] [T] [thread 5378] bm_mt_get_entries
[10:17:54.046] [bmv2] [T] [thread 5378] bm_mt_get_entries
[10:17:54.047] [bmv2] [T] [thread 5378] bm_mt_get_entries
[10:17:54.048] [bmv2] [T] [thread 5378] bm_mt_get_entries
[10:17:54.048] [bmv2] [T] [thread 5378] bm_mt_get_entries
[10:17:54.049] [bmv2] [T] [thread 5378] bm_mt_get_entries
[10:17:54.049] [bmv2] [T] [thread 5378] bm_mt_get_entries
[10:17:54.050] [bmv2] [T] [thread 5378] bm_mt_get_entries
[10:17:54.050] [bmv2] [T] [thread 5378] bm_mt_get_entries
[10:17:54.050] [bmv2] [T] [thread 5378] bm_mt_get_entries
[10:17:54.051] [bmv2] [T] [thread 5378] bm_mt_get_entries
[10:17:54.052] [bmv2] [T] [thread 5378] bm_mt_get_entries
[10:17:54.052] [bmv2] [T] [thread 5378] bm_mt_get_entries
[10:17:54.053] [bmv2] [T] [thread 5378] bm_mt_get_entries
[10:17:54.053] [bmv2] [T] [thread 5378] bm_mt_get_entries
[10:17:54.053] [bmv2] [T] [thread 5378] bm_mt_get_entries
[10:18:22.046] [bmv2] [T] [thread 5457] bm_get_config
[10:18:22.052] [bmv2] [T] [thread 5457] bm_mt_get_entries
[10:18:22.052] [bmv2] [T] [thread 5457] bm_mt_get_entries
[10:18:22.053] [bmv2] [T] [thread 5457] bm_mt_get_entries
[10:18:22.053] [bmv2] [T] [thread 5457] bm_mt_get_entries
[10:18:22.054] [bmv2] [T] [thread 5457] bm_mt_get_entries
[10:18:22.054] [bmv2] [T] [thread 5457] bm_mt_get_entries
[10:18:22.054] [bmv2] [T] [thread 5457] bm_mt_get_entries
[10:18:22.055] [bmv2] [T] [thread 5457] bm_mt_get_entries
[10:18:22.055] [bmv2] [T] [thread 5457] bm_mt_get_entries
[10:18:22.055] [bmv2] [T] [thread 5457] bm_mt_get_entries
[10:18:22.055] [bmv2] [T] [thread 5457] bm_mt_get_entries
[10:18:22.055] [bmv2] [T] [thread 5457] bm_mt_get_entries
[10:18:22.056] [bmv2] [T] [thread 5457] bm_mt_get_entries
[10:18:22.056] [bmv2] [T] [thread 5457] bm_mt_get_entries
[10:18:22.056] [bmv2] [T] [thread 5457] bm_mt_get_entries
[10:18:22.057] [bmv2] [T] [thread 5457] bm_mt_get_entries
[10:18:22.057] [bmv2] [T] [thread 5457] bm_mt_get_entries
[10:18:22.057] [bmv2] [T] [thread 5457] bm_mt_get_entries
[10:18:22.057] [bmv2] [T] [thread 5457] bm_mt_get_entries
[10:18:22.133] [bmv2] [T] [thread 5457] bm_reset_state
[10:18:22.142] [bmv2] [D] [thread 5457] Resetting simple_switch target-specific state
[10:18:22.142] [bmv2] [D] [thread 5457] resetting PRE state
[10:18:22.145] [bmv2] [T] [thread 5462] mirroring_sesssion_add
[10:18:22.235] [bmv2] [T] [thread 5471] bm_get_config
[10:18:22.248] [bmv2] [T] [thread 5471] bm_mt_get_entries
[10:18:22.251] [bmv2] [T] [thread 5471] bm_mt_get_entries
[10:18:22.254] [bmv2] [T] [thread 5471] bm_mt_get_entries
[10:18:22.254] [bmv2] [T] [thread 5471] bm_mt_get_entries
[10:18:22.254] [bmv2] [T] [thread 5471] bm_mt_get_entries
[10:18:22.255] [bmv2] [T] [thread 5471] bm_mt_get_entries
[10:18:22.255] [bmv2] [T] [thread 5471] bm_mt_get_entries
[10:18:22.255] [bmv2] [T] [thread 5471] bm_mt_get_entries
[10:18:22.255] [bmv2] [T] [thread 5471] bm_mt_get_entries
[10:18:22.256] [bmv2] [T] [thread 5471] bm_mt_get_entries
[10:18:22.256] [bmv2] [T] [thread 5471] bm_mt_get_entries
[10:18:22.256] [bmv2] [T] [thread 5471] bm_mt_get_entries
[10:18:22.256] [bmv2] [T] [thread 5471] bm_mt_get_entries
[10:18:22.257] [bmv2] [T] [thread 5471] bm_mt_get_entries
[10:18:22.257] [bmv2] [T] [thread 5471] bm_mt_get_entries
[10:18:22.257] [bmv2] [T] [thread 5471] bm_mt_get_entries
[10:18:22.258] [bmv2] [T] [thread 5471] bm_mt_get_entries
[10:18:22.258] [bmv2] [T] [thread 5471] bm_mt_get_entries
[10:18:22.258] [bmv2] [T] [thread 5471] bm_mt_get_entries
