Warning: you requested the nanomsg event logger, but bmv2 was compiled without -DBMELOG, and the event logger cannot be activated
Calling target program-options parser
[10:15:40.247] [bmv2] [D] [thread 4994] Set default default entry for table 'MyIngress.direct_forward_with_tunnel': NoAction - 
[10:15:40.247] [bmv2] [D] [thread 4994] Set default default entry for table 'MyIngress.decap_forward_with_tunnel': NoAction - 
[10:15:40.247] [bmv2] [D] [thread 4994] Set default default entry for table 'MyIngress.direct_multicast': NoAction - 
[10:15:40.247] [bmv2] [D] [thread 4994] Set default default entry for table 'MyIngress.decap_multicast': NoAction - 
[10:15:40.248] [bmv2] [D] [thread 4994] Set default default entry for table 'MyIngress.direct_forward_without_tunnel': NoAction - 
[10:15:40.248] [bmv2] [D] [thread 4994] Set default default entry for table 'tbl_act': act - 
[10:15:40.248] [bmv2] [D] [thread 4994] Set default default entry for table 'tbl_act_0': act_0 - 
[10:15:40.248] [bmv2] [D] [thread 4994] Set default default entry for table 'tbl_your_pipeline221': your_pipeline221 - 
[10:15:40.248] [bmv2] [D] [thread 4994] Set default default entry for table 'MyIngress.ecmp_group': NoAction - 
[10:15:40.248] [bmv2] [D] [thread 4994] Set default default entry for table 'tbl_act_1': act_1 - 
[10:15:40.248] [bmv2] [D] [thread 4994] Set default default entry for table 'tbl_act_2': act_2 - 
[10:15:40.248] [bmv2] [D] [thread 4994] Set default default entry for table 'tbl_your_pipeline221_0': your_pipeline221_0 - 
[10:15:40.248] [bmv2] [D] [thread 4994] Set default default entry for table 'MyIngress.ecmp_forward': NoAction - 
[10:15:40.248] [bmv2] [D] [thread 4994] Set default default entry for table 'MyIngress.encap_forward_with_tunnel': NoAction - 
[10:15:40.248] [bmv2] [D] [thread 4994] Set default default entry for table 'tbl_act_3': act_3 - 
[10:15:40.248] [bmv2] [D] [thread 4994] Set default default entry for table 'tbl_act_4': act_4 - 
[10:15:40.248] [bmv2] [D] [thread 4994] Set default default entry for table 'MyIngress.encap_multicast': NoAction - 
[10:15:40.248] [bmv2] [D] [thread 4994] Set default default entry for table 'MyIngress.table_ipv4': MyIngress.decrease_ipv4_ttl - 
[10:15:40.249] [bmv2] [D] [thread 4994] Set default default entry for table 'MyEgress.encap_multicast_egress_decap': MyEgress.encap_multicast_egress_decap_act - 
Adding interface s5-eth1 as port 1
[10:15:40.254] [bmv2] [D] [thread 4994] Adding interface s5-eth1 as port 1
Adding interface s5-eth2 as port 2
[10:15:40.310] [bmv2] [D] [thread 4994] Adding interface s5-eth2 as port 2
Adding interface s5-eth3 as port 3
[10:15:40.362] [bmv2] [D] [thread 4994] Adding interface s5-eth3 as port 3
Adding interface s5-eth4 as port 4
[10:15:40.418] [bmv2] [D] [thread 4994] Adding interface s5-eth4 as port 4
Adding interface s5-cpu-eth0 as port 5
[10:15:40.462] [bmv2] [D] [thread 4994] Adding interface s5-cpu-eth0 as port 5
[10:15:40.510] [bmv2] [I] [thread 4994] Starting Thrift server on port 9094
[10:15:40.510] [bmv2] [I] [thread 4994] Thrift server was started
[10:15:40.533] [bmv2] [D] [thread 5000] [0.0] [cxt 0] Processing packet received on port 4
[10:15:40.533] [bmv2] [D] [thread 5000] [0.0] [cxt 0] Parser 'parser': start
[10:15:40.533] [bmv2] [D] [thread 5000] [0.0] [cxt 0] Parser 'parser' entering state 'start'
[10:15:40.533] [bmv2] [D] [thread 5000] [0.0] [cxt 0] Extracting header 'ethernet_1'
[10:15:40.533] [bmv2] [D] [thread 5000] [0.0] [cxt 0] Parser state 'start': key is 86dd
[10:15:40.533] [bmv2] [T] [thread 5000] [0.0] [cxt 0] Bytes parsed: 14
[10:15:40.533] [bmv2] [D] [thread 5000] [0.0] [cxt 0] Parser 'parser': end
[10:15:40.533] [bmv2] [D] [thread 5000] [0.0] [cxt 0] Pipeline 'ingress': start
[10:15:40.533] [bmv2] [T] [thread 5000] [0.0] [cxt 0] p4src/your_pipeline.p4(211) Condition "hdr.tunnel.isValid()" (node_2) is false
[10:15:40.533] [bmv2] [T] [thread 5000] [0.0] [cxt 0] Applying table 'MyIngress.direct_forward_without_tunnel'
[10:15:40.533] [bmv2] [D] [thread 5000] [0.0] [cxt 0] Looking up key:
* standard_metadata.ingress_port: 0004
* hdr.ethernet_1.dstAddr        : 333300000002

[10:15:40.533] [bmv2] [D] [thread 5000] [0.0] [cxt 0] Table 'MyIngress.direct_forward_without_tunnel': miss
[10:15:40.533] [bmv2] [D] [thread 5000] [0.0] [cxt 0] Action entry is NoAction - 
[10:15:40.533] [bmv2] [T] [thread 5000] [0.0] [cxt 0] Action NoAction
[10:15:40.533] [bmv2] [T] [thread 5000] [0.0] [cxt 0] Applying table 'tbl_act_0'
[10:15:40.533] [bmv2] [D] [thread 5000] [0.0] [cxt 0] Looking up key:

[10:15:40.533] [bmv2] [D] [thread 5000] [0.0] [cxt 0] Table 'tbl_act_0': miss
[10:15:40.533] [bmv2] [D] [thread 5000] [0.0] [cxt 0] Action entry is act_0 - 
[10:15:40.533] [bmv2] [T] [thread 5000] [0.0] [cxt 0] Action act_0
[10:15:40.533] [bmv2] [T] [thread 5000] [0.0] [cxt 0] Primitive (no source info)
[10:15:40.533] [bmv2] [T] [thread 5000] [0.0] [cxt 0] Condition "node_11" (node_11) is false
[10:15:40.533] [bmv2] [T] [thread 5000] [0.0] [cxt 0] p4src/your_pipeline.p4(221) Condition "hdr.tcp.isValid()" (node_12) is true
[10:15:40.533] [bmv2] [T] [thread 5000] [0.0] [cxt 0] Applying table 'tbl_your_pipeline221'
[10:15:40.533] [bmv2] [D] [thread 5000] [0.0] [cxt 0] Looking up key:

[10:15:40.533] [bmv2] [D] [thread 5000] [0.0] [cxt 0] Table 'tbl_your_pipeline221': miss
[10:15:40.533] [bmv2] [D] [thread 5000] [0.0] [cxt 0] Action entry is your_pipeline221 - 
[10:15:40.533] [bmv2] [T] [thread 5000] [0.0] [cxt 0] Action your_pipeline221
[10:15:40.533] [bmv2] [T] [thread 5000] [0.0] [cxt 0] p4src/your_pipeline.p4(221) Primitive hdr.tcp.isValid() && ecmp_group.apply().hit
[10:15:40.533] [bmv2] [T] [thread 5000] [0.0] [cxt 0] Condition "node_18" (node_18) is false
[10:15:40.533] [bmv2] [T] [thread 5000] [0.0] [cxt 0] Applying table 'MyIngress.encap_forward_with_tunnel'
[10:15:40.534] [bmv2] [D] [thread 5000] [0.0] [cxt 0] Looking up key:
* standard_metadata.ingress_port: 0004
* hdr.ethernet_1.dstAddr        : 333300000002

[10:15:40.534] [bmv2] [D] [thread 5000] [0.0] [cxt 0] Table 'MyIngress.encap_forward_with_tunnel': miss
[10:15:40.534] [bmv2] [D] [thread 5000] [0.0] [cxt 0] Action entry is NoAction - 
[10:15:40.534] [bmv2] [T] [thread 5000] [0.0] [cxt 0] Action NoAction
[10:15:40.534] [bmv2] [T] [thread 5000] [0.0] [cxt 0] Applying table 'tbl_act_4'
[10:15:40.534] [bmv2] [D] [thread 5000] [0.0] [cxt 0] Looking up key:

[10:15:40.534] [bmv2] [D] [thread 5000] [0.0] [cxt 0] Table 'tbl_act_4': miss
[10:15:40.534] [bmv2] [D] [thread 5000] [0.0] [cxt 0] Action entry is act_4 - 
[10:15:40.534] [bmv2] [T] [thread 5000] [0.0] [cxt 0] Action act_4
[10:15:40.534] [bmv2] [T] [thread 5000] [0.0] [cxt 0] Primitive (no source info)
[10:15:40.534] [bmv2] [T] [thread 5000] [0.0] [cxt 0] Condition "node_23" (node_23) is false
[10:15:40.534] [bmv2] [T] [thread 5000] [0.0] [cxt 0] Applying table 'MyIngress.encap_multicast'
[10:15:40.534] [bmv2] [D] [thread 5000] [0.0] [cxt 0] Looking up key:
* standard_metadata.ingress_port: 0004

[10:15:40.534] [bmv2] [D] [thread 5000] [0.0] [cxt 0] Table 'MyIngress.encap_multicast': miss
[10:15:40.534] [bmv2] [D] [thread 5000] [0.0] [cxt 0] Action entry is NoAction - 
[10:15:40.534] [bmv2] [T] [thread 5000] [0.0] [cxt 0] Action NoAction
[10:15:40.534] [bmv2] [T] [thread 5000] [0.0] [cxt 0] p4src/your_pipeline.p4(225) Condition "hdr.ipv4.isValid()" (node_25) is false
[10:15:40.534] [bmv2] [D] [thread 5000] [0.0] [cxt 0] Pipeline 'ingress': end
[10:15:40.534] [bmv2] [D] [thread 5000] [0.0] [cxt 0] Egress port is 0
[10:15:40.534] [bmv2] [D] [thread 5001] [0.0] [cxt 0] Pipeline 'egress': start
[10:15:40.534] [bmv2] [T] [thread 5001] [0.0] [cxt 0] p4src/your_pipeline.p4(257) Condition "hdr.tunnel.isValid()" (node_29) is false
[10:15:40.534] [bmv2] [D] [thread 5001] [0.0] [cxt 0] Pipeline 'egress': end
[10:15:40.534] [bmv2] [D] [thread 5001] [0.0] [cxt 0] Deparser 'deparser': start
[10:15:40.534] [bmv2] [T] [thread 5001] [0.0] [cxt 0] Skipping checksum 'cksum' update because condition not met
[10:15:40.534] [bmv2] [D] [thread 5001] [0.0] [cxt 0] Deparsing header 'ethernet_1'
[10:15:40.534] [bmv2] [D] [thread 5001] [0.0] [cxt 0] Deparser 'deparser': end
[10:15:40.534] [bmv2] [D] [thread 5005] [0.0] [cxt 0] Transmitting packet of size 70 out of port 0
[10:15:40.689] [bmv2] [D] [thread 5000] [1.0] [cxt 0] Processing packet received on port 3
[10:15:40.689] [bmv2] [D] [thread 5000] [1.0] [cxt 0] Parser 'parser': start
[10:15:40.689] [bmv2] [D] [thread 5000] [1.0] [cxt 0] Parser 'parser' entering state 'start'
[10:15:40.689] [bmv2] [D] [thread 5000] [1.0] [cxt 0] Extracting header 'ethernet_1'
[10:15:40.690] [bmv2] [D] [thread 5000] [1.0] [cxt 0] Parser state 'start': key is 86dd
[10:15:40.690] [bmv2] [T] [thread 5000] [1.0] [cxt 0] Bytes parsed: 14
[10:15:40.690] [bmv2] [D] [thread 5000] [1.0] [cxt 0] Parser 'parser': end
[10:15:40.690] [bmv2] [D] [thread 5000] [1.0] [cxt 0] Pipeline 'ingress': start
[10:15:40.690] [bmv2] [T] [thread 5000] [1.0] [cxt 0] p4src/your_pipeline.p4(211) Condition "hdr.tunnel.isValid()" (node_2) is false
[10:15:40.690] [bmv2] [T] [thread 5000] [1.0] [cxt 0] Applying table 'MyIngress.direct_forward_without_tunnel'
[10:15:40.690] [bmv2] [D] [thread 5000] [1.0] [cxt 0] Looking up key:
* standard_metadata.ingress_port: 0003
* hdr.ethernet_1.dstAddr        : 333300000002

[10:15:40.690] [bmv2] [D] [thread 5000] [1.0] [cxt 0] Table 'MyIngress.direct_forward_without_tunnel': miss
[10:15:40.690] [bmv2] [D] [thread 5000] [1.0] [cxt 0] Action entry is NoAction - 
[10:15:40.690] [bmv2] [T] [thread 5000] [1.0] [cxt 0] Action NoAction
[10:15:40.690] [bmv2] [T] [thread 5000] [1.0] [cxt 0] Applying table 'tbl_act_0'
[10:15:40.690] [bmv2] [D] [thread 5000] [1.0] [cxt 0] Looking up key:

[10:15:40.690] [bmv2] [D] [thread 5000] [1.0] [cxt 0] Table 'tbl_act_0': miss
[10:15:40.690] [bmv2] [D] [thread 5000] [1.0] [cxt 0] Action entry is act_0 - 
[10:15:40.690] [bmv2] [T] [thread 5000] [1.0] [cxt 0] Action act_0
[10:15:40.690] [bmv2] [T] [thread 5000] [1.0] [cxt 0] Primitive (no source info)
[10:15:40.690] [bmv2] [T] [thread 5000] [1.0] [cxt 0] Condition "node_11" (node_11) is false
[10:15:40.690] [bmv2] [T] [thread 5000] [1.0] [cxt 0] p4src/your_pipeline.p4(221) Condition "hdr.tcp.isValid()" (node_12) is true
[10:15:40.690] [bmv2] [T] [thread 5000] [1.0] [cxt 0] Applying table 'tbl_your_pipeline221'
[10:15:40.690] [bmv2] [D] [thread 5000] [1.0] [cxt 0] Looking up key:

[10:15:40.690] [bmv2] [D] [thread 5000] [1.0] [cxt 0] Table 'tbl_your_pipeline221': miss
[10:15:40.690] [bmv2] [D] [thread 5000] [1.0] [cxt 0] Action entry is your_pipeline221 - 
[10:15:40.690] [bmv2] [T] [thread 5000] [1.0] [cxt 0] Action your_pipeline221
[10:15:40.690] [bmv2] [T] [thread 5000] [1.0] [cxt 0] p4src/your_pipeline.p4(221) Primitive hdr.tcp.isValid() && ecmp_group.apply().hit
[10:15:40.690] [bmv2] [T] [thread 5000] [1.0] [cxt 0] Condition "node_18" (node_18) is false
[10:15:40.690] [bmv2] [T] [thread 5000] [1.0] [cxt 0] Applying table 'MyIngress.encap_forward_with_tunnel'
[10:15:40.690] [bmv2] [D] [thread 5000] [1.0] [cxt 0] Looking up key:
* standard_metadata.ingress_port: 0003
* hdr.ethernet_1.dstAddr        : 333300000002

[10:15:40.690] [bmv2] [D] [thread 5000] [1.0] [cxt 0] Table 'MyIngress.encap_forward_with_tunnel': miss
[10:15:40.690] [bmv2] [D] [thread 5000] [1.0] [cxt 0] Action entry is NoAction - 
[10:15:40.690] [bmv2] [T] [thread 5000] [1.0] [cxt 0] Action NoAction
[10:15:40.690] [bmv2] [T] [thread 5000] [1.0] [cxt 0] Applying table 'tbl_act_4'
[10:15:40.690] [bmv2] [D] [thread 5000] [1.0] [cxt 0] Looking up key:

[10:15:40.690] [bmv2] [D] [thread 5000] [1.0] [cxt 0] Table 'tbl_act_4': miss
[10:15:40.690] [bmv2] [D] [thread 5000] [1.0] [cxt 0] Action entry is act_4 - 
[10:15:40.690] [bmv2] [T] [thread 5000] [1.0] [cxt 0] Action act_4
[10:15:40.690] [bmv2] [T] [thread 5000] [1.0] [cxt 0] Primitive (no source info)
[10:15:40.690] [bmv2] [T] [thread 5000] [1.0] [cxt 0] Condition "node_23" (node_23) is false
[10:15:40.690] [bmv2] [T] [thread 5000] [1.0] [cxt 0] Applying table 'MyIngress.encap_multicast'
[10:15:40.690] [bmv2] [D] [thread 5000] [1.0] [cxt 0] Looking up key:
* standard_metadata.ingress_port: 0003

[10:15:40.690] [bmv2] [D] [thread 5000] [1.0] [cxt 0] Table 'MyIngress.encap_multicast': miss
[10:15:40.690] [bmv2] [D] [thread 5000] [1.0] [cxt 0] Action entry is NoAction - 
[10:15:40.690] [bmv2] [T] [thread 5000] [1.0] [cxt 0] Action NoAction
[10:15:40.690] [bmv2] [T] [thread 5000] [1.0] [cxt 0] p4src/your_pipeline.p4(225) Condition "hdr.ipv4.isValid()" (node_25) is false
[10:15:40.691] [bmv2] [D] [thread 5000] [1.0] [cxt 0] Pipeline 'ingress': end
[10:15:40.691] [bmv2] [D] [thread 5000] [1.0] [cxt 0] Egress port is 0
[10:15:40.691] [bmv2] [D] [thread 5001] [1.0] [cxt 0] Pipeline 'egress': start
[10:15:40.691] [bmv2] [T] [thread 5001] [1.0] [cxt 0] p4src/your_pipeline.p4(257) Condition "hdr.tunnel.isValid()" (node_29) is false
[10:15:40.691] [bmv2] [D] [thread 5001] [1.0] [cxt 0] Pipeline 'egress': end
[10:15:40.691] [bmv2] [D] [thread 5001] [1.0] [cxt 0] Deparser 'deparser': start
[10:15:40.691] [bmv2] [T] [thread 5001] [1.0] [cxt 0] Skipping checksum 'cksum' update because condition not met
[10:15:40.691] [bmv2] [D] [thread 5001] [1.0] [cxt 0] Deparsing header 'ethernet_1'
[10:15:40.691] [bmv2] [D] [thread 5001] [1.0] [cxt 0] Deparser 'deparser': end
[10:15:40.691] [bmv2] [D] [thread 5005] [1.0] [cxt 0] Transmitting packet of size 70 out of port 0
[10:15:40.850] [bmv2] [D] [thread 5000] [2.0] [cxt 0] Processing packet received on port 4
[10:15:40.850] [bmv2] [D] [thread 5000] [2.0] [cxt 0] Parser 'parser': start
[10:15:40.850] [bmv2] [D] [thread 5000] [2.0] [cxt 0] Parser 'parser' entering state 'start'
[10:15:40.850] [bmv2] [D] [thread 5000] [2.0] [cxt 0] Extracting header 'ethernet_1'
[10:15:40.850] [bmv2] [D] [thread 5000] [2.0] [cxt 0] Parser state 'start': key is 86dd
[10:15:40.850] [bmv2] [T] [thread 5000] [2.0] [cxt 0] Bytes parsed: 14
[10:15:40.850] [bmv2] [D] [thread 5000] [2.0] [cxt 0] Parser 'parser': end
[10:15:40.850] [bmv2] [D] [thread 5000] [2.0] [cxt 0] Pipeline 'ingress': start
[10:15:40.850] [bmv2] [T] [thread 5000] [2.0] [cxt 0] p4src/your_pipeline.p4(211) Condition "hdr.tunnel.isValid()" (node_2) is false
[10:15:40.850] [bmv2] [T] [thread 5000] [2.0] [cxt 0] Applying table 'MyIngress.direct_forward_without_tunnel'
[10:15:40.850] [bmv2] [D] [thread 5000] [2.0] [cxt 0] Looking up key:
* standard_metadata.ingress_port: 0004
* hdr.ethernet_1.dstAddr        : 333300000002

[10:15:40.850] [bmv2] [D] [thread 5000] [2.0] [cxt 0] Table 'MyIngress.direct_forward_without_tunnel': miss
[10:15:40.850] [bmv2] [D] [thread 5000] [2.0] [cxt 0] Action entry is NoAction - 
[10:15:40.851] [bmv2] [T] [thread 5000] [2.0] [cxt 0] Action NoAction
[10:15:40.851] [bmv2] [T] [thread 5000] [2.0] [cxt 0] Applying table 'tbl_act_0'
[10:15:40.851] [bmv2] [D] [thread 5000] [2.0] [cxt 0] Looking up key:

[10:15:40.851] [bmv2] [D] [thread 5000] [2.0] [cxt 0] Table 'tbl_act_0': miss
[10:15:40.851] [bmv2] [D] [thread 5000] [2.0] [cxt 0] Action entry is act_0 - 
[10:15:40.851] [bmv2] [T] [thread 5000] [2.0] [cxt 0] Action act_0
[10:15:40.851] [bmv2] [T] [thread 5000] [2.0] [cxt 0] Primitive (no source info)
[10:15:40.851] [bmv2] [T] [thread 5000] [2.0] [cxt 0] Condition "node_11" (node_11) is false
[10:15:40.851] [bmv2] [T] [thread 5000] [2.0] [cxt 0] p4src/your_pipeline.p4(221) Condition "hdr.tcp.isValid()" (node_12) is true
[10:15:40.851] [bmv2] [T] [thread 5000] [2.0] [cxt 0] Applying table 'tbl_your_pipeline221'
[10:15:40.851] [bmv2] [D] [thread 5000] [2.0] [cxt 0] Looking up key:

[10:15:40.851] [bmv2] [D] [thread 5000] [2.0] [cxt 0] Table 'tbl_your_pipeline221': miss
[10:15:40.851] [bmv2] [D] [thread 5000] [2.0] [cxt 0] Action entry is your_pipeline221 - 
[10:15:40.851] [bmv2] [T] [thread 5000] [2.0] [cxt 0] Action your_pipeline221
[10:15:40.851] [bmv2] [T] [thread 5000] [2.0] [cxt 0] p4src/your_pipeline.p4(221) Primitive hdr.tcp.isValid() && ecmp_group.apply().hit
[10:15:40.851] [bmv2] [T] [thread 5000] [2.0] [cxt 0] Condition "node_18" (node_18) is false
[10:15:40.851] [bmv2] [T] [thread 5000] [2.0] [cxt 0] Applying table 'MyIngress.encap_forward_with_tunnel'
[10:15:40.851] [bmv2] [D] [thread 5000] [2.0] [cxt 0] Looking up key:
* standard_metadata.ingress_port: 0004
* hdr.ethernet_1.dstAddr        : 333300000002

[10:15:40.851] [bmv2] [D] [thread 5000] [2.0] [cxt 0] Table 'MyIngress.encap_forward_with_tunnel': miss
[10:15:40.851] [bmv2] [D] [thread 5000] [2.0] [cxt 0] Action entry is NoAction - 
[10:15:40.851] [bmv2] [T] [thread 5000] [2.0] [cxt 0] Action NoAction
[10:15:40.851] [bmv2] [T] [thread 5000] [2.0] [cxt 0] Applying table 'tbl_act_4'
[10:15:40.851] [bmv2] [D] [thread 5000] [2.0] [cxt 0] Looking up key:

[10:15:40.851] [bmv2] [D] [thread 5000] [2.0] [cxt 0] Table 'tbl_act_4': miss
[10:15:40.851] [bmv2] [D] [thread 5000] [2.0] [cxt 0] Action entry is act_4 - 
[10:15:40.851] [bmv2] [T] [thread 5000] [2.0] [cxt 0] Action act_4
[10:15:40.851] [bmv2] [T] [thread 5000] [2.0] [cxt 0] Primitive (no source info)
[10:15:40.851] [bmv2] [T] [thread 5000] [2.0] [cxt 0] Condition "node_23" (node_23) is false
[10:15:40.851] [bmv2] [T] [thread 5000] [2.0] [cxt 0] Applying table 'MyIngress.encap_multicast'
[10:15:40.851] [bmv2] [D] [thread 5000] [2.0] [cxt 0] Looking up key:
* standard_metadata.ingress_port: 0004

[10:15:40.851] [bmv2] [D] [thread 5000] [2.0] [cxt 0] Table 'MyIngress.encap_multicast': miss
[10:15:40.851] [bmv2] [D] [thread 5000] [2.0] [cxt 0] Action entry is NoAction - 
[10:15:40.851] [bmv2] [T] [thread 5000] [2.0] [cxt 0] Action NoAction
[10:15:40.851] [bmv2] [T] [thread 5000] [2.0] [cxt 0] p4src/your_pipeline.p4(225) Condition "hdr.ipv4.isValid()" (node_25) is false
[10:15:40.851] [bmv2] [D] [thread 5000] [2.0] [cxt 0] Pipeline 'ingress': end
[10:15:40.851] [bmv2] [D] [thread 5000] [2.0] [cxt 0] Egress port is 0
[10:15:40.851] [bmv2] [D] [thread 5001] [2.0] [cxt 0] Pipeline 'egress': start
[10:15:40.852] [bmv2] [T] [thread 5001] [2.0] [cxt 0] p4src/your_pipeline.p4(257) Condition "hdr.tunnel.isValid()" (node_29) is false
[10:15:40.852] [bmv2] [D] [thread 5001] [2.0] [cxt 0] Pipeline 'egress': end
[10:15:40.852] [bmv2] [D] [thread 5001] [2.0] [cxt 0] Deparser 'deparser': start
[10:15:40.852] [bmv2] [T] [thread 5001] [2.0] [cxt 0] Skipping checksum 'cksum' update because condition not met
[10:15:40.852] [bmv2] [D] [thread 5001] [2.0] [cxt 0] Deparsing header 'ethernet_1'
[10:15:40.852] [bmv2] [D] [thread 5001] [2.0] [cxt 0] Deparser 'deparser': end
[10:15:40.852] [bmv2] [D] [thread 5005] [2.0] [cxt 0] Transmitting packet of size 70 out of port 0
[10:15:41.362] [bmv2] [D] [thread 5000] [3.0] [cxt 0] Processing packet received on port 5
[10:15:41.362] [bmv2] [D] [thread 5000] [3.0] [cxt 0] Parser 'parser': start
[10:15:41.362] [bmv2] [D] [thread 5000] [3.0] [cxt 0] Parser 'parser' entering state 'start'
[10:15:41.362] [bmv2] [D] [thread 5000] [3.0] [cxt 0] Extracting header 'ethernet_1'
[10:15:41.362] [bmv2] [D] [thread 5000] [3.0] [cxt 0] Parser state 'start': key is 86dd
[10:15:41.362] [bmv2] [T] [thread 5000] [3.0] [cxt 0] Bytes parsed: 14
[10:15:41.362] [bmv2] [D] [thread 5000] [3.0] [cxt 0] Parser 'parser': end
[10:15:41.362] [bmv2] [D] [thread 5000] [3.0] [cxt 0] Pipeline 'ingress': start
[10:15:41.362] [bmv2] [T] [thread 5000] [3.0] [cxt 0] p4src/your_pipeline.p4(211) Condition "hdr.tunnel.isValid()" (node_2) is false
[10:15:41.362] [bmv2] [T] [thread 5000] [3.0] [cxt 0] Applying table 'MyIngress.direct_forward_without_tunnel'
[10:15:41.362] [bmv2] [D] [thread 5000] [3.0] [cxt 0] Looking up key:
* standard_metadata.ingress_port: 0005
* hdr.ethernet_1.dstAddr        : 333300000002

[10:15:41.362] [bmv2] [D] [thread 5000] [3.0] [cxt 0] Table 'MyIngress.direct_forward_without_tunnel': miss
[10:15:41.362] [bmv2] [D] [thread 5000] [3.0] [cxt 0] Action entry is NoAction - 
[10:15:41.362] [bmv2] [T] [thread 5000] [3.0] [cxt 0] Action NoAction
[10:15:41.362] [bmv2] [T] [thread 5000] [3.0] [cxt 0] Applying table 'tbl_act_0'
[10:15:41.362] [bmv2] [D] [thread 5000] [3.0] [cxt 0] Looking up key:

[10:15:41.362] [bmv2] [D] [thread 5000] [3.0] [cxt 0] Table 'tbl_act_0': miss
[10:15:41.362] [bmv2] [D] [thread 5000] [3.0] [cxt 0] Action entry is act_0 - 
[10:15:41.363] [bmv2] [T] [thread 5000] [3.0] [cxt 0] Action act_0
[10:15:41.363] [bmv2] [T] [thread 5000] [3.0] [cxt 0] Primitive (no source info)
[10:15:41.363] [bmv2] [T] [thread 5000] [3.0] [cxt 0] Condition "node_11" (node_11) is false
[10:15:41.363] [bmv2] [T] [thread 5000] [3.0] [cxt 0] p4src/your_pipeline.p4(221) Condition "hdr.tcp.isValid()" (node_12) is true
[10:15:41.363] [bmv2] [T] [thread 5000] [3.0] [cxt 0] Applying table 'tbl_your_pipeline221'
[10:15:41.363] [bmv2] [D] [thread 5000] [3.0] [cxt 0] Looking up key:

[10:15:41.363] [bmv2] [D] [thread 5000] [3.0] [cxt 0] Table 'tbl_your_pipeline221': miss
[10:15:41.363] [bmv2] [D] [thread 5000] [3.0] [cxt 0] Action entry is your_pipeline221 - 
[10:15:41.363] [bmv2] [T] [thread 5000] [3.0] [cxt 0] Action your_pipeline221
[10:15:41.363] [bmv2] [T] [thread 5000] [3.0] [cxt 0] p4src/your_pipeline.p4(221) Primitive hdr.tcp.isValid() && ecmp_group.apply().hit
[10:15:41.363] [bmv2] [T] [thread 5000] [3.0] [cxt 0] Condition "node_18" (node_18) is false
[10:15:41.363] [bmv2] [T] [thread 5000] [3.0] [cxt 0] Applying table 'MyIngress.encap_forward_with_tunnel'
[10:15:41.363] [bmv2] [D] [thread 5000] [3.0] [cxt 0] Looking up key:
* standard_metadata.ingress_port: 0005
* hdr.ethernet_1.dstAddr        : 333300000002

[10:15:41.363] [bmv2] [D] [thread 5000] [3.0] [cxt 0] Table 'MyIngress.encap_forward_with_tunnel': miss
[10:15:41.363] [bmv2] [D] [thread 5000] [3.0] [cxt 0] Action entry is NoAction - 
[10:15:41.363] [bmv2] [T] [thread 5000] [3.0] [cxt 0] Action NoAction
[10:15:41.363] [bmv2] [T] [thread 5000] [3.0] [cxt 0] Applying table 'tbl_act_4'
[10:15:41.363] [bmv2] [D] [thread 5000] [3.0] [cxt 0] Looking up key:

[10:15:41.363] [bmv2] [D] [thread 5000] [3.0] [cxt 0] Table 'tbl_act_4': miss
[10:15:41.363] [bmv2] [D] [thread 5000] [3.0] [cxt 0] Action entry is act_4 - 
[10:15:41.363] [bmv2] [T] [thread 5000] [3.0] [cxt 0] Action act_4
[10:15:41.363] [bmv2] [T] [thread 5000] [3.0] [cxt 0] Primitive (no source info)
[10:15:41.363] [bmv2] [T] [thread 5000] [3.0] [cxt 0] Condition "node_23" (node_23) is false
[10:15:41.363] [bmv2] [T] [thread 5000] [3.0] [cxt 0] Applying table 'MyIngress.encap_multicast'
[10:15:41.363] [bmv2] [D] [thread 5000] [3.0] [cxt 0] Looking up key:
* standard_metadata.ingress_port: 0005

[10:15:41.363] [bmv2] [D] [thread 5000] [3.0] [cxt 0] Table 'MyIngress.encap_multicast': miss
[10:15:41.363] [bmv2] [D] [thread 5000] [3.0] [cxt 0] Action entry is NoAction - 
[10:15:41.363] [bmv2] [T] [thread 5000] [3.0] [cxt 0] Action NoAction
[10:15:41.363] [bmv2] [T] [thread 5000] [3.0] [cxt 0] p4src/your_pipeline.p4(225) Condition "hdr.ipv4.isValid()" (node_25) is false
[10:15:41.363] [bmv2] [D] [thread 5000] [3.0] [cxt 0] Pipeline 'ingress': end
[10:15:41.363] [bmv2] [D] [thread 5000] [3.0] [cxt 0] Egress port is 0
[10:15:41.363] [bmv2] [D] [thread 5001] [3.0] [cxt 0] Pipeline 'egress': start
[10:15:41.363] [bmv2] [T] [thread 5001] [3.0] [cxt 0] p4src/your_pipeline.p4(257) Condition "hdr.tunnel.isValid()" (node_29) is false
[10:15:41.363] [bmv2] [D] [thread 5001] [3.0] [cxt 0] Pipeline 'egress': end
[10:15:41.363] [bmv2] [D] [thread 5001] [3.0] [cxt 0] Deparser 'deparser': start
[10:15:41.363] [bmv2] [T] [thread 5001] [3.0] [cxt 0] Skipping checksum 'cksum' update because condition not met
[10:15:41.363] [bmv2] [D] [thread 5001] [3.0] [cxt 0] Deparsing header 'ethernet_1'
[10:15:41.363] [bmv2] [D] [thread 5001] [3.0] [cxt 0] Deparser 'deparser': end
[10:15:41.363] [bmv2] [D] [thread 5005] [3.0] [cxt 0] Transmitting packet of size 70 out of port 0
[10:15:41.507] [bmv2] [D] [thread 5000] [4.0] [cxt 0] Processing packet received on port 5
[10:15:41.507] [bmv2] [D] [thread 5000] [4.0] [cxt 0] Parser 'parser': start
[10:15:41.507] [bmv2] [D] [thread 5000] [4.0] [cxt 0] Parser 'parser' entering state 'start'
[10:15:41.507] [bmv2] [D] [thread 5000] [4.0] [cxt 0] Extracting header 'ethernet_1'
[10:15:41.507] [bmv2] [D] [thread 5000] [4.0] [cxt 0] Parser state 'start': key is 86dd
[10:15:41.507] [bmv2] [T] [thread 5000] [4.0] [cxt 0] Bytes parsed: 14
[10:15:41.507] [bmv2] [D] [thread 5000] [4.0] [cxt 0] Parser 'parser': end
[10:15:41.507] [bmv2] [D] [thread 5000] [4.0] [cxt 0] Pipeline 'ingress': start
[10:15:41.507] [bmv2] [T] [thread 5000] [4.0] [cxt 0] p4src/your_pipeline.p4(211) Condition "hdr.tunnel.isValid()" (node_2) is false
[10:15:41.507] [bmv2] [T] [thread 5000] [4.0] [cxt 0] Applying table 'MyIngress.direct_forward_without_tunnel'
[10:15:41.507] [bmv2] [D] [thread 5000] [4.0] [cxt 0] Looking up key:
* standard_metadata.ingress_port: 0005
* hdr.ethernet_1.dstAddr        : 333300000002

[10:15:41.507] [bmv2] [D] [thread 5000] [4.0] [cxt 0] Table 'MyIngress.direct_forward_without_tunnel': miss
[10:15:41.507] [bmv2] [D] [thread 5000] [4.0] [cxt 0] Action entry is NoAction - 
[10:15:41.507] [bmv2] [T] [thread 5000] [4.0] [cxt 0] Action NoAction
[10:15:41.507] [bmv2] [T] [thread 5000] [4.0] [cxt 0] Applying table 'tbl_act_0'
[10:15:41.507] [bmv2] [D] [thread 5000] [4.0] [cxt 0] Looking up key:

[10:15:41.507] [bmv2] [D] [thread 5000] [4.0] [cxt 0] Table 'tbl_act_0': miss
[10:15:41.507] [bmv2] [D] [thread 5000] [4.0] [cxt 0] Action entry is act_0 - 
[10:15:41.507] [bmv2] [T] [thread 5000] [4.0] [cxt 0] Action act_0
[10:15:41.507] [bmv2] [T] [thread 5000] [4.0] [cxt 0] Primitive (no source info)
[10:15:41.508] [bmv2] [T] [thread 5000] [4.0] [cxt 0] Condition "node_11" (node_11) is false
[10:15:41.508] [bmv2] [T] [thread 5000] [4.0] [cxt 0] p4src/your_pipeline.p4(221) Condition "hdr.tcp.isValid()" (node_12) is true
[10:15:41.508] [bmv2] [T] [thread 5000] [4.0] [cxt 0] Applying table 'tbl_your_pipeline221'
[10:15:41.508] [bmv2] [D] [thread 5000] [4.0] [cxt 0] Looking up key:

[10:15:41.508] [bmv2] [D] [thread 5000] [4.0] [cxt 0] Table 'tbl_your_pipeline221': miss
[10:15:41.508] [bmv2] [D] [thread 5000] [4.0] [cxt 0] Action entry is your_pipeline221 - 
[10:15:41.508] [bmv2] [T] [thread 5000] [4.0] [cxt 0] Action your_pipeline221
[10:15:41.508] [bmv2] [T] [thread 5000] [4.0] [cxt 0] p4src/your_pipeline.p4(221) Primitive hdr.tcp.isValid() && ecmp_group.apply().hit
[10:15:41.508] [bmv2] [T] [thread 5000] [4.0] [cxt 0] Condition "node_18" (node_18) is false
[10:15:41.508] [bmv2] [T] [thread 5000] [4.0] [cxt 0] Applying table 'MyIngress.encap_forward_with_tunnel'
[10:15:41.508] [bmv2] [D] [thread 5000] [4.0] [cxt 0] Looking up key:
* standard_metadata.ingress_port: 0005
* hdr.ethernet_1.dstAddr        : 333300000002

[10:15:41.508] [bmv2] [D] [thread 5000] [4.0] [cxt 0] Table 'MyIngress.encap_forward_with_tunnel': miss
[10:15:41.508] [bmv2] [D] [thread 5000] [4.0] [cxt 0] Action entry is NoAction - 
[10:15:41.508] [bmv2] [T] [thread 5000] [4.0] [cxt 0] Action NoAction
[10:15:41.508] [bmv2] [T] [thread 5000] [4.0] [cxt 0] Applying table 'tbl_act_4'
[10:15:41.508] [bmv2] [D] [thread 5000] [4.0] [cxt 0] Looking up key:

[10:15:41.508] [bmv2] [D] [thread 5000] [4.0] [cxt 0] Table 'tbl_act_4': miss
[10:15:41.508] [bmv2] [D] [thread 5000] [4.0] [cxt 0] Action entry is act_4 - 
[10:15:41.508] [bmv2] [T] [thread 5000] [4.0] [cxt 0] Action act_4
[10:15:41.508] [bmv2] [T] [thread 5000] [4.0] [cxt 0] Primitive (no source info)
[10:15:41.508] [bmv2] [T] [thread 5000] [4.0] [cxt 0] Condition "node_23" (node_23) is false
[10:15:41.508] [bmv2] [T] [thread 5000] [4.0] [cxt 0] Applying table 'MyIngress.encap_multicast'
[10:15:41.508] [bmv2] [D] [thread 5000] [4.0] [cxt 0] Looking up key:
* standard_metadata.ingress_port: 0005

[10:15:41.508] [bmv2] [D] [thread 5000] [4.0] [cxt 0] Table 'MyIngress.encap_multicast': miss
[10:15:41.508] [bmv2] [D] [thread 5000] [4.0] [cxt 0] Action entry is NoAction - 
[10:15:41.508] [bmv2] [T] [thread 5000] [4.0] [cxt 0] Action NoAction
[10:15:41.508] [bmv2] [T] [thread 5000] [4.0] [cxt 0] p4src/your_pipeline.p4(225) Condition "hdr.ipv4.isValid()" (node_25) is false
[10:15:41.508] [bmv2] [D] [thread 5000] [4.0] [cxt 0] Pipeline 'ingress': end
[10:15:41.508] [bmv2] [D] [thread 5000] [4.0] [cxt 0] Egress port is 0
[10:15:41.508] [bmv2] [D] [thread 5001] [4.0] [cxt 0] Pipeline 'egress': start
[10:15:41.508] [bmv2] [T] [thread 5001] [4.0] [cxt 0] p4src/your_pipeline.p4(257) Condition "hdr.tunnel.isValid()" (node_29) is false
[10:15:41.508] [bmv2] [D] [thread 5001] [4.0] [cxt 0] Pipeline 'egress': end
[10:15:41.508] [bmv2] [D] [thread 5001] [4.0] [cxt 0] Deparser 'deparser': start
[10:15:41.508] [bmv2] [T] [thread 5001] [4.0] [cxt 0] Skipping checksum 'cksum' update because condition not met
[10:15:41.508] [bmv2] [D] [thread 5001] [4.0] [cxt 0] Deparsing header 'ethernet_1'
[10:15:41.508] [bmv2] [D] [thread 5001] [4.0] [cxt 0] Deparser 'deparser': end
[10:15:41.510] [bmv2] [D] [thread 5005] [4.0] [cxt 0] Transmitting packet of size 70 out of port 0
[10:15:43.227] [bmv2] [T] [thread 5154] bm_get_config
[10:15:43.231] [bmv2] [T] [thread 5154] bm_table_add_entry
[10:15:43.231] [bmv2] [D] [thread 5154] Entry 0 added to table 'MyIngress.encap_forward_with_tunnel'
[10:15:43.232] [bmv2] [D] [thread 5154] Dumping entry 0
Match key:
* standard_metadata.ingress_port: EXACT     0001
* hdr.ethernet_1.dstAddr        : EXACT     00000a000001
Action entry: MyIngress.encap_forward_with_tunnel_act - 3,1,1,

[10:15:43.233] [bmv2] [T] [thread 5154] bm_table_add_entry
[10:15:43.233] [bmv2] [D] [thread 5154] Entry 1 added to table 'MyIngress.encap_forward_with_tunnel'
[10:15:43.234] [bmv2] [D] [thread 5154] Dumping entry 1
Match key:
* standard_metadata.ingress_port: EXACT     0001
* hdr.ethernet_1.dstAddr        : EXACT     00000b000002
Action entry: MyIngress.encap_forward_with_tunnel_act - 3,5,1,

[10:15:43.234] [bmv2] [T] [thread 5154] bm_table_add_entry
[10:15:43.235] [bmv2] [D] [thread 5154] Entry 2 added to table 'MyIngress.encap_forward_with_tunnel'
[10:15:43.235] [bmv2] [D] [thread 5154] Dumping entry 2
Match key:
* standard_metadata.ingress_port: EXACT     0002
* hdr.ethernet_1.dstAddr        : EXACT     00000a000001
Action entry: MyIngress.encap_forward_with_tunnel_act - 4,2,1,

[10:15:43.236] [bmv2] [T] [thread 5154] bm_table_add_entry
[10:15:43.236] [bmv2] [D] [thread 5154] Entry 3 added to table 'MyIngress.encap_forward_with_tunnel'
[10:15:43.236] [bmv2] [D] [thread 5154] Dumping entry 3
Match key:
* standard_metadata.ingress_port: EXACT     0002
* hdr.ethernet_1.dstAddr        : EXACT     00000b000002
Action entry: MyIngress.encap_forward_with_tunnel_act - 4,6,1,

[10:15:43.237] [bmv2] [T] [thread 5154] bm_table_add_entry
[10:15:43.237] [bmv2] [D] [thread 5154] Entry 0 added to table 'MyIngress.decap_forward_with_tunnel'
[10:15:43.237] [bmv2] [D] [thread 5154] Dumping entry 0
Match key:
* hdr.ethernet_1.dstAddr: EXACT     00000b000003
* hdr.tunnel.pw_id      : EXACT     0001
Action entry: MyIngress.decap_forward_with_tunnel_act - 1,

[10:15:43.238] [bmv2] [T] [thread 5154] bm_table_add_entry
[10:15:43.238] [bmv2] [D] [thread 5154] Entry 1 added to table 'MyIngress.decap_forward_with_tunnel'
[10:15:43.238] [bmv2] [D] [thread 5154] Dumping entry 1
Match key:
* hdr.ethernet_1.dstAddr: EXACT     00000b000004
* hdr.tunnel.pw_id      : EXACT     0001
Action entry: MyIngress.decap_forward_with_tunnel_act - 2,

[10:15:43.239] [bmv2] [T] [thread 5154] bm_table_add_entry
[10:15:43.239] [bmv2] [D] [thread 5154] Entry 0 added to table 'MyIngress.direct_forward_without_tunnel'
[10:15:43.239] [bmv2] [D] [thread 5154] Dumping entry 0
Match key:
* standard_metadata.ingress_port: EXACT     0001
* hdr.ethernet_1.dstAddr        : EXACT     00000b000004
Action entry: MyIngress.direct_forward_without_tunnel_act - 2,

[10:15:43.240] [bmv2] [T] [thread 5154] bm_table_add_entry
[10:15:43.240] [bmv2] [D] [thread 5154] Entry 1 added to table 'MyIngress.direct_forward_without_tunnel'
[10:15:43.240] [bmv2] [D] [thread 5154] Dumping entry 1
Match key:
* standard_metadata.ingress_port: EXACT     0002
* hdr.ethernet_1.dstAddr        : EXACT     00000b000003
Action entry: MyIngress.direct_forward_without_tunnel_act - 1,

[10:15:43.240] [bmv2] [T] [thread 5154] bm_table_add_entry
[10:15:43.241] [bmv2] [D] [thread 5154] Entry 0 added to table 'MyIngress.ecmp_group'
[10:15:43.241] [bmv2] [D] [thread 5154] Dumping entry 0
Match key:
* standard_metadata.ingress_port: EXACT     0001
* hdr.ethernet_1.dstAddr        : EXACT     00000a000001
Action entry: MyIngress.ecmp_group_act - 1,2,

[10:15:43.241] [bmv2] [T] [thread 5154] bm_table_add_entry
[10:15:43.242] [bmv2] [D] [thread 5154] Entry 1 added to table 'MyIngress.ecmp_group'
[10:15:43.242] [bmv2] [D] [thread 5154] Dumping entry 1
Match key:
* standard_metadata.ingress_port: EXACT     0001
* hdr.ethernet_1.dstAddr        : EXACT     00000b000002
Action entry: MyIngress.ecmp_group_act - 2,2,

[10:15:43.242] [bmv2] [T] [thread 5154] bm_table_add_entry
[10:15:43.242] [bmv2] [D] [thread 5154] Entry 2 added to table 'MyIngress.ecmp_group'
[10:15:43.242] [bmv2] [D] [thread 5154] Dumping entry 2
Match key:
* standard_metadata.ingress_port: EXACT     0002
* hdr.ethernet_1.dstAddr        : EXACT     00000a000001
Action entry: MyIngress.ecmp_group_act - 3,2,

[10:15:43.243] [bmv2] [T] [thread 5154] bm_table_add_entry
[10:15:43.243] [bmv2] [D] [thread 5154] Entry 3 added to table 'MyIngress.ecmp_group'
[10:15:43.243] [bmv2] [D] [thread 5154] Dumping entry 3
Match key:
* standard_metadata.ingress_port: EXACT     0002
* hdr.ethernet_1.dstAddr        : EXACT     00000b000002
Action entry: MyIngress.ecmp_group_act - 4,2,

[10:15:43.244] [bmv2] [T] [thread 5154] bm_table_add_entry
[10:15:43.244] [bmv2] [D] [thread 5154] Entry 0 added to table 'MyIngress.ecmp_forward'
[10:15:43.244] [bmv2] [D] [thread 5154] Dumping entry 0
Match key:
* meta.ecmp_group_id  : EXACT     0001
* meta.ecmp_hash      : EXACT     0000
Action entry: MyIngress.encap_forward_with_tunnel_act - 3,1,1,

[10:15:43.245] [bmv2] [T] [thread 5154] bm_table_add_entry
[10:15:43.245] [bmv2] [D] [thread 5154] Entry 1 added to table 'MyIngress.ecmp_forward'
[10:15:43.245] [bmv2] [D] [thread 5154] Dumping entry 1
Match key:
* meta.ecmp_group_id  : EXACT     0001
* meta.ecmp_hash      : EXACT     0001
Action entry: MyIngress.encap_forward_with_tunnel_act - 4,2,1,

[10:15:43.246] [bmv2] [T] [thread 5154] bm_table_add_entry
[10:15:43.246] [bmv2] [D] [thread 5154] Entry 2 added to table 'MyIngress.ecmp_forward'
[10:15:43.246] [bmv2] [D] [thread 5154] Dumping entry 2
Match key:
* meta.ecmp_group_id  : EXACT     0002
* meta.ecmp_hash      : EXACT     0000
Action entry: MyIngress.encap_forward_with_tunnel_act - 3,5,1,

[10:15:43.246] [bmv2] [T] [thread 5154] bm_table_add_entry
[10:15:43.247] [bmv2] [D] [thread 5154] Entry 3 added to table 'MyIngress.ecmp_forward'
[10:15:43.247] [bmv2] [D] [thread 5154] Dumping entry 3
Match key:
* meta.ecmp_group_id  : EXACT     0002
* meta.ecmp_hash      : EXACT     0001
Action entry: MyIngress.encap_forward_with_tunnel_act - 4,6,1,

[10:15:43.247] [bmv2] [T] [thread 5154] bm_table_add_entry
[10:15:43.247] [bmv2] [D] [thread 5154] Entry 4 added to table 'MyIngress.ecmp_forward'
[10:15:43.247] [bmv2] [D] [thread 5154] Dumping entry 4
Match key:
* meta.ecmp_group_id  : EXACT     0003
* meta.ecmp_hash      : EXACT     0000
Action entry: MyIngress.encap_forward_with_tunnel_act - 3,1,1,

[10:15:43.248] [bmv2] [T] [thread 5154] bm_table_add_entry
[10:15:43.248] [bmv2] [D] [thread 5154] Entry 5 added to table 'MyIngress.ecmp_forward'
[10:15:43.248] [bmv2] [D] [thread 5154] Dumping entry 5
Match key:
* meta.ecmp_group_id  : EXACT     0003
* meta.ecmp_hash      : EXACT     0001
Action entry: MyIngress.encap_forward_with_tunnel_act - 4,2,1,

[10:15:43.249] [bmv2] [T] [thread 5154] bm_table_add_entry
[10:15:43.249] [bmv2] [D] [thread 5154] Entry 6 added to table 'MyIngress.ecmp_forward'
[10:15:43.249] [bmv2] [D] [thread 5154] Dumping entry 6
Match key:
* meta.ecmp_group_id  : EXACT     0004
* meta.ecmp_hash      : EXACT     0000
Action entry: MyIngress.encap_forward_with_tunnel_act - 3,5,1,

[10:15:43.250] [bmv2] [T] [thread 5154] bm_table_add_entry
[10:15:43.250] [bmv2] [D] [thread 5154] Entry 7 added to table 'MyIngress.ecmp_forward'
[10:15:43.250] [bmv2] [D] [thread 5154] Dumping entry 7
Match key:
* meta.ecmp_group_id  : EXACT     0004
* meta.ecmp_hash      : EXACT     0001
Action entry: MyIngress.encap_forward_with_tunnel_act - 4,6,1,

[10:15:43.250] [bmv2] [T] [thread 5154] bm_table_add_entry
[10:15:43.250] [bmv2] [D] [thread 5154] Entry 0 added to table 'MyIngress.table_ipv4'
[10:15:43.250] [bmv2] [D] [thread 5154] Dumping entry 0
Match key:
Action entry: MyIngress.decrease_ipv4_ttl - 

[10:15:43.251] [bmv2] [T] [thread 5154] bm_mc_node_create
[10:15:43.251] [bmv2] [D] [thread 5154] node created for rid 0
[10:15:43.251] [bmv2] [T] [thread 5154] bm_mc_node_create
[10:15:43.251] [bmv2] [D] [thread 5154] node created for rid 1
[10:15:43.251] [bmv2] [T] [thread 5154] bm_mc_node_create
[10:15:43.251] [bmv2] [D] [thread 5154] node created for rid 2
[10:15:43.252] [bmv2] [T] [thread 5154] bm_mc_node_create
[10:15:43.252] [bmv2] [D] [thread 5154] node created for rid 3
[10:15:43.252] [bmv2] [T] [thread 5154] bm_mc_mgrp_create
[10:15:43.252] [bmv2] [D] [thread 5154] mgrp node created for mgid 1
[10:15:43.252] [bmv2] [T] [thread 5154] bm_mc_node_associate
[10:15:43.252] [bmv2] [D] [thread 5154] node associated with mgid 1
[10:15:43.253] [bmv2] [T] [thread 5154] bm_mc_mgrp_create
[10:15:43.253] [bmv2] [D] [thread 5154] mgrp node created for mgid 2
[10:15:43.253] [bmv2] [T] [thread 5154] bm_mc_node_associate
[10:15:43.253] [bmv2] [D] [thread 5154] node associated with mgid 2
[10:15:43.253] [bmv2] [T] [thread 5154] bm_mc_mgrp_create
[10:15:43.253] [bmv2] [D] [thread 5154] mgrp node created for mgid 3
[10:15:43.254] [bmv2] [T] [thread 5154] bm_mc_node_associate
[10:15:43.254] [bmv2] [D] [thread 5154] node associated with mgid 3
[10:15:43.254] [bmv2] [T] [thread 5154] bm_mc_mgrp_create
[10:15:43.254] [bmv2] [D] [thread 5154] mgrp node created for mgid 4
[10:15:43.254] [bmv2] [T] [thread 5154] bm_mc_node_associate
[10:15:43.254] [bmv2] [D] [thread 5154] node associated with mgid 4
[10:15:43.255] [bmv2] [T] [thread 5154] bm_table_add_entry
[10:15:43.255] [bmv2] [D] [thread 5154] Entry 0 added to table 'MyIngress.encap_multicast'
[10:15:43.255] [bmv2] [D] [thread 5154] Dumping entry 0
Match key:
* standard_metadata.ingress_port: EXACT     0001
Action entry: MyIngress.encap_multicast_act - 1,1,

[10:15:43.255] [bmv2] [T] [thread 5154] bm_table_add_entry
[10:15:43.255] [bmv2] [D] [thread 5154] Entry 1 added to table 'MyIngress.encap_multicast'
[10:15:43.255] [bmv2] [D] [thread 5154] Dumping entry 1
Match key:
* standard_metadata.ingress_port: EXACT     0002
Action entry: MyIngress.encap_multicast_act - 1,1,

[10:15:43.256] [bmv2] [T] [thread 5154] bm_table_add_entry
[10:15:43.256] [bmv2] [D] [thread 5154] Entry 0 added to table 'MyEgress.encap_multicast_egress_decap'
[10:15:43.256] [bmv2] [D] [thread 5154] Dumping entry 0
Match key:
* standard_metadata.egress_port: EXACT     0003
Action entry: NoAction - 

[10:15:43.256] [bmv2] [T] [thread 5154] bm_table_add_entry
[10:15:43.257] [bmv2] [D] [thread 5154] Entry 1 added to table 'MyEgress.encap_multicast_egress_decap'
[10:15:43.257] [bmv2] [D] [thread 5154] Dumping entry 1
Match key:
* standard_metadata.egress_port: EXACT     0004
Action entry: NoAction - 

[10:15:43.257] [bmv2] [T] [thread 5154] bm_table_add_entry
[10:15:43.257] [bmv2] [D] [thread 5154] Entry 0 added to table 'MyIngress.decap_multicast'
[10:15:43.257] [bmv2] [D] [thread 5154] Dumping entry 0
Match key:
* hdr.tunnel.pw_id    : EXACT     0001
Action entry: MyIngress.decap_multicast_act - 3,

[10:15:43.258] [bmv2] [T] [thread 5154] bm_table_add_entry
[10:15:43.258] [bmv2] [D] [thread 5154] Entry 1 added to table 'MyIngress.decap_multicast'
[10:15:43.258] [bmv2] [D] [thread 5154] Dumping entry 1
Match key:
* hdr.tunnel.pw_id    : EXACT     0002
Action entry: MyIngress.decap_multicast_act - 4,

[10:17:10.310] [bmv2] [T] [thread 5275] bm_get_config
[10:17:10.312] [bmv2] [T] [thread 5275] bm_mt_get_entries
[10:17:10.313] [bmv2] [T] [thread 5275] bm_mt_get_entries
[10:17:10.315] [bmv2] [T] [thread 5275] bm_mt_get_entries
[10:17:10.315] [bmv2] [T] [thread 5275] bm_mt_get_entries
[10:17:10.316] [bmv2] [T] [thread 5275] bm_mt_get_entries
[10:17:10.318] [bmv2] [T] [thread 5275] bm_mt_get_entries
[10:17:10.318] [bmv2] [T] [thread 5275] bm_mt_get_entries
[10:17:10.319] [bmv2] [T] [thread 5275] bm_mt_get_entries
[10:17:10.320] [bmv2] [T] [thread 5275] bm_mt_get_entries
[10:17:10.321] [bmv2] [T] [thread 5275] bm_mt_get_entries
[10:17:10.321] [bmv2] [T] [thread 5275] bm_mt_get_entries
[10:17:10.322] [bmv2] [T] [thread 5275] bm_mt_get_entries
[10:17:10.322] [bmv2] [T] [thread 5275] bm_mt_get_entries
[10:17:10.323] [bmv2] [T] [thread 5275] bm_mt_get_entries
[10:17:10.324] [bmv2] [T] [thread 5275] bm_mt_get_entries
[10:17:10.324] [bmv2] [T] [thread 5275] bm_mt_get_entries
[10:17:10.325] [bmv2] [T] [thread 5275] bm_mt_get_entries
[10:17:10.329] [bmv2] [T] [thread 5275] bm_mt_get_entries
[10:17:10.329] [bmv2] [T] [thread 5275] bm_mt_get_entries
[10:17:10.370] [bmv2] [T] [thread 5275] bm_reset_state
[10:17:10.376] [bmv2] [D] [thread 5275] Resetting simple_switch target-specific state
[10:17:10.376] [bmv2] [D] [thread 5275] resetting PRE state
[10:17:10.386] [bmv2] [T] [thread 5280] mirroring_sesssion_add
[10:17:10.432] [bmv2] [T] [thread 5288] bm_get_config
[10:17:10.435] [bmv2] [T] [thread 5288] bm_mt_get_entries
[10:17:10.436] [bmv2] [T] [thread 5288] bm_mt_get_entries
[10:17:10.437] [bmv2] [T] [thread 5288] bm_mt_get_entries
[10:17:10.438] [bmv2] [T] [thread 5288] bm_mt_get_entries
[10:17:10.438] [bmv2] [T] [thread 5288] bm_mt_get_entries
[10:17:10.439] [bmv2] [T] [thread 5288] bm_mt_get_entries
[10:17:10.440] [bmv2] [T] [thread 5288] bm_mt_get_entries
[10:17:10.440] [bmv2] [T] [thread 5288] bm_mt_get_entries
[10:17:10.441] [bmv2] [T] [thread 5288] bm_mt_get_entries
[10:17:10.441] [bmv2] [T] [thread 5288] bm_mt_get_entries
[10:17:10.442] [bmv2] [T] [thread 5288] bm_mt_get_entries
[10:17:10.442] [bmv2] [T] [thread 5288] bm_mt_get_entries
[10:17:10.442] [bmv2] [T] [thread 5288] bm_mt_get_entries
[10:17:10.443] [bmv2] [T] [thread 5288] bm_mt_get_entries
[10:17:10.443] [bmv2] [T] [thread 5288] bm_mt_get_entries
[10:17:10.444] [bmv2] [T] [thread 5288] bm_mt_get_entries
[10:17:10.444] [bmv2] [T] [thread 5288] bm_mt_get_entries
[10:17:10.444] [bmv2] [T] [thread 5288] bm_mt_get_entries
[10:17:10.445] [bmv2] [T] [thread 5288] bm_mt_get_entries
[10:17:53.920] [bmv2] [T] [thread 5363] bm_get_config
[10:17:53.922] [bmv2] [T] [thread 5363] bm_mt_get_entries
[10:17:53.922] [bmv2] [T] [thread 5363] bm_mt_get_entries
[10:17:53.923] [bmv2] [T] [thread 5363] bm_mt_get_entries
[10:17:53.923] [bmv2] [T] [thread 5363] bm_mt_get_entries
[10:17:53.923] [bmv2] [T] [thread 5363] bm_mt_get_entries
[10:17:53.924] [bmv2] [T] [thread 5363] bm_mt_get_entries
[10:17:53.924] [bmv2] [T] [thread 5363] bm_mt_get_entries
[10:17:53.925] [bmv2] [T] [thread 5363] bm_mt_get_entries
[10:17:53.925] [bmv2] [T] [thread 5363] bm_mt_get_entries
[10:17:53.925] [bmv2] [T] [thread 5363] bm_mt_get_entries
[10:17:53.926] [bmv2] [T] [thread 5363] bm_mt_get_entries
[10:17:53.926] [bmv2] [T] [thread 5363] bm_mt_get_entries
[10:17:53.927] [bmv2] [T] [thread 5363] bm_mt_get_entries
[10:17:53.927] [bmv2] [T] [thread 5363] bm_mt_get_entries
[10:17:53.927] [bmv2] [T] [thread 5363] bm_mt_get_entries
[10:17:53.927] [bmv2] [T] [thread 5363] bm_mt_get_entries
[10:17:53.928] [bmv2] [T] [thread 5363] bm_mt_get_entries
[10:17:53.928] [bmv2] [T] [thread 5363] bm_mt_get_entries
[10:17:53.928] [bmv2] [T] [thread 5363] bm_mt_get_entries
[10:17:53.955] [bmv2] [T] [thread 5363] bm_reset_state
[10:17:53.961] [bmv2] [D] [thread 5363] Resetting simple_switch target-specific state
[10:17:53.961] [bmv2] [D] [thread 5363] resetting PRE state
[10:17:53.971] [bmv2] [T] [thread 5368] mirroring_sesssion_add
[10:17:54.015] [bmv2] [T] [thread 5376] bm_get_config
[10:17:54.019] [bmv2] [T] [thread 5376] bm_mt_get_entries
[10:17:54.019] [bmv2] [T] [thread 5376] bm_mt_get_entries
[10:17:54.021] [bmv2] [T] [thread 5376] bm_mt_get_entries
[10:17:54.022] [bmv2] [T] [thread 5376] bm_mt_get_entries
[10:17:54.023] [bmv2] [T] [thread 5376] bm_mt_get_entries
[10:17:54.024] [bmv2] [T] [thread 5376] bm_mt_get_entries
[10:17:54.025] [bmv2] [T] [thread 5376] bm_mt_get_entries
[10:17:54.026] [bmv2] [T] [thread 5376] bm_mt_get_entries
[10:17:54.027] [bmv2] [T] [thread 5376] bm_mt_get_entries
[10:17:54.027] [bmv2] [T] [thread 5376] bm_mt_get_entries
[10:17:54.030] [bmv2] [T] [thread 5376] bm_mt_get_entries
[10:17:54.032] [bmv2] [T] [thread 5376] bm_mt_get_entries
[10:17:54.032] [bmv2] [T] [thread 5376] bm_mt_get_entries
[10:17:54.033] [bmv2] [T] [thread 5376] bm_mt_get_entries
[10:17:54.034] [bmv2] [T] [thread 5376] bm_mt_get_entries
[10:17:54.034] [bmv2] [T] [thread 5376] bm_mt_get_entries
[10:17:54.034] [bmv2] [T] [thread 5376] bm_mt_get_entries
[10:17:54.034] [bmv2] [T] [thread 5376] bm_mt_get_entries
[10:17:54.035] [bmv2] [T] [thread 5376] bm_mt_get_entries
[10:18:22.037] [bmv2] [T] [thread 5456] bm_get_config
[10:18:22.041] [bmv2] [T] [thread 5456] bm_mt_get_entries
[10:18:22.042] [bmv2] [T] [thread 5456] bm_mt_get_entries
[10:18:22.042] [bmv2] [T] [thread 5456] bm_mt_get_entries
[10:18:22.042] [bmv2] [T] [thread 5456] bm_mt_get_entries
[10:18:22.042] [bmv2] [T] [thread 5456] bm_mt_get_entries
[10:18:22.042] [bmv2] [T] [thread 5456] bm_mt_get_entries
[10:18:22.042] [bmv2] [T] [thread 5456] bm_mt_get_entries
[10:18:22.042] [bmv2] [T] [thread 5456] bm_mt_get_entries
[10:18:22.043] [bmv2] [T] [thread 5456] bm_mt_get_entries
[10:18:22.043] [bmv2] [T] [thread 5456] bm_mt_get_entries
[10:18:22.043] [bmv2] [T] [thread 5456] bm_mt_get_entries
[10:18:22.044] [bmv2] [T] [thread 5456] bm_mt_get_entries
[10:18:22.044] [bmv2] [T] [thread 5456] bm_mt_get_entries
[10:18:22.044] [bmv2] [T] [thread 5456] bm_mt_get_entries
[10:18:22.044] [bmv2] [T] [thread 5456] bm_mt_get_entries
[10:18:22.045] [bmv2] [T] [thread 5456] bm_mt_get_entries
[10:18:22.045] [bmv2] [T] [thread 5456] bm_mt_get_entries
[10:18:22.045] [bmv2] [T] [thread 5456] bm_mt_get_entries
[10:18:22.045] [bmv2] [T] [thread 5456] bm_mt_get_entries
[10:18:22.119] [bmv2] [T] [thread 5456] bm_reset_state
[10:18:22.133] [bmv2] [D] [thread 5456] Resetting simple_switch target-specific state
[10:18:22.133] [bmv2] [D] [thread 5456] resetting PRE state
[10:18:22.144] [bmv2] [T] [thread 5461] mirroring_sesssion_add
[10:18:22.214] [bmv2] [T] [thread 5469] bm_get_config
[10:18:22.217] [bmv2] [T] [thread 5469] bm_mt_get_entries
[10:18:22.217] [bmv2] [T] [thread 5469] bm_mt_get_entries
[10:18:22.217] [bmv2] [T] [thread 5469] bm_mt_get_entries
[10:18:22.218] [bmv2] [T] [thread 5469] bm_mt_get_entries
[10:18:22.218] [bmv2] [T] [thread 5469] bm_mt_get_entries
[10:18:22.218] [bmv2] [T] [thread 5469] bm_mt_get_entries
[10:18:22.218] [bmv2] [T] [thread 5469] bm_mt_get_entries
[10:18:22.219] [bmv2] [T] [thread 5469] bm_mt_get_entries
[10:18:22.219] [bmv2] [T] [thread 5469] bm_mt_get_entries
[10:18:22.219] [bmv2] [T] [thread 5469] bm_mt_get_entries
[10:18:22.220] [bmv2] [T] [thread 5469] bm_mt_get_entries
[10:18:22.221] [bmv2] [T] [thread 5469] bm_mt_get_entries
[10:18:22.222] [bmv2] [T] [thread 5469] bm_mt_get_entries
[10:18:22.223] [bmv2] [T] [thread 5469] bm_mt_get_entries
[10:18:22.223] [bmv2] [T] [thread 5469] bm_mt_get_entries
[10:18:22.224] [bmv2] [T] [thread 5469] bm_mt_get_entries
[10:18:22.224] [bmv2] [T] [thread 5469] bm_mt_get_entries
[10:18:22.224] [bmv2] [T] [thread 5469] bm_mt_get_entries
[10:18:22.225] [bmv2] [T] [thread 5469] bm_mt_get_entries
